input_1 False
block1_conv1 False
block1_conv2 False
block1_pool False
block2_conv1 False
block2_conv2 False
block2_pool False
block3_conv1 False
block3_conv2 False
block3_conv3 False
block3_pool False
block4_conv1 False
block4_conv2 False
block4_conv3 False
block4_pool False
block5_conv1 False
block5_conv2 False
block5_conv3 False
block5_pool False
flatten False
fc1 False
fc2 False
predictions True
Found 1881 images belonging to 8 classes.
Found 807 images belonging to 8 classes.
Found 807 images belonging to 8 classes.
Epoch 1/20

 1/13 [=>............................] - ETA: 28s - loss: 3.4496 - accuracy: 0.0312
 2/13 [===>..........................] - ETA: 15s - loss: 2.8242 - accuracy: 0.1562
 3/13 [=====>........................] - ETA: 9s - loss: 2.7116 - accuracy: 0.1562 
 4/13 [========>.....................] - ETA: 6s - loss: 2.3752 - accuracy: 0.2344
 5/13 [==========>...................] - ETA: 4s - loss: 2.1731 - accuracy: 0.2875
 6/13 [============>.................] - ETA: 3s - loss: 1.9613 - accuracy: 0.3490
 7/13 [===============>..............] - ETA: 2s - loss: 1.8046 - accuracy: 0.3973
 8/13 [=================>............] - ETA: 2s - loss: 1.6359 - accuracy: 0.4609
 9/13 [===================>..........] - ETA: 1s - loss: 1.5201 - accuracy: 0.4965
10/13 [======================>.......] - ETA: 1s - loss: 1.4436 - accuracy: 0.5219
11/13 [========================>.....] - ETA: 0s - loss: 1.3930 - accuracy: 0.5426
12/13 [==========================>...] - ETA: 0s - loss: 1.3333 - accuracy: 0.5625
13/13 [==============================] - 7s 516ms/step - loss: 1.2558 - accuracy: 0.5889 - val_loss: 0.6247 - val_accuracy: 0.8055
Epoch 2/20

 1/13 [=>............................] - ETA: 1s - loss: 0.4820 - accuracy: 0.8438
 2/13 [===>..........................] - ETA: 1s - loss: 0.5416 - accuracy: 0.8438
 3/13 [=====>........................] - ETA: 1s - loss: 0.5060 - accuracy: 0.8646
 4/13 [========>.....................] - ETA: 0s - loss: 0.4621 - accuracy: 0.8750
 5/13 [==========>...................] - ETA: 0s - loss: 0.4347 - accuracy: 0.8750
 6/13 [============>.................] - ETA: 0s - loss: 0.4064 - accuracy: 0.8698
 7/13 [===============>..............] - ETA: 0s - loss: 0.4016 - accuracy: 0.8661
 8/13 [=================>............] - ETA: 0s - loss: 0.4077 - accuracy: 0.8633
 9/13 [===================>..........] - ETA: 0s - loss: 0.4222 - accuracy: 0.8646
10/13 [======================>.......] - ETA: 0s - loss: 0.4250 - accuracy: 0.8594
11/13 [========================>.....] - ETA: 0s - loss: 0.4352 - accuracy: 0.8608
12/13 [==========================>...] - ETA: 0s - loss: 0.4299 - accuracy: 0.8594
13/13 [==============================] - 4s 270ms/step - loss: 0.4229 - accuracy: 0.8606 - val_loss: 0.0327 - val_accuracy: 0.8835
Epoch 3/20

 1/13 [=>............................] - ETA: 1s - loss: 0.3711 - accuracy: 0.9062
 2/13 [===>..........................] - ETA: 1s - loss: 0.3044 - accuracy: 0.8906
 3/13 [=====>........................] - ETA: 0s - loss: 0.2592 - accuracy: 0.9062
 4/13 [========>.....................] - ETA: 0s - loss: 0.2914 - accuracy: 0.8906
 5/13 [==========>...................] - ETA: 0s - loss: 0.2870 - accuracy: 0.8875
 6/13 [============>.................] - ETA: 0s - loss: 0.2569 - accuracy: 0.9062
 7/13 [===============>..............] - ETA: 1s - loss: 0.2702 - accuracy: 0.9032
 8/13 [=================>............] - ETA: 0s - loss: 0.2895 - accuracy: 0.8956
 9/13 [===================>..........] - ETA: 0s - loss: 0.2763 - accuracy: 0.9004
10/13 [======================>.......] - ETA: 0s - loss: 0.2710 - accuracy: 0.9042
11/13 [========================>.....] - ETA: 0s - loss: 0.2769 - accuracy: 0.9043
12/13 [==========================>...] - ETA: 0s - loss: 0.2732 - accuracy: 0.9072
13/13 [==============================] - 4s 314ms/step - loss: 0.2939 - accuracy: 0.8973 - val_loss: 0.2416 - val_accuracy: 0.8971
Epoch 4/20

 1/13 [=>............................] - ETA: 1s - loss: 0.3139 - accuracy: 0.8750
 2/13 [===>..........................] - ETA: 1s - loss: 0.3045 - accuracy: 0.9062
 3/13 [=====>........................] - ETA: 1s - loss: 0.2502 - accuracy: 0.9271
 4/13 [========>.....................] - ETA: 0s - loss: 0.3086 - accuracy: 0.8984
 5/13 [==========>...................] - ETA: 0s - loss: 0.3069 - accuracy: 0.8938
 6/13 [============>.................] - ETA: 0s - loss: 0.2946 - accuracy: 0.8906
 7/13 [===============>..............] - ETA: 0s - loss: 0.2760 - accuracy: 0.9018
 8/13 [=================>............] - ETA: 0s - loss: 0.2481 - accuracy: 0.9141
 9/13 [===================>..........] - ETA: 0s - loss: 0.2867 - accuracy: 0.8993
10/13 [======================>.......] - ETA: 0s - loss: 0.3112 - accuracy: 0.8969
11/13 [========================>.....] - ETA: 0s - loss: 0.2994 - accuracy: 0.9006
12/13 [==========================>...] - ETA: 0s - loss: 0.3206 - accuracy: 0.8880
13/13 [==============================] - 4s 277ms/step - loss: 0.3151 - accuracy: 0.8894 - val_loss: 0.0327 - val_accuracy: 0.9145
Epoch 5/20

 1/13 [=>............................] - ETA: 1s - loss: 0.1948 - accuracy: 0.9375
 2/13 [===>..........................] - ETA: 1s - loss: 0.1701 - accuracy: 0.9531
 3/13 [=====>........................] - ETA: 1s - loss: 0.2117 - accuracy: 0.9167
 4/13 [========>.....................] - ETA: 0s - loss: 0.2157 - accuracy: 0.9141
 5/13 [==========>...................] - ETA: 0s - loss: 0.2155 - accuracy: 0.9125
 6/13 [============>.................] - ETA: 0s - loss: 0.2010 - accuracy: 0.9219
 7/13 [===============>..............] - ETA: 0s - loss: 0.2384 - accuracy: 0.9152
 8/13 [=================>............] - ETA: 0s - loss: 0.2360 - accuracy: 0.9141
 9/13 [===================>..........] - ETA: 0s - loss: 0.2354 - accuracy: 0.9167
10/13 [======================>.......] - ETA: 0s - loss: 0.2309 - accuracy: 0.9156
11/13 [========================>.....] - ETA: 0s - loss: 0.2275 - accuracy: 0.9176
12/13 [==========================>...] - ETA: 0s - loss: 0.2205 - accuracy: 0.9167
13/13 [==============================] - 4s 302ms/step - loss: 0.2150 - accuracy: 0.9183 - val_loss: 0.7817 - val_accuracy: 0.9108
Epoch 6/20

 1/13 [=>............................] - ETA: 1s - loss: 0.0543 - accuracy: 1.0000
 2/13 [===>..........................] - ETA: 1s - loss: 0.1650 - accuracy: 0.9375
 3/13 [=====>........................] - ETA: 0s - loss: 0.1380 - accuracy: 0.9583
 4/13 [========>.....................] - ETA: 0s - loss: 0.1290 - accuracy: 0.9609
 5/13 [==========>...................] - ETA: 0s - loss: 0.1191 - accuracy: 0.9625
 6/13 [============>.................] - ETA: 0s - loss: 0.1268 - accuracy: 0.9531
 7/13 [===============>..............] - ETA: 0s - loss: 0.1854 - accuracy: 0.9420
 8/13 [=================>............] - ETA: 0s - loss: 0.1747 - accuracy: 0.9453
 9/13 [===================>..........] - ETA: 0s - loss: 0.1734 - accuracy: 0.9444
10/13 [======================>.......] - ETA: 0s - loss: 0.1710 - accuracy: 0.9469
11/13 [========================>.....] - ETA: 0s - loss: 0.1855 - accuracy: 0.9432
12/13 [==========================>...] - ETA: 0s - loss: 0.1759 - accuracy: 0.9479
13/13 [==============================] - 3s 254ms/step - loss: 0.1730 - accuracy: 0.9495 - val_loss: 0.0593 - val_accuracy: 0.9133
Epoch 7/20

 1/13 [=>............................] - ETA: 1s - loss: 0.1240 - accuracy: 0.9688
 2/13 [===>..........................] - ETA: 1s - loss: 0.1850 - accuracy: 0.9531
 3/13 [=====>........................] - ETA: 0s - loss: 0.2007 - accuracy: 0.9271
 4/13 [========>.....................] - ETA: 0s - loss: 0.1874 - accuracy: 0.9297
 5/13 [==========>...................] - ETA: 0s - loss: 0.2108 - accuracy: 0.9250
 6/13 [============>.................] - ETA: 0s - loss: 0.2082 - accuracy: 0.9271
 7/13 [===============>..............] - ETA: 0s - loss: 0.1955 - accuracy: 0.9330
 8/13 [=================>............] - ETA: 0s - loss: 0.1801 - accuracy: 0.9375
 9/13 [===================>..........] - ETA: 0s - loss: 0.1696 - accuracy: 0.9410
10/13 [======================>.......] - ETA: 0s - loss: 0.1584 - accuracy: 0.9469
11/13 [========================>.....] - ETA: 0s - loss: 0.1677 - accuracy: 0.9432
12/13 [==========================>...] - ETA: 0s - loss: 0.1608 - accuracy: 0.9453
13/13 [==============================] - 3s 255ms/step - loss: 0.1535 - accuracy: 0.9471 - val_loss: 0.0082 - val_accuracy: 0.9133
Epoch 8/20

 1/13 [=>............................] - ETA: 1s - loss: 0.2602 - accuracy: 0.9375
 2/13 [===>..........................] - ETA: 0s - loss: 0.1876 - accuracy: 0.9375
 3/13 [=====>........................] - ETA: 0s - loss: 0.1568 - accuracy: 0.9479
 4/13 [========>.....................] - ETA: 0s - loss: 0.1836 - accuracy: 0.9375
 5/13 [==========>...................] - ETA: 0s - loss: 0.1708 - accuracy: 0.9500
 6/13 [============>.................] - ETA: 0s - loss: 0.1640 - accuracy: 0.9531
 7/13 [===============>..............] - ETA: 0s - loss: 0.1462 - accuracy: 0.9598
 8/13 [=================>............] - ETA: 0s - loss: 0.1465 - accuracy: 0.9558
 9/13 [===================>..........] - ETA: 0s - loss: 0.1543 - accuracy: 0.9502
10/13 [======================>.......] - ETA: 0s - loss: 0.1795 - accuracy: 0.9425
11/13 [========================>.....] - ETA: 0s - loss: 0.1831 - accuracy: 0.9391
12/13 [==========================>...] - ETA: 0s - loss: 0.1732 - accuracy: 0.9416
13/13 [==============================] - 3s 262ms/step - loss: 0.1687 - accuracy: 0.9462 - val_loss: 1.2464 - val_accuracy: 0.9306
Epoch 9/20

 1/13 [=>............................] - ETA: 1s - loss: 0.1567 - accuracy: 0.9375
 2/13 [===>..........................] - ETA: 1s - loss: 0.1393 - accuracy: 0.9531
 3/13 [=====>........................] - ETA: 0s - loss: 0.1761 - accuracy: 0.9375
 4/13 [========>.....................] - ETA: 0s - loss: 0.1827 - accuracy: 0.9297
 5/13 [==========>...................] - ETA: 0s - loss: 0.1882 - accuracy: 0.9312
 6/13 [============>.................] - ETA: 0s - loss: 0.2194 - accuracy: 0.9219
 7/13 [===============>..............] - ETA: 0s - loss: 0.2304 - accuracy: 0.9241
 8/13 [=================>............] - ETA: 0s - loss: 0.2335 - accuracy: 0.9219
 9/13 [===================>..........] - ETA: 0s - loss: 0.2333 - accuracy: 0.9201
10/13 [======================>.......] - ETA: 0s - loss: 0.2265 - accuracy: 0.9219
11/13 [========================>.....] - ETA: 0s - loss: 0.2196 - accuracy: 0.9233
12/13 [==========================>...] - ETA: 0s - loss: 0.2320 - accuracy: 0.9219
13/13 [==============================] - 3s 264ms/step - loss: 0.2361 - accuracy: 0.9231 - val_loss: 0.6500 - val_accuracy: 0.9133
Epoch 10/20

 1/13 [=>............................] - ETA: 1s - loss: 0.2190 - accuracy: 0.9062
 2/13 [===>..........................] - ETA: 1s - loss: 0.1696 - accuracy: 0.9375
 3/13 [=====>........................] - ETA: 1s - loss: 0.1765 - accuracy: 0.9375
 4/13 [========>.....................] - ETA: 1s - loss: 0.2128 - accuracy: 0.9141
 5/13 [==========>...................] - ETA: 1s - loss: 0.2086 - accuracy: 0.9125
 6/13 [============>.................] - ETA: 1s - loss: 0.2015 - accuracy: 0.9167
 7/13 [===============>..............] - ETA: 0s - loss: 0.1910 - accuracy: 0.9241
 8/13 [=================>............] - ETA: 0s - loss: 0.2022 - accuracy: 0.9219
 9/13 [===================>..........] - ETA: 0s - loss: 0.1846 - accuracy: 0.9306
10/13 [======================>.......] - ETA: 0s - loss: 0.1724 - accuracy: 0.9375
11/13 [========================>.....] - ETA: 0s - loss: 0.1677 - accuracy: 0.9375
12/13 [==========================>...] - ETA: 0s - loss: 0.1710 - accuracy: 0.9349
13/13 [==============================] - 4s 307ms/step - loss: 0.1679 - accuracy: 0.9351 - val_loss: 0.7706 - val_accuracy: 0.8996
Epoch 11/20

 1/13 [=>............................] - ETA: 1s - loss: 0.2707 - accuracy: 0.9062
 2/13 [===>..........................] - ETA: 0s - loss: 0.1487 - accuracy: 0.9531
 3/13 [=====>........................] - ETA: 0s - loss: 0.1294 - accuracy: 0.9583
 4/13 [========>.....................] - ETA: 0s - loss: 0.1138 - accuracy: 0.9609
 5/13 [==========>...................] - ETA: 0s - loss: 0.1012 - accuracy: 0.9688
 6/13 [============>.................] - ETA: 0s - loss: 0.1289 - accuracy: 0.9635
 7/13 [===============>..............] - ETA: 0s - loss: 0.1178 - accuracy: 0.9688
 8/13 [=================>............] - ETA: 0s - loss: 0.1056 - accuracy: 0.9727
 9/13 [===================>..........] - ETA: 0s - loss: 0.1053 - accuracy: 0.9722
10/13 [======================>.......] - ETA: 0s - loss: 0.0993 - accuracy: 0.9750
11/13 [========================>.....] - ETA: 0s - loss: 0.1001 - accuracy: 0.9744
12/13 [==========================>...] - ETA: 0s - loss: 0.1015 - accuracy: 0.9740
13/13 [==============================] - 3s 263ms/step - loss: 0.1027 - accuracy: 0.9736 - val_loss: 0.3096 - val_accuracy: 0.9108
Epoch 12/20

 1/13 [=>............................] - ETA: 1s - loss: 0.1184 - accuracy: 0.9375
 2/13 [===>..........................] - ETA: 1s - loss: 0.2094 - accuracy: 0.9219
 3/13 [=====>........................] - ETA: 0s - loss: 0.1710 - accuracy: 0.9375
 4/13 [========>.....................] - ETA: 0s - loss: 0.1663 - accuracy: 0.9421
 5/13 [==========>...................] - ETA: 0s - loss: 0.1597 - accuracy: 0.9412
 6/13 [============>.................] - ETA: 0s - loss: 0.1429 - accuracy: 0.9459
 7/13 [===============>..............] - ETA: 0s - loss: 0.1461 - accuracy: 0.9447
 8/13 [=================>............] - ETA: 0s - loss: 0.1398 - accuracy: 0.9478
 9/13 [===================>..........] - ETA: 0s - loss: 0.1512 - accuracy: 0.9502
10/13 [======================>.......] - ETA: 0s - loss: 0.1396 - accuracy: 0.9553
11/13 [========================>.....] - ETA: 0s - loss: 0.1517 - accuracy: 0.9507
12/13 [==========================>...] - ETA: 0s - loss: 0.1647 - accuracy: 0.9496
13/13 [==============================] - 3s 264ms/step - loss: 0.1576 - accuracy: 0.9511 - val_loss: 0.3889 - val_accuracy: 0.9046
Epoch 13/20

 1/13 [=>............................] - ETA: 1s - loss: 0.1313 - accuracy: 0.9375
 2/13 [===>..........................] - ETA: 1s - loss: 0.1331 - accuracy: 0.9688
 3/13 [=====>........................] - ETA: 0s - loss: 0.0984 - accuracy: 0.9792
 4/13 [========>.....................] - ETA: 0s - loss: 0.1060 - accuracy: 0.9688
 5/13 [==========>...................] - ETA: 0s - loss: 0.1269 - accuracy: 0.9563
 6/13 [============>.................] - ETA: 0s - loss: 0.1246 - accuracy: 0.9531
 7/13 [===============>..............] - ETA: 0s - loss: 0.1175 - accuracy: 0.9554
 8/13 [=================>............] - ETA: 0s - loss: 0.1085 - accuracy: 0.9609
 9/13 [===================>..........] - ETA: 0s - loss: 0.1062 - accuracy: 0.9618
10/13 [======================>.......] - ETA: 0s - loss: 0.1045 - accuracy: 0.9594
11/13 [========================>.....] - ETA: 0s - loss: 0.1114 - accuracy: 0.9574
12/13 [==========================>...] - ETA: 0s - loss: 0.1068 - accuracy: 0.9583
13/13 [==============================] - 4s 269ms/step - loss: 0.1073 - accuracy: 0.9567 - val_loss: 0.0211 - val_accuracy: 0.9145
Epoch 14/20

 1/13 [=>............................] - ETA: 1s - loss: 0.1381 - accuracy: 0.9688
 2/13 [===>..........................] - ETA: 0s - loss: 0.1696 - accuracy: 0.9688
 3/13 [=====>........................] - ETA: 0s - loss: 0.1879 - accuracy: 0.9583
 4/13 [========>.....................] - ETA: 0s - loss: 0.1807 - accuracy: 0.9531
 5/13 [==========>...................] - ETA: 0s - loss: 0.2334 - accuracy: 0.9500
 6/13 [============>.................] - ETA: 0s - loss: 0.2085 - accuracy: 0.9531
 7/13 [===============>..............] - ETA: 0s - loss: 0.1928 - accuracy: 0.9554
 8/13 [=================>............] - ETA: 0s - loss: 0.1730 - accuracy: 0.9609
 9/13 [===================>..........] - ETA: 0s - loss: 0.1601 - accuracy: 0.9618
10/13 [======================>.......] - ETA: 0s - loss: 0.1534 - accuracy: 0.9594
11/13 [========================>.....] - ETA: 0s - loss: 0.1535 - accuracy: 0.9545
12/13 [==========================>...] - ETA: 0s - loss: 0.1436 - accuracy: 0.9583
13/13 [==============================] - 4s 284ms/step - loss: 0.1352 - accuracy: 0.9615 - val_loss: 0.0498 - val_accuracy: 0.9294
Epoch 15/20

 1/13 [=>............................] - ETA: 1s - loss: 0.0213 - accuracy: 1.0000
 2/13 [===>..........................] - ETA: 1s - loss: 0.0524 - accuracy: 0.9844
 3/13 [=====>........................] - ETA: 0s - loss: 0.0952 - accuracy: 0.9792
 4/13 [========>.....................] - ETA: 0s - loss: 0.0764 - accuracy: 0.9844
 5/13 [==========>...................] - ETA: 0s - loss: 0.0705 - accuracy: 0.9875
 6/13 [============>.................] - ETA: 0s - loss: 0.0673 - accuracy: 0.9896
 7/13 [===============>..............] - ETA: 0s - loss: 0.0640 - accuracy: 0.9911
 8/13 [=================>............] - ETA: 0s - loss: 0.0785 - accuracy: 0.9805
 9/13 [===================>..........] - ETA: 0s - loss: 0.0750 - accuracy: 0.9826
10/13 [======================>.......] - ETA: 0s - loss: 0.0750 - accuracy: 0.9812
11/13 [========================>.....] - ETA: 0s - loss: 0.0723 - accuracy: 0.9830
12/13 [==========================>...] - ETA: 0s - loss: 0.0696 - accuracy: 0.9844
13/13 [==============================] - 3s 264ms/step - loss: 0.0667 - accuracy: 0.9856 - val_loss: 0.0763 - val_accuracy: 0.9294
Epoch 16/20

 1/13 [=>............................] - ETA: 0s - loss: 0.0294 - accuracy: 1.0000
 2/13 [===>..........................] - ETA: 0s - loss: 0.0483 - accuracy: 1.0000
 3/13 [=====>........................] - ETA: 0s - loss: 0.0641 - accuracy: 0.9896
 4/13 [========>.....................] - ETA: 0s - loss: 0.0618 - accuracy: 0.9922
 5/13 [==========>...................] - ETA: 0s - loss: 0.0703 - accuracy: 0.9875
 6/13 [============>.................] - ETA: 0s - loss: 0.0669 - accuracy: 0.9896
 7/13 [===============>..............] - ETA: 0s - loss: 0.1198 - accuracy: 0.9777
 8/13 [=================>............] - ETA: 0s - loss: 0.1198 - accuracy: 0.9727
 9/13 [===================>..........] - ETA: 0s - loss: 0.1189 - accuracy: 0.9722
10/13 [======================>.......] - ETA: 0s - loss: 0.1117 - accuracy: 0.9750
11/13 [========================>.....] - ETA: 0s - loss: 0.1081 - accuracy: 0.9744
12/13 [==========================>...] - ETA: 0s - loss: 0.1021 - accuracy: 0.9766
13/13 [==============================] - 3s 258ms/step - loss: 0.0968 - accuracy: 0.9784 - val_loss: 0.6173 - val_accuracy: 0.9145
Epoch 17/20

 1/13 [=>............................] - ETA: 1s - loss: 0.0538 - accuracy: 0.9688
 2/13 [===>..........................] - ETA: 1s - loss: 0.0325 - accuracy: 0.9844
 3/13 [=====>........................] - ETA: 0s - loss: 0.0508 - accuracy: 0.9792
 4/13 [========>.....................] - ETA: 0s - loss: 0.0648 - accuracy: 0.9766
 5/13 [==========>...................] - ETA: 0s - loss: 0.0580 - accuracy: 0.9812
 6/13 [============>.................] - ETA: 0s - loss: 0.0756 - accuracy: 0.9740
 7/13 [===============>..............] - ETA: 0s - loss: 0.1007 - accuracy: 0.9688
 8/13 [=================>............] - ETA: 0s - loss: 0.0977 - accuracy: 0.9727
 9/13 [===================>..........] - ETA: 0s - loss: 0.1029 - accuracy: 0.9618
10/13 [======================>.......] - ETA: 0s - loss: 0.1086 - accuracy: 0.9563
11/13 [========================>.....] - ETA: 0s - loss: 0.1138 - accuracy: 0.9545
12/13 [==========================>...] - ETA: 0s - loss: 0.1255 - accuracy: 0.9505
13/13 [==============================] - 4s 270ms/step - loss: 0.1249 - accuracy: 0.9519 - val_loss: 0.0634 - val_accuracy: 0.9281
Epoch 18/20

 1/13 [=>............................] - ETA: 1s - loss: 0.1045 - accuracy: 0.9688
 2/13 [===>..........................] - ETA: 1s - loss: 0.1167 - accuracy: 0.9531
 3/13 [=====>........................] - ETA: 0s - loss: 0.1152 - accuracy: 0.9551
 4/13 [========>.....................] - ETA: 0s - loss: 0.1141 - accuracy: 0.9504
 5/13 [==========>...................] - ETA: 0s - loss: 0.1127 - accuracy: 0.9477
 6/13 [============>.................] - ETA: 0s - loss: 0.1021 - accuracy: 0.9568
 7/13 [===============>..............] - ETA: 0s - loss: 0.0949 - accuracy: 0.9631
 8/13 [=================>............] - ETA: 0s - loss: 0.0909 - accuracy: 0.9639
 9/13 [===================>..........] - ETA: 0s - loss: 0.0863 - accuracy: 0.9644
10/13 [======================>.......] - ETA: 0s - loss: 0.1009 - accuracy: 0.9585
11/13 [========================>.....] - ETA: 0s - loss: 0.1028 - accuracy: 0.9565
12/13 [==========================>...] - ETA: 0s - loss: 0.1085 - accuracy: 0.9496
13/13 [==============================] - 3s 263ms/step - loss: 0.1031 - accuracy: 0.9535 - val_loss: 0.6146 - val_accuracy: 0.9232
Epoch 19/20

 1/13 [=>............................] - ETA: 1s - loss: 0.0598 - accuracy: 1.0000
 2/13 [===>..........................] - ETA: 1s - loss: 0.0461 - accuracy: 1.0000
 3/13 [=====>........................] - ETA: 1s - loss: 0.0488 - accuracy: 1.0000
 4/13 [========>.....................] - ETA: 1s - loss: 0.0422 - accuracy: 1.0000
 5/13 [==========>...................] - ETA: 0s - loss: 0.0501 - accuracy: 0.9935
 6/13 [============>.................] - ETA: 0s - loss: 0.0718 - accuracy: 0.9838
 7/13 [===============>..............] - ETA: 0s - loss: 0.0675 - accuracy: 0.9862
 8/13 [=================>............] - ETA: 0s - loss: 0.0723 - accuracy: 0.9799
 9/13 [===================>..........] - ETA: 0s - loss: 0.0718 - accuracy: 0.9786
10/13 [======================>.......] - ETA: 0s - loss: 0.1007 - accuracy: 0.9776
11/13 [========================>.....] - ETA: 0s - loss: 0.0930 - accuracy: 0.9797
12/13 [==========================>...] - ETA: 0s - loss: 0.0905 - accuracy: 0.9814
13/13 [==============================] - 4s 289ms/step - loss: 0.0904 - accuracy: 0.9804 - val_loss: 0.0705 - val_accuracy: 0.9244
Epoch 20/20

 1/13 [=>............................] - ETA: 1s - loss: 0.0629 - accuracy: 1.0000
 2/13 [===>..........................] - ETA: 1s - loss: 0.0886 - accuracy: 0.9844
 3/13 [=====>........................] - ETA: 0s - loss: 0.0724 - accuracy: 0.9792
 4/13 [========>.....................] - ETA: 0s - loss: 0.0594 - accuracy: 0.9844
 5/13 [==========>...................] - ETA: 0s - loss: 0.0565 - accuracy: 0.9875
 6/13 [============>.................] - ETA: 0s - loss: 0.0535 - accuracy: 0.9896
 7/13 [===============>..............] - ETA: 0s - loss: 0.0622 - accuracy: 0.9866
 8/13 [=================>............] - ETA: 0s - loss: 0.0756 - accuracy: 0.9844
 9/13 [===================>..........] - ETA: 0s - loss: 0.0724 - accuracy: 0.9861
10/13 [======================>.......] - ETA: 0s - loss: 0.0673 - accuracy: 0.9875
11/13 [========================>.....] - ETA: 0s - loss: 0.0676 - accuracy: 0.9886
12/13 [==========================>...] - ETA: 0s - loss: 0.0646 - accuracy: 0.9896
13/13 [==============================] - 3s 260ms/step - loss: 0.0613 - accuracy: 0.9904 - val_loss: 0.1202 - val_accuracy: 0.9306
[0.3932923376560211, 0.930536150932312]
