input_1 False
block1_conv1 False
block1_conv2 False
block1_pool False
block2_conv1 False
block2_conv2 False
block2_pool False
block3_conv1 False
block3_conv2 False
block3_conv3 False
block3_pool False
block4_conv1 False
block4_conv2 False
block4_conv3 False
block4_pool False
block5_conv1 False
block5_conv2 False
block5_conv3 False
block5_pool False
flatten False
fc1 False
fc2 False
predictions True
Found 1881 images belonging to 8 classes.
Found 807 images belonging to 8 classes.
Found 807 images belonging to 8 classes.
Epoch 1/20

 1/13 [=>............................] - ETA: 29s - loss: 2.7384 - accuracy: 0.1562
 2/13 [===>..........................] - ETA: 16s - loss: 2.4246 - accuracy: 0.2500
 3/13 [=====>........................] - ETA: 10s - loss: 1.9740 - accuracy: 0.3646
 4/13 [========>.....................] - ETA: 7s - loss: 1.7084 - accuracy: 0.4297 
 5/13 [==========>...................] - ETA: 5s - loss: 1.6151 - accuracy: 0.4250
 6/13 [============>.................] - ETA: 4s - loss: 1.6013 - accuracy: 0.4375
 7/13 [===============>..............] - ETA: 3s - loss: 1.5035 - accuracy: 0.4643
 8/13 [=================>............] - ETA: 2s - loss: 1.4597 - accuracy: 0.4727
 9/13 [===================>..........] - ETA: 1s - loss: 1.3589 - accuracy: 0.5139
10/13 [======================>.......] - ETA: 1s - loss: 1.2669 - accuracy: 0.5469
11/13 [========================>.....] - ETA: 0s - loss: 1.1853 - accuracy: 0.5824
12/13 [==========================>...] - ETA: 0s - loss: 1.1136 - accuracy: 0.6120
13/13 [==============================] - 7s 546ms/step - loss: 1.0664 - accuracy: 0.6274 - val_loss: 0.3789 - val_accuracy: 0.8563
Epoch 2/20

 1/13 [=>............................] - ETA: 1s - loss: 0.3375 - accuracy: 0.8750
 2/13 [===>..........................] - ETA: 1s - loss: 0.4573 - accuracy: 0.8438
 3/13 [=====>........................] - ETA: 0s - loss: 0.3984 - accuracy: 0.8750
 4/13 [========>.....................] - ETA: 0s - loss: 0.3591 - accuracy: 0.8672
 5/13 [==========>...................] - ETA: 0s - loss: 0.3836 - accuracy: 0.8562
 6/13 [============>.................] - ETA: 0s - loss: 0.3566 - accuracy: 0.8750
 7/13 [===============>..............] - ETA: 0s - loss: 0.3571 - accuracy: 0.8750
 8/13 [=================>............] - ETA: 0s - loss: 0.3728 - accuracy: 0.8750
 9/13 [===================>..........] - ETA: 0s - loss: 0.3693 - accuracy: 0.8750
10/13 [======================>.......] - ETA: 0s - loss: 0.3635 - accuracy: 0.8813
11/13 [========================>.....] - ETA: 0s - loss: 0.3586 - accuracy: 0.8778
12/13 [==========================>...] - ETA: 0s - loss: 0.3491 - accuracy: 0.8802
13/13 [==============================] - 3s 261ms/step - loss: 0.3371 - accuracy: 0.8846 - val_loss: 0.2202 - val_accuracy: 0.9033
Epoch 3/20

 1/13 [=>............................] - ETA: 1s - loss: 0.2523 - accuracy: 0.8750
 2/13 [===>..........................] - ETA: 1s - loss: 0.3350 - accuracy: 0.8438
 3/13 [=====>........................] - ETA: 0s - loss: 0.3273 - accuracy: 0.8646
 4/13 [========>.....................] - ETA: 0s - loss: 0.3199 - accuracy: 0.8594
 5/13 [==========>...................] - ETA: 0s - loss: 0.2983 - accuracy: 0.8750
 6/13 [============>.................] - ETA: 0s - loss: 0.2793 - accuracy: 0.8854
 7/13 [===============>..............] - ETA: 0s - loss: 0.2584 - accuracy: 0.8929
 8/13 [=================>............] - ETA: 0s - loss: 0.2918 - accuracy: 0.8867
 9/13 [===================>..........] - ETA: 0s - loss: 0.2853 - accuracy: 0.8889
10/13 [======================>.......] - ETA: 0s - loss: 0.2826 - accuracy: 0.8906
11/13 [========================>.....] - ETA: 0s - loss: 0.2841 - accuracy: 0.8807
12/13 [==========================>...] - ETA: 0s - loss: 0.2843 - accuracy: 0.8854
13/13 [==============================] - 4s 312ms/step - loss: 0.2895 - accuracy: 0.8875 - val_loss: 0.1886 - val_accuracy: 0.9133
Epoch 4/20

 1/13 [=>............................] - ETA: 1s - loss: 0.5412 - accuracy: 0.8438
 2/13 [===>..........................] - ETA: 1s - loss: 0.3302 - accuracy: 0.9062
 3/13 [=====>........................] - ETA: 1s - loss: 0.3460 - accuracy: 0.8854
 4/13 [========>.....................] - ETA: 0s - loss: 0.3264 - accuracy: 0.8906
 5/13 [==========>...................] - ETA: 0s - loss: 0.3415 - accuracy: 0.8938
 6/13 [============>.................] - ETA: 0s - loss: 0.3368 - accuracy: 0.8854
 7/13 [===============>..............] - ETA: 0s - loss: 0.3266 - accuracy: 0.8884
 8/13 [=================>............] - ETA: 0s - loss: 0.3299 - accuracy: 0.8867
 9/13 [===================>..........] - ETA: 0s - loss: 0.3346 - accuracy: 0.8854
10/13 [======================>.......] - ETA: 0s - loss: 0.3224 - accuracy: 0.8875
11/13 [========================>.....] - ETA: 0s - loss: 0.3166 - accuracy: 0.8920
12/13 [==========================>...] - ETA: 0s - loss: 0.3065 - accuracy: 0.8958
13/13 [==============================] - 3s 257ms/step - loss: 0.2955 - accuracy: 0.8990 - val_loss: 0.3300 - val_accuracy: 0.9120
Epoch 5/20

 1/13 [=>............................] - ETA: 1s - loss: 0.1742 - accuracy: 0.9375
 2/13 [===>..........................] - ETA: 1s - loss: 0.2041 - accuracy: 0.9375
 3/13 [=====>........................] - ETA: 0s - loss: 0.3490 - accuracy: 0.8958
 4/13 [========>.....................] - ETA: 0s - loss: 0.3379 - accuracy: 0.8906
 5/13 [==========>...................] - ETA: 0s - loss: 0.3900 - accuracy: 0.8813
 6/13 [============>.................] - ETA: 0s - loss: 0.3763 - accuracy: 0.8802
 7/13 [===============>..............] - ETA: 0s - loss: 0.3508 - accuracy: 0.8929
 8/13 [=================>............] - ETA: 0s - loss: 0.3294 - accuracy: 0.8984
 9/13 [===================>..........] - ETA: 0s - loss: 0.3131 - accuracy: 0.9028
10/13 [======================>.......] - ETA: 0s - loss: 0.3160 - accuracy: 0.8969
11/13 [========================>.....] - ETA: 0s - loss: 0.3051 - accuracy: 0.8977
12/13 [==========================>...] - ETA: 0s - loss: 0.2931 - accuracy: 0.8984
13/13 [==============================] - 4s 290ms/step - loss: 0.3018 - accuracy: 0.8942 - val_loss: 0.0500 - val_accuracy: 0.9195
Epoch 6/20

 1/13 [=>............................] - ETA: 1s - loss: 0.1282 - accuracy: 0.9688
 2/13 [===>..........................] - ETA: 1s - loss: 0.1555 - accuracy: 0.9531
 3/13 [=====>........................] - ETA: 0s - loss: 0.1306 - accuracy: 0.9583
 4/13 [========>.....................] - ETA: 0s - loss: 0.1382 - accuracy: 0.9609
 5/13 [==========>...................] - ETA: 0s - loss: 0.1641 - accuracy: 0.9438
 6/13 [============>.................] - ETA: 0s - loss: 0.1644 - accuracy: 0.9427
 7/13 [===============>..............] - ETA: 0s - loss: 0.1694 - accuracy: 0.9375
 8/13 [=================>............] - ETA: 0s - loss: 0.1635 - accuracy: 0.9414
 9/13 [===================>..........] - ETA: 0s - loss: 0.1511 - accuracy: 0.9479
10/13 [======================>.......] - ETA: 0s - loss: 0.1739 - accuracy: 0.9438
11/13 [========================>.....] - ETA: 0s - loss: 0.1691 - accuracy: 0.9460
12/13 [==========================>...] - ETA: 0s - loss: 0.1825 - accuracy: 0.9401
13/13 [==============================] - 3s 262ms/step - loss: 0.1766 - accuracy: 0.9447 - val_loss: 0.0114 - val_accuracy: 0.8947
Epoch 7/20

 1/13 [=>............................] - ETA: 1s - loss: 0.1875 - accuracy: 0.9688
 2/13 [===>..........................] - ETA: 0s - loss: 0.1649 - accuracy: 0.9688
 3/13 [=====>........................] - ETA: 0s - loss: 0.1529 - accuracy: 0.9688
 4/13 [========>.....................] - ETA: 0s - loss: 0.1481 - accuracy: 0.9688
 5/13 [==========>...................] - ETA: 0s - loss: 0.1544 - accuracy: 0.9563
 6/13 [============>.................] - ETA: 0s - loss: 0.1387 - accuracy: 0.9635
 7/13 [===============>..............] - ETA: 0s - loss: 0.1297 - accuracy: 0.9643
 8/13 [=================>............] - ETA: 0s - loss: 0.1352 - accuracy: 0.9648
 9/13 [===================>..........] - ETA: 0s - loss: 0.1420 - accuracy: 0.9618
10/13 [======================>.......] - ETA: 0s - loss: 0.1419 - accuracy: 0.9594
11/13 [========================>.....] - ETA: 0s - loss: 0.1426 - accuracy: 0.9602
12/13 [==========================>...] - ETA: 0s - loss: 0.1522 - accuracy: 0.9557
13/13 [==============================] - 3s 263ms/step - loss: 0.1569 - accuracy: 0.9519 - val_loss: 0.0201 - val_accuracy: 0.9108
Epoch 8/20

 1/13 [=>............................] - ETA: 1s - loss: 0.4141 - accuracy: 0.9375
 2/13 [===>..........................] - ETA: 1s - loss: 0.4242 - accuracy: 0.9219
 3/13 [=====>........................] - ETA: 1s - loss: 0.3167 - accuracy: 0.9375
 4/13 [========>.....................] - ETA: 0s - loss: 0.2968 - accuracy: 0.9297
 5/13 [==========>...................] - ETA: 0s - loss: 0.2555 - accuracy: 0.9438
 6/13 [============>.................] - ETA: 0s - loss: 0.2274 - accuracy: 0.9479
 7/13 [===============>..............] - ETA: 0s - loss: 0.2038 - accuracy: 0.9554
 8/13 [=================>............] - ETA: 0s - loss: 0.1924 - accuracy: 0.9570
 9/13 [===================>..........] - ETA: 0s - loss: 0.1866 - accuracy: 0.9583
10/13 [======================>.......] - ETA: 0s - loss: 0.1727 - accuracy: 0.9617
11/13 [========================>.....] - ETA: 0s - loss: 0.1687 - accuracy: 0.9623
12/13 [==========================>...] - ETA: 0s - loss: 0.1600 - accuracy: 0.9655
13/13 [==============================] - 4s 273ms/step - loss: 0.1811 - accuracy: 0.9560 - val_loss: 0.0634 - val_accuracy: 0.9257
Epoch 9/20

 1/13 [=>............................] - ETA: 1s - loss: 0.1736 - accuracy: 0.9375
 2/13 [===>..........................] - ETA: 1s - loss: 0.1377 - accuracy: 0.9375
 3/13 [=====>........................] - ETA: 0s - loss: 0.1103 - accuracy: 0.9583
 4/13 [========>.....................] - ETA: 0s - loss: 0.1018 - accuracy: 0.9609
 5/13 [==========>...................] - ETA: 0s - loss: 0.1088 - accuracy: 0.9625
 6/13 [============>.................] - ETA: 0s - loss: 0.1035 - accuracy: 0.9688
 7/13 [===============>..............] - ETA: 0s - loss: 0.1244 - accuracy: 0.9509
 8/13 [=================>............] - ETA: 0s - loss: 0.1395 - accuracy: 0.9453
 9/13 [===================>..........] - ETA: 0s - loss: 0.1482 - accuracy: 0.9444
10/13 [======================>.......] - ETA: 0s - loss: 0.1472 - accuracy: 0.9469
11/13 [========================>.....] - ETA: 0s - loss: 0.1596 - accuracy: 0.9432
12/13 [==========================>...] - ETA: 0s - loss: 0.1713 - accuracy: 0.9401
13/13 [==============================] - 4s 270ms/step - loss: 0.1748 - accuracy: 0.9399 - val_loss: 0.0616 - val_accuracy: 0.9269
Epoch 10/20

 1/13 [=>............................] - ETA: 1s - loss: 0.1147 - accuracy: 0.9688
 2/13 [===>..........................] - ETA: 2s - loss: 0.0865 - accuracy: 0.9844
 3/13 [=====>........................] - ETA: 1s - loss: 0.0998 - accuracy: 0.9688
 4/13 [========>.....................] - ETA: 1s - loss: 0.1027 - accuracy: 0.9688
 5/13 [==========>...................] - ETA: 1s - loss: 0.0905 - accuracy: 0.9750
 6/13 [============>.................] - ETA: 1s - loss: 0.0908 - accuracy: 0.9740
 7/13 [===============>..............] - ETA: 0s - loss: 0.0878 - accuracy: 0.9732
 8/13 [=================>............] - ETA: 0s - loss: 0.0835 - accuracy: 0.9766
 9/13 [===================>..........] - ETA: 0s - loss: 0.0858 - accuracy: 0.9757
10/13 [======================>.......] - ETA: 0s - loss: 0.0936 - accuracy: 0.9688
11/13 [========================>.....] - ETA: 0s - loss: 0.0908 - accuracy: 0.9688
12/13 [==========================>...] - ETA: 0s - loss: 0.0977 - accuracy: 0.9688
13/13 [==============================] - 4s 323ms/step - loss: 0.0940 - accuracy: 0.9712 - val_loss: 0.0580 - val_accuracy: 0.9294
Epoch 11/20

 1/13 [=>............................] - ETA: 1s - loss: 0.0727 - accuracy: 0.9688
 2/13 [===>..........................] - ETA: 1s - loss: 0.0675 - accuracy: 0.9844
 3/13 [=====>........................] - ETA: 0s - loss: 0.0714 - accuracy: 0.9792
 4/13 [========>.....................] - ETA: 0s - loss: 0.0901 - accuracy: 0.9688
 5/13 [==========>...................] - ETA: 0s - loss: 0.1019 - accuracy: 0.9688
 6/13 [============>.................] - ETA: 0s - loss: 0.1124 - accuracy: 0.9635
 7/13 [===============>..............] - ETA: 0s - loss: 0.1057 - accuracy: 0.9688
 8/13 [=================>............] - ETA: 0s - loss: 0.1369 - accuracy: 0.9570
 9/13 [===================>..........] - ETA: 0s - loss: 0.1414 - accuracy: 0.9583
10/13 [======================>.......] - ETA: 0s - loss: 0.1402 - accuracy: 0.9594
11/13 [========================>.....] - ETA: 0s - loss: 0.1443 - accuracy: 0.9536
12/13 [==========================>...] - ETA: 0s - loss: 0.1435 - accuracy: 0.9523
13/13 [==============================] - 3s 264ms/step - loss: 0.1496 - accuracy: 0.9487 - val_loss: 0.4482 - val_accuracy: 0.9380
Epoch 12/20

 1/13 [=>............................] - ETA: 1s - loss: 0.3139 - accuracy: 0.8438
 2/13 [===>..........................] - ETA: 0s - loss: 0.1819 - accuracy: 0.9219
 3/13 [=====>........................] - ETA: 0s - loss: 0.1679 - accuracy: 0.9271
 4/13 [========>.....................] - ETA: 0s - loss: 0.1373 - accuracy: 0.9453
 5/13 [==========>...................] - ETA: 0s - loss: 0.1244 - accuracy: 0.9500
 6/13 [============>.................] - ETA: 0s - loss: 0.1223 - accuracy: 0.9531
 7/13 [===============>..............] - ETA: 0s - loss: 0.1165 - accuracy: 0.9598
 8/13 [=================>............] - ETA: 0s - loss: 0.1091 - accuracy: 0.9648
 9/13 [===================>..........] - ETA: 0s - loss: 0.1024 - accuracy: 0.9688
10/13 [======================>.......] - ETA: 0s - loss: 0.1075 - accuracy: 0.9656
11/13 [========================>.....] - ETA: 0s - loss: 0.1305 - accuracy: 0.9659
12/13 [==========================>...] - ETA: 0s - loss: 0.1233 - accuracy: 0.9688
13/13 [==============================] - 3s 260ms/step - loss: 0.1231 - accuracy: 0.9663 - val_loss: 0.1190 - val_accuracy: 0.9294
Epoch 13/20

 1/13 [=>............................] - ETA: 1s - loss: 0.3654 - accuracy: 0.9062
 2/13 [===>..........................] - ETA: 1s - loss: 0.2242 - accuracy: 0.9219
 3/13 [=====>........................] - ETA: 0s - loss: 0.2183 - accuracy: 0.9375
 4/13 [========>.....................] - ETA: 0s - loss: 0.1923 - accuracy: 0.9453
 5/13 [==========>...................] - ETA: 0s - loss: 0.1676 - accuracy: 0.9563
 6/13 [============>.................] - ETA: 0s - loss: 0.1622 - accuracy: 0.9479
 7/13 [===============>..............] - ETA: 0s - loss: 0.1640 - accuracy: 0.9420
 8/13 [=================>............] - ETA: 0s - loss: 0.1937 - accuracy: 0.9375
 9/13 [===================>..........] - ETA: 0s - loss: 0.1820 - accuracy: 0.9410
10/13 [======================>.......] - ETA: 0s - loss: 0.1773 - accuracy: 0.9438
11/13 [========================>.....] - ETA: 0s - loss: 0.1850 - accuracy: 0.9403
12/13 [==========================>...] - ETA: 0s - loss: 0.1917 - accuracy: 0.9349
13/13 [==============================] - 3s 265ms/step - loss: 0.1929 - accuracy: 0.9327 - val_loss: 0.0273 - val_accuracy: 0.9318
Epoch 14/20

 1/13 [=>............................] - ETA: 1s - loss: 0.0916 - accuracy: 0.9375
 2/13 [===>..........................] - ETA: 1s - loss: 0.0814 - accuracy: 0.9688
 3/13 [=====>........................] - ETA: 0s - loss: 0.1182 - accuracy: 0.9375
 4/13 [========>.....................] - ETA: 0s - loss: 0.0933 - accuracy: 0.9531
 5/13 [==========>...................] - ETA: 0s - loss: 0.0789 - accuracy: 0.9625
 6/13 [============>.................] - ETA: 0s - loss: 0.0693 - accuracy: 0.9688
 7/13 [===============>..............] - ETA: 0s - loss: 0.0773 - accuracy: 0.9643
 8/13 [=================>............] - ETA: 0s - loss: 0.0800 - accuracy: 0.9648
 9/13 [===================>..........] - ETA: 0s - loss: 0.0838 - accuracy: 0.9618
10/13 [======================>.......] - ETA: 0s - loss: 0.0781 - accuracy: 0.9656
11/13 [========================>.....] - ETA: 0s - loss: 0.0732 - accuracy: 0.9688
12/13 [==========================>...] - ETA: 0s - loss: 0.0700 - accuracy: 0.9714
13/13 [==============================] - 4s 282ms/step - loss: 0.0682 - accuracy: 0.9712 - val_loss: 0.0303 - val_accuracy: 0.9269
Epoch 15/20

 1/13 [=>............................] - ETA: 1s - loss: 0.0901 - accuracy: 0.9688
 2/13 [===>..........................] - ETA: 1s - loss: 0.0766 - accuracy: 0.9688
 3/13 [=====>........................] - ETA: 0s - loss: 0.0564 - accuracy: 0.9792
 4/13 [========>.....................] - ETA: 0s - loss: 0.0481 - accuracy: 0.9844
 5/13 [==========>...................] - ETA: 0s - loss: 0.0661 - accuracy: 0.9688
 6/13 [============>.................] - ETA: 0s - loss: 0.0802 - accuracy: 0.9635
 7/13 [===============>..............] - ETA: 0s - loss: 0.0714 - accuracy: 0.9688
 8/13 [=================>............] - ETA: 0s - loss: 0.0685 - accuracy: 0.9727
 9/13 [===================>..........] - ETA: 0s - loss: 0.0777 - accuracy: 0.9688
10/13 [======================>.......] - ETA: 0s - loss: 0.0801 - accuracy: 0.9688
11/13 [========================>.....] - ETA: 0s - loss: 0.0753 - accuracy: 0.9710
12/13 [==========================>...] - ETA: 0s - loss: 0.0829 - accuracy: 0.9708
13/13 [==============================] - 4s 274ms/step - loss: 0.0879 - accuracy: 0.9682 - val_loss: 0.4607 - val_accuracy: 0.9207
Epoch 16/20

 1/13 [=>............................] - ETA: 1s - loss: 0.0555 - accuracy: 0.9688
 2/13 [===>..........................] - ETA: 1s - loss: 0.0367 - accuracy: 0.9844
 3/13 [=====>........................] - ETA: 0s - loss: 0.0655 - accuracy: 0.9792
 4/13 [========>.....................] - ETA: 0s - loss: 0.0765 - accuracy: 0.9766
 5/13 [==========>...................] - ETA: 0s - loss: 0.1069 - accuracy: 0.9750
 6/13 [============>.................] - ETA: 0s - loss: 0.1084 - accuracy: 0.9688
 7/13 [===============>..............] - ETA: 0s - loss: 0.0976 - accuracy: 0.9732
 8/13 [=================>............] - ETA: 0s - loss: 0.0945 - accuracy: 0.9727
 9/13 [===================>..........] - ETA: 0s - loss: 0.0939 - accuracy: 0.9722
10/13 [======================>.......] - ETA: 0s - loss: 0.0979 - accuracy: 0.9719
11/13 [========================>.....] - ETA: 0s - loss: 0.1088 - accuracy: 0.9688
12/13 [==========================>...] - ETA: 0s - loss: 0.1038 - accuracy: 0.9714
13/13 [==============================] - 4s 275ms/step - loss: 0.1053 - accuracy: 0.9712 - val_loss: 0.2756 - val_accuracy: 0.9244
Epoch 17/20

 1/13 [=>............................] - ETA: 1s - loss: 0.1013 - accuracy: 0.9375
 2/13 [===>..........................] - ETA: 1s - loss: 0.1195 - accuracy: 0.9375
 3/13 [=====>........................] - ETA: 1s - loss: 0.1051 - accuracy: 0.9479
 4/13 [========>.....................] - ETA: 0s - loss: 0.0996 - accuracy: 0.9531
 5/13 [==========>...................] - ETA: 0s - loss: 0.0836 - accuracy: 0.9625
 6/13 [============>.................] - ETA: 0s - loss: 0.0820 - accuracy: 0.9688
 7/13 [===============>..............] - ETA: 0s - loss: 0.1254 - accuracy: 0.9688
 8/13 [=================>............] - ETA: 0s - loss: 0.1141 - accuracy: 0.9727
 9/13 [===================>..........] - ETA: 0s - loss: 0.1118 - accuracy: 0.9722
10/13 [======================>.......] - ETA: 0s - loss: 0.1059 - accuracy: 0.9750
11/13 [========================>.....] - ETA: 0s - loss: 0.1012 - accuracy: 0.9744
12/13 [==========================>...] - ETA: 0s - loss: 0.0948 - accuracy: 0.9766
13/13 [==============================] - 3s 267ms/step - loss: 0.0907 - accuracy: 0.9760 - val_loss: 0.6760 - val_accuracy: 0.9281
Epoch 18/20

 1/13 [=>............................] - ETA: 1s - loss: 0.0630 - accuracy: 0.9688
 2/13 [===>..........................] - ETA: 1s - loss: 0.0622 - accuracy: 0.9844
 3/13 [=====>........................] - ETA: 0s - loss: 0.0605 - accuracy: 0.9896
 4/13 [========>.....................] - ETA: 0s - loss: 0.0810 - accuracy: 0.9766
 5/13 [==========>...................] - ETA: 0s - loss: 0.1087 - accuracy: 0.9625
 6/13 [============>.................] - ETA: 0s - loss: 0.1000 - accuracy: 0.9688
 7/13 [===============>..............] - ETA: 0s - loss: 0.1005 - accuracy: 0.9643
 8/13 [=================>............] - ETA: 0s - loss: 0.0961 - accuracy: 0.9609
 9/13 [===================>..........] - ETA: 0s - loss: 0.0949 - accuracy: 0.9618
10/13 [======================>.......] - ETA: 0s - loss: 0.0904 - accuracy: 0.9625
11/13 [========================>.....] - ETA: 0s - loss: 0.0943 - accuracy: 0.9631
12/13 [==========================>...] - ETA: 0s - loss: 0.0971 - accuracy: 0.9609
13/13 [==============================] - 4s 277ms/step - loss: 0.0992 - accuracy: 0.9615 - val_loss: 0.1866 - val_accuracy: 0.9306
Epoch 19/20

 1/13 [=>............................] - ETA: 1s - loss: 0.1913 - accuracy: 0.9062
 2/13 [===>..........................] - ETA: 1s - loss: 0.1402 - accuracy: 0.9531
 3/13 [=====>........................] - ETA: 1s - loss: 0.1066 - accuracy: 0.9688
 4/13 [========>.....................] - ETA: 1s - loss: 0.0819 - accuracy: 0.9766
 5/13 [==========>...................] - ETA: 0s - loss: 0.0858 - accuracy: 0.9750
 6/13 [============>.................] - ETA: 0s - loss: 0.0879 - accuracy: 0.9688
 7/13 [===============>..............] - ETA: 0s - loss: 0.0837 - accuracy: 0.9732
 8/13 [=================>............] - ETA: 0s - loss: 0.0810 - accuracy: 0.9727
 9/13 [===================>..........] - ETA: 0s - loss: 0.0804 - accuracy: 0.9722
10/13 [======================>.......] - ETA: 0s - loss: 0.0969 - accuracy: 0.9719
11/13 [========================>.....] - ETA: 0s - loss: 0.0952 - accuracy: 0.9716
12/13 [==========================>...] - ETA: 0s - loss: 0.0947 - accuracy: 0.9688
13/13 [==============================] - 4s 284ms/step - loss: 0.0933 - accuracy: 0.9688 - val_loss: 0.5480 - val_accuracy: 0.9145
Epoch 20/20

 1/13 [=>............................] - ETA: 1s - loss: 0.0208 - accuracy: 1.0000
 2/13 [===>..........................] - ETA: 1s - loss: 0.0170 - accuracy: 1.0000
 3/13 [=====>........................] - ETA: 0s - loss: 0.0543 - accuracy: 0.9896
 4/13 [========>.....................] - ETA: 0s - loss: 0.0641 - accuracy: 0.9922
 5/13 [==========>...................] - ETA: 0s - loss: 0.0617 - accuracy: 0.9937
 6/13 [============>.................] - ETA: 0s - loss: 0.0581 - accuracy: 0.9948
 7/13 [===============>..............] - ETA: 0s - loss: 0.0597 - accuracy: 0.9911
 8/13 [=================>............] - ETA: 0s - loss: 0.0581 - accuracy: 0.9922
 9/13 [===================>..........] - ETA: 0s - loss: 0.0662 - accuracy: 0.9896
10/13 [======================>.......] - ETA: 0s - loss: 0.0735 - accuracy: 0.9840
11/13 [========================>.....] - ETA: 0s - loss: 0.0726 - accuracy: 0.9826
12/13 [==========================>...] - ETA: 0s - loss: 0.0683 - accuracy: 0.9841
13/13 [==============================] - 3s 263ms/step - loss: 0.0660 - accuracy: 0.9853 - val_loss: 0.0719 - val_accuracy: 0.9294
