input_1 False
block1_conv1 True
block1_conv2 True
block1_pool True
block2_conv1 True
block2_conv2 True
block2_pool True
block3_conv1 True
block3_conv2 True
block3_conv3 True
block3_pool True
block4_conv1 True
block4_conv2 True
block4_conv3 True
block4_pool True
block5_conv1 True
block5_conv2 True
block5_conv3 True
block5_pool True
flatten True
fc1 True
fc2 True
predictions True
Found 1881 images belonging to 8 classes.
Found 807 images belonging to 8 classes.
Found 807 images belonging to 8 classes.
Epoch 1/20

 1/13 [=>............................] - ETA: 52s - loss: 2.6586 - accuracy: 0.1562
 2/13 [===>..........................] - ETA: 28s - loss: 1001.0479 - accuracy: 0.1406
 3/13 [=====>........................] - ETA: 18s - loss: 2493.2419 - accuracy: 0.1146
 4/13 [========>.....................] - ETA: 13s - loss: 1871.7815 - accuracy: 0.1172
 5/13 [==========>...................] - ETA: 9s - loss: 1549.1999 - accuracy: 0.1063 
 6/13 [============>.................] - ETA: 7s - loss: 1292.3640 - accuracy: 0.0938
 7/13 [===============>..............] - ETA: 5s - loss: 1108.9869 - accuracy: 0.0982
 8/13 [=================>............] - ETA: 4s - loss: 971.0732 - accuracy: 0.1094 
 9/13 [===================>..........] - ETA: 3s - loss: 864.0399 - accuracy: 0.1076
10/13 [======================>.......] - ETA: 2s - loss: 778.7546 - accuracy: 0.1250
11/13 [========================>.....] - ETA: 1s - loss: 708.4917 - accuracy: 0.1278
12/13 [==========================>...] - ETA: 0s - loss: 650.1500 - accuracy: 0.1250
13/13 [==============================] - 11s 881ms/step - loss: 600.8434 - accuracy: 0.1322 - val_loss: 6.3810 - val_accuracy: 0.1165
Epoch 2/20

 1/13 [=>............................] - ETA: 3s - loss: 4.9330 - accuracy: 0.1562
 2/13 [===>..........................] - ETA: 3s - loss: 3.8566 - accuracy: 0.1875
 3/13 [=====>........................] - ETA: 3s - loss: 4.3211 - accuracy: 0.1562
 4/13 [========>.....................] - ETA: 2s - loss: 4.6355 - accuracy: 0.1406
 5/13 [==========>...................] - ETA: 2s - loss: 4.7602 - accuracy: 0.1187
 6/13 [============>.................] - ETA: 2s - loss: 4.7220 - accuracy: 0.1146
 7/13 [===============>..............] - ETA: 1s - loss: 4.8689 - accuracy: 0.1116
 8/13 [=================>............] - ETA: 1s - loss: 5.1524 - accuracy: 0.1133
 9/13 [===================>..........] - ETA: 1s - loss: 4.9668 - accuracy: 0.1215
10/13 [======================>.......] - ETA: 0s - loss: 4.8812 - accuracy: 0.1312
11/13 [========================>.....] - ETA: 0s - loss: 4.7165 - accuracy: 0.1307
12/13 [==========================>...] - ETA: 0s - loss: 4.5805 - accuracy: 0.1354
13/13 [==============================] - 6s 493ms/step - loss: 4.4152 - accuracy: 0.1370 - val_loss: 2.2417 - val_accuracy: 0.1636
Epoch 3/20

 1/13 [=>............................] - ETA: 4s - loss: 2.9356 - accuracy: 0.2188
 2/13 [===>..........................] - ETA: 3s - loss: 2.9309 - accuracy: 0.2344
 3/13 [=====>........................] - ETA: 3s - loss: 2.9382 - accuracy: 0.1771
 4/13 [========>.....................] - ETA: 2s - loss: 2.8964 - accuracy: 0.1562
 5/13 [==========>...................] - ETA: 2s - loss: 2.8841 - accuracy: 0.1813
 6/13 [============>.................] - ETA: 2s - loss: 5.2403 - accuracy: 0.1823
 7/13 [===============>..............] - ETA: 1s - loss: 4.8443 - accuracy: 0.1652
 8/13 [=================>............] - ETA: 1s - loss: 4.6322 - accuracy: 0.1523
 9/13 [===================>..........] - ETA: 1s - loss: 4.4654 - accuracy: 0.1458
10/13 [======================>.......] - ETA: 0s - loss: 4.3823 - accuracy: 0.1437
11/13 [========================>.....] - ETA: 0s - loss: 4.2218 - accuracy: 0.1562
12/13 [==========================>...] - ETA: 0s - loss: 4.0245 - accuracy: 0.1671
13/13 [==============================] - 8s 618ms/step - loss: 4.0652 - accuracy: 0.1638 - val_loss: 5.0200 - val_accuracy: 0.1685
Epoch 4/20

 1/13 [=>............................] - ETA: 3s - loss: 3.9988 - accuracy: 0.1562
 2/13 [===>..........................] - ETA: 3s - loss: 7.6969 - accuracy: 0.1719
 3/13 [=====>........................] - ETA: 3s - loss: 6.2529 - accuracy: 0.1979
 4/13 [========>.....................] - ETA: 2s - loss: 5.3474 - accuracy: 0.1719
 5/13 [==========>...................] - ETA: 2s - loss: 4.8227 - accuracy: 0.1625
 6/13 [============>.................] - ETA: 2s - loss: 4.3681 - accuracy: 0.1719
 7/13 [===============>..............] - ETA: 1s - loss: 4.0746 - accuracy: 0.1607
 8/13 [=================>............] - ETA: 1s - loss: 3.8191 - accuracy: 0.1641
 9/13 [===================>..........] - ETA: 1s - loss: 3.6616 - accuracy: 0.1597
10/13 [======================>.......] - ETA: 0s - loss: 3.5127 - accuracy: 0.1594
11/13 [========================>.....] - ETA: 0s - loss: 3.3780 - accuracy: 0.1619
12/13 [==========================>...] - ETA: 0s - loss: 3.2866 - accuracy: 0.1562
13/13 [==============================] - 6s 498ms/step - loss: 3.1871 - accuracy: 0.1635 - val_loss: 2.3484 - val_accuracy: 0.2007
Epoch 5/20

 1/13 [=>............................] - ETA: 3s - loss: 2.1410 - accuracy: 0.2188
 2/13 [===>..........................] - ETA: 3s - loss: 1.9683 - accuracy: 0.2344
 3/13 [=====>........................] - ETA: 3s - loss: 1.9201 - accuracy: 0.2812
 4/13 [========>.....................] - ETA: 2s - loss: 1.9325 - accuracy: 0.2656
 5/13 [==========>...................] - ETA: 2s - loss: 1.9583 - accuracy: 0.2500
 6/13 [============>.................] - ETA: 2s - loss: 1.9849 - accuracy: 0.2500
 7/13 [===============>..............] - ETA: 1s - loss: 2.0119 - accuracy: 0.2411
 8/13 [=================>............] - ETA: 1s - loss: 1.9825 - accuracy: 0.2500
 9/13 [===================>..........] - ETA: 1s - loss: 1.9760 - accuracy: 0.2535
10/13 [======================>.......] - ETA: 0s - loss: 1.9982 - accuracy: 0.2500
11/13 [========================>.....] - ETA: 0s - loss: 1.9818 - accuracy: 0.2557
12/13 [==========================>...] - ETA: 0s - loss: 1.9757 - accuracy: 0.2708
13/13 [==============================] - 6s 497ms/step - loss: 1.9506 - accuracy: 0.2764 - val_loss: 1.6343 - val_accuracy: 0.3061
Epoch 6/20

 1/13 [=>............................] - ETA: 3s - loss: 1.7822 - accuracy: 0.3125
 2/13 [===>..........................] - ETA: 3s - loss: 1.7735 - accuracy: 0.3438
 3/13 [=====>........................] - ETA: 3s - loss: 1.7304 - accuracy: 0.3542
 4/13 [========>.....................] - ETA: 2s - loss: 1.7201 - accuracy: 0.3594
 5/13 [==========>...................] - ETA: 2s - loss: 1.8390 - accuracy: 0.3313
 6/13 [============>.................] - ETA: 2s - loss: 1.9046 - accuracy: 0.3333
 7/13 [===============>..............] - ETA: 1s - loss: 1.9364 - accuracy: 0.3080
 8/13 [=================>............] - ETA: 1s - loss: 1.9381 - accuracy: 0.3047
 9/13 [===================>..........] - ETA: 1s - loss: 1.8967 - accuracy: 0.3229
10/13 [======================>.......] - ETA: 0s - loss: 1.8832 - accuracy: 0.3187
11/13 [========================>.....] - ETA: 0s - loss: 1.8632 - accuracy: 0.3239
12/13 [==========================>...] - ETA: 0s - loss: 1.8576 - accuracy: 0.3177
13/13 [==============================] - 7s 508ms/step - loss: 1.8494 - accuracy: 0.3221 - val_loss: 1.6179 - val_accuracy: 0.3358
Epoch 7/20

 1/13 [=>............................] - ETA: 4s - loss: 1.4930 - accuracy: 0.6250
 2/13 [===>..........................] - ETA: 3s - loss: 1.5420 - accuracy: 0.5312
 3/13 [=====>........................] - ETA: 3s - loss: 1.7009 - accuracy: 0.4271
 4/13 [========>.....................] - ETA: 2s - loss: 1.7828 - accuracy: 0.4062
 5/13 [==========>...................] - ETA: 2s - loss: 1.7832 - accuracy: 0.4062
 6/13 [============>.................] - ETA: 2s - loss: 1.8352 - accuracy: 0.3854
 7/13 [===============>..............] - ETA: 1s - loss: 1.8181 - accuracy: 0.3884
 8/13 [=================>............] - ETA: 1s - loss: 1.8087 - accuracy: 0.3789
 9/13 [===================>..........] - ETA: 1s - loss: 1.8433 - accuracy: 0.3611
10/13 [======================>.......] - ETA: 0s - loss: 1.8965 - accuracy: 0.3562
11/13 [========================>.....] - ETA: 0s - loss: 1.8915 - accuracy: 0.3494
12/13 [==========================>...] - ETA: 0s - loss: 1.8625 - accuracy: 0.3542
13/13 [==============================] - 7s 503ms/step - loss: 1.8940 - accuracy: 0.3413 - val_loss: 2.4873 - val_accuracy: 0.2379
Epoch 8/20

 1/13 [=>............................] - ETA: 3s - loss: 2.4075 - accuracy: 0.1562
 2/13 [===>..........................] - ETA: 3s - loss: 2.3296 - accuracy: 0.1875
 3/13 [=====>........................] - ETA: 3s - loss: 2.4661 - accuracy: 0.1771
 4/13 [========>.....................] - ETA: 2s - loss: 2.3520 - accuracy: 0.1953
 5/13 [==========>...................] - ETA: 2s - loss: 2.2557 - accuracy: 0.2313
 6/13 [============>.................] - ETA: 2s - loss: 2.2274 - accuracy: 0.2188
 7/13 [===============>..............] - ETA: 1s - loss: 2.1750 - accuracy: 0.2500
 8/13 [=================>............] - ETA: 1s - loss: 2.1644 - accuracy: 0.2383
 9/13 [===================>..........] - ETA: 1s - loss: 2.1579 - accuracy: 0.2326
10/13 [======================>.......] - ETA: 0s - loss: 2.0957 - accuracy: 0.2438
11/13 [========================>.....] - ETA: 0s - loss: 2.0467 - accuracy: 0.2642
12/13 [==========================>...] - ETA: 0s - loss: 2.0464 - accuracy: 0.2656
13/13 [==============================] - 7s 504ms/step - loss: 2.0237 - accuracy: 0.2740 - val_loss: 1.2672 - val_accuracy: 0.3866
Epoch 9/20

 1/13 [=>............................] - ETA: 3s - loss: 1.3154 - accuracy: 0.4800
 2/13 [===>..........................] - ETA: 3s - loss: 1.4447 - accuracy: 0.4386
 3/13 [=====>........................] - ETA: 3s - loss: 1.7457 - accuracy: 0.3258
 4/13 [========>.....................] - ETA: 2s - loss: 1.7513 - accuracy: 0.3636
 5/13 [==========>...................] - ETA: 2s - loss: 1.7325 - accuracy: 0.3660
 6/13 [============>.................] - ETA: 2s - loss: 1.8129 - accuracy: 0.3243
 7/13 [===============>..............] - ETA: 1s - loss: 1.8635 - accuracy: 0.3272
 8/13 [=================>............] - ETA: 1s - loss: 1.7749 - accuracy: 0.3534
 9/13 [===================>..........] - ETA: 1s - loss: 1.7294 - accuracy: 0.3630
10/13 [======================>.......] - ETA: 0s - loss: 1.8125 - accuracy: 0.3674
11/13 [========================>.....] - ETA: 0s - loss: 1.9149 - accuracy: 0.3478
12/13 [==========================>...] - ETA: 0s - loss: 1.9336 - accuracy: 0.3369
13/13 [==============================] - 6s 493ms/step - loss: 1.9678 - accuracy: 0.3203 - val_loss: 1.9290 - val_accuracy: 0.2924
Epoch 10/20

 1/13 [=>............................] - ETA: 4s - loss: 2.7835 - accuracy: 0.1875
 2/13 [===>..........................] - ETA: 3s - loss: 2.1750 - accuracy: 0.3750
 3/13 [=====>........................] - ETA: 3s - loss: 2.0618 - accuracy: 0.3646
 4/13 [========>.....................] - ETA: 2s - loss: 2.0749 - accuracy: 0.3516
 5/13 [==========>...................] - ETA: 2s - loss: 2.1064 - accuracy: 0.3187
 6/13 [============>.................] - ETA: 2s - loss: 2.0816 - accuracy: 0.3333
 7/13 [===============>..............] - ETA: 1s - loss: 2.0947 - accuracy: 0.3259
 8/13 [=================>............] - ETA: 1s - loss: 2.0649 - accuracy: 0.3281
 9/13 [===================>..........] - ETA: 1s - loss: 2.0626 - accuracy: 0.3403
10/13 [======================>.......] - ETA: 0s - loss: 2.0503 - accuracy: 0.3438
11/13 [========================>.....] - ETA: 0s - loss: 2.0249 - accuracy: 0.3381
12/13 [==========================>...] - ETA: 0s - loss: 1.9661 - accuracy: 0.3542
13/13 [==============================] - 6s 494ms/step - loss: 1.9533 - accuracy: 0.3486 - val_loss: 1.2323 - val_accuracy: 0.2825
Epoch 11/20

 1/13 [=>............................] - ETA: 4s - loss: 2.0161 - accuracy: 0.1875
 2/13 [===>..........................] - ETA: 3s - loss: 1.9357 - accuracy: 0.2500
 3/13 [=====>........................] - ETA: 3s - loss: 1.9123 - accuracy: 0.2917
 4/13 [========>.....................] - ETA: 2s - loss: 1.8622 - accuracy: 0.3281
 5/13 [==========>...................] - ETA: 2s - loss: 1.8121 - accuracy: 0.3250
 6/13 [============>.................] - ETA: 2s - loss: 1.7400 - accuracy: 0.3542
 7/13 [===============>..............] - ETA: 1s - loss: 1.7519 - accuracy: 0.3616
 8/13 [=================>............] - ETA: 1s - loss: 1.7861 - accuracy: 0.3477
 9/13 [===================>..........] - ETA: 1s - loss: 1.8953 - accuracy: 0.3264
10/13 [======================>.......] - ETA: 0s - loss: 1.9220 - accuracy: 0.3219
11/13 [========================>.....] - ETA: 0s - loss: 1.9065 - accuracy: 0.3153
12/13 [==========================>...] - ETA: 0s - loss: 1.9190 - accuracy: 0.3177
13/13 [==============================] - 6s 499ms/step - loss: 1.9175 - accuracy: 0.3125 - val_loss: 2.1213 - val_accuracy: 0.3086
Epoch 12/20

 1/13 [=>............................] - ETA: 3s - loss: 1.8359 - accuracy: 0.3438
 2/13 [===>..........................] - ETA: 3s - loss: 1.5774 - accuracy: 0.4375
 3/13 [=====>........................] - ETA: 3s - loss: 1.6184 - accuracy: 0.4688
 4/13 [========>.....................] - ETA: 2s - loss: 1.5839 - accuracy: 0.4688
 5/13 [==========>...................] - ETA: 2s - loss: 1.5822 - accuracy: 0.4625
 6/13 [============>.................] - ETA: 2s - loss: 1.5796 - accuracy: 0.4271
 7/13 [===============>..............] - ETA: 1s - loss: 1.6755 - accuracy: 0.4152
 8/13 [=================>............] - ETA: 1s - loss: 1.7291 - accuracy: 0.3945
 9/13 [===================>..........] - ETA: 1s - loss: 1.6929 - accuracy: 0.4062
10/13 [======================>.......] - ETA: 0s - loss: 1.7070 - accuracy: 0.4000
11/13 [========================>.....] - ETA: 0s - loss: 1.7614 - accuracy: 0.3864
12/13 [==========================>...] - ETA: 0s - loss: 1.7785 - accuracy: 0.3802
13/13 [==============================] - 6s 497ms/step - loss: 1.7724 - accuracy: 0.3750 - val_loss: 0.4824 - val_accuracy: 0.4213
Epoch 13/20

 1/13 [=>............................] - ETA: 3s - loss: 1.7756 - accuracy: 0.3750
 2/13 [===>..........................] - ETA: 3s - loss: 1.7084 - accuracy: 0.3594
 3/13 [=====>........................] - ETA: 3s - loss: 1.5938 - accuracy: 0.4271
 4/13 [========>.....................] - ETA: 2s - loss: 1.5028 - accuracy: 0.4531
 5/13 [==========>...................] - ETA: 2s - loss: 1.4932 - accuracy: 0.4688
 6/13 [============>.................] - ETA: 2s - loss: 1.5608 - accuracy: 0.4427
 7/13 [===============>..............] - ETA: 1s - loss: 1.5128 - accuracy: 0.4598
 8/13 [=================>............] - ETA: 1s - loss: 1.5400 - accuracy: 0.4453
 9/13 [===================>..........] - ETA: 1s - loss: 1.4988 - accuracy: 0.4549
10/13 [======================>.......] - ETA: 0s - loss: 1.5084 - accuracy: 0.4500
11/13 [========================>.....] - ETA: 0s - loss: 1.5242 - accuracy: 0.4432
12/13 [==========================>...] - ETA: 0s - loss: 1.4932 - accuracy: 0.4583
13/13 [==============================] - 6s 495ms/step - loss: 1.4998 - accuracy: 0.4591 - val_loss: 2.6884 - val_accuracy: 0.2454
Epoch 14/20

 1/13 [=>............................] - ETA: 3s - loss: 2.5204 - accuracy: 0.3125
 2/13 [===>..........................] - ETA: 3s - loss: 2.1988 - accuracy: 0.3125
 3/13 [=====>........................] - ETA: 3s - loss: 2.0836 - accuracy: 0.3021
 4/13 [========>.....................] - ETA: 2s - loss: 2.3303 - accuracy: 0.2893
 5/13 [==========>...................] - ETA: 2s - loss: 2.2102 - accuracy: 0.3072
 6/13 [============>.................] - ETA: 2s - loss: 2.0986 - accuracy: 0.3351
 7/13 [===============>..............] - ETA: 1s - loss: 2.1752 - accuracy: 0.3364
 8/13 [=================>............] - ETA: 1s - loss: 2.1835 - accuracy: 0.3092
 9/13 [===================>..........] - ETA: 1s - loss: 2.1971 - accuracy: 0.2993
10/13 [======================>.......] - ETA: 0s - loss: 2.2325 - accuracy: 0.2941
11/13 [========================>.....] - ETA: 0s - loss: 2.2571 - accuracy: 0.2781
12/13 [==========================>...] - ETA: 0s - loss: 2.2223 - accuracy: 0.2838
13/13 [==============================] - 6s 489ms/step - loss: 2.1892 - accuracy: 0.2861 - val_loss: 1.9183 - val_accuracy: 0.3755
Epoch 15/20

 1/13 [=>............................] - ETA: 3s - loss: 1.5041 - accuracy: 0.3750
 2/13 [===>..........................] - ETA: 3s - loss: 1.7204 - accuracy: 0.3281
 3/13 [=====>........................] - ETA: 3s - loss: 1.7808 - accuracy: 0.3750
 4/13 [========>.....................] - ETA: 2s - loss: 1.6681 - accuracy: 0.4219
 5/13 [==========>...................] - ETA: 2s - loss: 1.5116 - accuracy: 0.4625
 6/13 [============>.................] - ETA: 2s - loss: 1.5494 - accuracy: 0.4531
 7/13 [===============>..............] - ETA: 1s - loss: 1.5446 - accuracy: 0.4509
 8/13 [=================>............] - ETA: 1s - loss: 1.6396 - accuracy: 0.4375
 9/13 [===================>..........] - ETA: 1s - loss: 1.7133 - accuracy: 0.4132
10/13 [======================>.......] - ETA: 0s - loss: 1.6873 - accuracy: 0.4187
11/13 [========================>.....] - ETA: 0s - loss: 1.6494 - accuracy: 0.4261
12/13 [==========================>...] - ETA: 0s - loss: 1.6322 - accuracy: 0.4349
13/13 [==============================] - 6s 497ms/step - loss: 1.6141 - accuracy: 0.4423 - val_loss: 2.1998 - val_accuracy: 0.4263
Epoch 16/20

 1/13 [=>............................] - ETA: 3s - loss: 1.1593 - accuracy: 0.4375
 2/13 [===>..........................] - ETA: 3s - loss: 1.3585 - accuracy: 0.4062
 3/13 [=====>........................] - ETA: 3s - loss: 1.2370 - accuracy: 0.4583
 4/13 [========>.....................] - ETA: 2s - loss: 1.2385 - accuracy: 0.4766
 5/13 [==========>...................] - ETA: 2s - loss: 1.3322 - accuracy: 0.4688
 6/13 [============>.................] - ETA: 2s - loss: 1.3350 - accuracy: 0.4948
 7/13 [===============>..............] - ETA: 1s - loss: 1.2933 - accuracy: 0.5089
 8/13 [=================>............] - ETA: 1s - loss: 1.3496 - accuracy: 0.5000
 9/13 [===================>..........] - ETA: 1s - loss: 1.4277 - accuracy: 0.4861
10/13 [======================>.......] - ETA: 0s - loss: 1.4574 - accuracy: 0.4750
11/13 [========================>.....] - ETA: 0s - loss: 1.4476 - accuracy: 0.4716
12/13 [==========================>...] - ETA: 0s - loss: 1.4930 - accuracy: 0.4427
13/13 [==============================] - 7s 502ms/step - loss: 1.5073 - accuracy: 0.4495 - val_loss: 2.0195 - val_accuracy: 0.3408
Epoch 17/20

 1/13 [=>............................] - ETA: 3s - loss: 2.0727 - accuracy: 0.3750
 2/13 [===>..........................] - ETA: 3s - loss: 2.4185 - accuracy: 0.3281
 3/13 [=====>........................] - ETA: 3s - loss: 2.3204 - accuracy: 0.2917
 4/13 [========>.....................] - ETA: 2s - loss: 2.3338 - accuracy: 0.2500
 5/13 [==========>...................] - ETA: 2s - loss: 2.3136 - accuracy: 0.2438
 6/13 [============>.................] - ETA: 2s - loss: 2.3582 - accuracy: 0.2240
 7/13 [===============>..............] - ETA: 1s - loss: 2.2974 - accuracy: 0.2500
 8/13 [=================>............] - ETA: 1s - loss: 2.2537 - accuracy: 0.2500
 9/13 [===================>..........] - ETA: 1s - loss: 2.1824 - accuracy: 0.2639
10/13 [======================>.......] - ETA: 1s - loss: 2.1180 - accuracy: 0.2750
11/13 [========================>.....] - ETA: 0s - loss: 2.0392 - accuracy: 0.3097
12/13 [==========================>...] - ETA: 0s - loss: 2.0334 - accuracy: 0.3099
13/13 [==============================] - 7s 513ms/step - loss: 2.0157 - accuracy: 0.3077 - val_loss: 3.2757 - val_accuracy: 0.3073
Epoch 18/20

 1/13 [=>............................] - ETA: 3s - loss: 2.9035 - accuracy: 0.3125
 2/13 [===>..........................] - ETA: 3s - loss: 2.4784 - accuracy: 0.3125
 3/13 [=====>........................] - ETA: 3s - loss: 2.1152 - accuracy: 0.3646
 4/13 [========>.....................] - ETA: 2s - loss: 1.9932 - accuracy: 0.3672
 5/13 [==========>...................] - ETA: 2s - loss: 1.9479 - accuracy: 0.3875
 6/13 [============>.................] - ETA: 2s - loss: 1.9198 - accuracy: 0.4010
 7/13 [===============>..............] - ETA: 1s - loss: 1.8765 - accuracy: 0.3973
 8/13 [=================>............] - ETA: 1s - loss: 1.8414 - accuracy: 0.3867
 9/13 [===================>..........] - ETA: 1s - loss: 1.7807 - accuracy: 0.3958
10/13 [======================>.......] - ETA: 0s - loss: 1.7193 - accuracy: 0.4125
11/13 [========================>.....] - ETA: 0s - loss: 1.6660 - accuracy: 0.4176
12/13 [==========================>...] - ETA: 0s - loss: 1.7445 - accuracy: 0.4062
13/13 [==============================] - 7s 503ms/step - loss: 1.7679 - accuracy: 0.4087 - val_loss: 2.1864 - val_accuracy: 0.2255
Epoch 19/20

 1/13 [=>............................] - ETA: 3s - loss: 1.8314 - accuracy: 0.2500
 2/13 [===>..........................] - ETA: 3s - loss: 1.6405 - accuracy: 0.4062
 3/13 [=====>........................] - ETA: 3s - loss: 1.4903 - accuracy: 0.4896
 4/13 [========>.....................] - ETA: 2s - loss: 1.4176 - accuracy: 0.5000
 5/13 [==========>...................] - ETA: 2s - loss: 1.5218 - accuracy: 0.4750
 6/13 [============>.................] - ETA: 2s - loss: 1.5781 - accuracy: 0.4531
 7/13 [===============>..............] - ETA: 1s - loss: 1.6660 - accuracy: 0.4464
 8/13 [=================>............] - ETA: 1s - loss: 1.6357 - accuracy: 0.4570
 9/13 [===================>..........] - ETA: 1s - loss: 1.7477 - accuracy: 0.4413
10/13 [======================>.......] - ETA: 0s - loss: 1.7490 - accuracy: 0.4377
11/13 [========================>.....] - ETA: 0s - loss: 1.7562 - accuracy: 0.4377
12/13 [==========================>...] - ETA: 0s - loss: 1.8019 - accuracy: 0.4271
13/13 [==============================] - 6s 479ms/step - loss: 1.7897 - accuracy: 0.4230 - val_loss: 2.6791 - val_accuracy: 0.3717
Epoch 20/20

 1/13 [=>............................] - ETA: 3s - loss: 1.6268 - accuracy: 0.5000
 2/13 [===>..........................] - ETA: 3s - loss: 1.6409 - accuracy: 0.4531
 3/13 [=====>........................] - ETA: 3s - loss: 1.4818 - accuracy: 0.5000
 4/13 [========>.....................] - ETA: 2s - loss: 1.4079 - accuracy: 0.5078
 5/13 [==========>...................] - ETA: 2s - loss: 1.4970 - accuracy: 0.4750
 6/13 [============>.................] - ETA: 2s - loss: 1.5320 - accuracy: 0.4688
 7/13 [===============>..............] - ETA: 1s - loss: 1.5794 - accuracy: 0.4554
 8/13 [=================>............] - ETA: 1s - loss: 1.5817 - accuracy: 0.4453
 9/13 [===================>..........] - ETA: 1s - loss: 1.5666 - accuracy: 0.4375
10/13 [======================>.......] - ETA: 0s - loss: 1.5582 - accuracy: 0.4375
11/13 [========================>.....] - ETA: 0s - loss: 1.5881 - accuracy: 0.4318
12/13 [==========================>...] - ETA: 0s - loss: 1.6197 - accuracy: 0.4167
13/13 [==============================] - 7s 503ms/step - loss: 1.6055 - accuracy: 0.4207 - val_loss: 1.0189 - val_accuracy: 0.5229
[1.4050287008285522, 0.5228152871131897]
