input_1 False
block1_conv1 False
block1_conv2 False
block1_pool False
block2_conv1 False
block2_conv2 False
block2_pool False
block3_conv1 False
block3_conv2 False
block3_conv3 False
block3_pool False
block4_conv1 False
block4_conv2 False
block4_conv3 False
block4_pool False
block5_conv1 False
block5_conv2 False
block5_conv3 False
block5_pool False
flatten False
fc1 False
fc2 False
predictions True
Found 1881 images belonging to 8 classes.
Found 807 images belonging to 8 classes.
Found 807 images belonging to 8 classes.
Epoch 1/20

 1/13 [=>............................] - ETA: 31s - loss: 2.5431 - accuracy: 0.0938
 2/13 [===>..........................] - ETA: 17s - loss: 2.3712 - accuracy: 0.2656
 3/13 [=====>........................] - ETA: 10s - loss: 2.1377 - accuracy: 0.3229
 4/13 [========>.....................] - ETA: 7s - loss: 2.0531 - accuracy: 0.3672 
 5/13 [==========>...................] - ETA: 5s - loss: 1.8449 - accuracy: 0.4250
 6/13 [============>.................] - ETA: 4s - loss: 1.6437 - accuracy: 0.4948
 7/13 [===============>..............] - ETA: 3s - loss: 1.5039 - accuracy: 0.5223
 8/13 [=================>............] - ETA: 2s - loss: 1.4195 - accuracy: 0.5508
 9/13 [===================>..........] - ETA: 1s - loss: 1.3429 - accuracy: 0.5729
10/13 [======================>.......] - ETA: 1s - loss: 1.2883 - accuracy: 0.5906
11/13 [========================>.....] - ETA: 0s - loss: 1.2563 - accuracy: 0.5938
12/13 [==========================>...] - ETA: 0s - loss: 1.2145 - accuracy: 0.6042
13/13 [==============================] - 7s 525ms/step - loss: 1.1550 - accuracy: 0.6226 - val_loss: 0.2233 - val_accuracy: 0.8860
Epoch 2/20

 1/13 [=>............................] - ETA: 1s - loss: 0.2773 - accuracy: 0.9375
 2/13 [===>..........................] - ETA: 1s - loss: 0.2637 - accuracy: 0.9375
 3/13 [=====>........................] - ETA: 0s - loss: 0.2885 - accuracy: 0.9167
 4/13 [========>.....................] - ETA: 0s - loss: 0.2937 - accuracy: 0.9062
 5/13 [==========>...................] - ETA: 0s - loss: 0.2911 - accuracy: 0.9000
 6/13 [============>.................] - ETA: 0s - loss: 0.3457 - accuracy: 0.8750
 7/13 [===============>..............] - ETA: 0s - loss: 0.3508 - accuracy: 0.8705
 8/13 [=================>............] - ETA: 0s - loss: 0.3570 - accuracy: 0.8711
 9/13 [===================>..........] - ETA: 0s - loss: 0.3726 - accuracy: 0.8715
10/13 [======================>.......] - ETA: 0s - loss: 0.3763 - accuracy: 0.8687
11/13 [========================>.....] - ETA: 0s - loss: 0.3898 - accuracy: 0.8693
12/13 [==========================>...] - ETA: 0s - loss: 0.3791 - accuracy: 0.8724
13/13 [==============================] - 4s 270ms/step - loss: 0.3761 - accuracy: 0.8702 - val_loss: 0.1055 - val_accuracy: 0.9021
Epoch 3/20

 1/13 [=>............................] - ETA: 1s - loss: 0.4528 - accuracy: 0.8438
 2/13 [===>..........................] - ETA: 1s - loss: 0.5065 - accuracy: 0.7969
 3/13 [=====>........................] - ETA: 3s - loss: 0.5732 - accuracy: 0.7978
 4/13 [========>.....................] - ETA: 2s - loss: 0.5386 - accuracy: 0.8182
 5/13 [==========>...................] - ETA: 1s - loss: 0.4781 - accuracy: 0.8497
 6/13 [============>.................] - ETA: 1s - loss: 0.4537 - accuracy: 0.8595
 7/13 [===============>..............] - ETA: 1s - loss: 0.4146 - accuracy: 0.8710
 8/13 [=================>............] - ETA: 0s - loss: 0.4313 - accuracy: 0.8594
 9/13 [===================>..........] - ETA: 0s - loss: 0.4457 - accuracy: 0.8577
10/13 [======================>.......] - ETA: 0s - loss: 0.4209 - accuracy: 0.8658
11/13 [========================>.....] - ETA: 0s - loss: 0.4002 - accuracy: 0.8725
12/13 [==========================>...] - ETA: 0s - loss: 0.3824 - accuracy: 0.8806
13/13 [==============================] - 4s 309ms/step - loss: 0.3695 - accuracy: 0.8851 - val_loss: 0.1527 - val_accuracy: 0.8810
Epoch 4/20

 1/13 [=>............................] - ETA: 1s - loss: 0.6108 - accuracy: 0.7812
 2/13 [===>..........................] - ETA: 1s - loss: 0.3656 - accuracy: 0.8594
 3/13 [=====>........................] - ETA: 0s - loss: 0.3244 - accuracy: 0.8750
 4/13 [========>.....................] - ETA: 0s - loss: 0.3186 - accuracy: 0.8828
 5/13 [==========>...................] - ETA: 0s - loss: 0.2872 - accuracy: 0.8938
 6/13 [============>.................] - ETA: 0s - loss: 0.2607 - accuracy: 0.9062
 7/13 [===============>..............] - ETA: 0s - loss: 0.2530 - accuracy: 0.9062
 8/13 [=================>............] - ETA: 0s - loss: 0.2400 - accuracy: 0.9141
 9/13 [===================>..........] - ETA: 0s - loss: 0.2186 - accuracy: 0.9236
10/13 [======================>.......] - ETA: 0s - loss: 0.2551 - accuracy: 0.9187
11/13 [========================>.....] - ETA: 0s - loss: 0.2382 - accuracy: 0.9261
12/13 [==========================>...] - ETA: 0s - loss: 0.2642 - accuracy: 0.9219
13/13 [==============================] - 4s 270ms/step - loss: 0.2660 - accuracy: 0.9255 - val_loss: 0.0672 - val_accuracy: 0.9120
Epoch 5/20

 1/13 [=>............................] - ETA: 1s - loss: 0.4244 - accuracy: 0.8438
 2/13 [===>..........................] - ETA: 1s - loss: 0.3902 - accuracy: 0.8594
 3/13 [=====>........................] - ETA: 0s - loss: 0.3303 - accuracy: 0.8750
 4/13 [========>.....................] - ETA: 0s - loss: 0.3004 - accuracy: 0.8828
 5/13 [==========>...................] - ETA: 0s - loss: 0.3207 - accuracy: 0.8813
 6/13 [============>.................] - ETA: 0s - loss: 0.3458 - accuracy: 0.8750
 7/13 [===============>..............] - ETA: 0s - loss: 0.3233 - accuracy: 0.8839
 8/13 [=================>............] - ETA: 0s - loss: 0.3171 - accuracy: 0.8906
 9/13 [===================>..........] - ETA: 0s - loss: 0.3004 - accuracy: 0.8889
10/13 [======================>.......] - ETA: 0s - loss: 0.2858 - accuracy: 0.8969
11/13 [========================>.....] - ETA: 0s - loss: 0.2707 - accuracy: 0.9006
12/13 [==========================>...] - ETA: 0s - loss: 0.2744 - accuracy: 0.9010
13/13 [==============================] - 4s 285ms/step - loss: 0.2659 - accuracy: 0.9038 - val_loss: 0.1177 - val_accuracy: 0.9219
Epoch 6/20

 1/13 [=>............................] - ETA: 1s - loss: 0.3263 - accuracy: 0.8750
 2/13 [===>..........................] - ETA: 0s - loss: 0.2511 - accuracy: 0.9062
 3/13 [=====>........................] - ETA: 0s - loss: 0.2909 - accuracy: 0.8854
 4/13 [========>.....................] - ETA: 0s - loss: 0.2917 - accuracy: 0.8906
 5/13 [==========>...................] - ETA: 0s - loss: 0.2474 - accuracy: 0.9062
 6/13 [============>.................] - ETA: 0s - loss: 0.2360 - accuracy: 0.9062
 7/13 [===============>..............] - ETA: 0s - loss: 0.2361 - accuracy: 0.9152
 8/13 [=================>............] - ETA: 0s - loss: 0.2327 - accuracy: 0.9141
 9/13 [===================>..........] - ETA: 0s - loss: 0.2279 - accuracy: 0.9132
10/13 [======================>.......] - ETA: 0s - loss: 0.2177 - accuracy: 0.9187
11/13 [========================>.....] - ETA: 0s - loss: 0.2162 - accuracy: 0.9205
12/13 [==========================>...] - ETA: 0s - loss: 0.2128 - accuracy: 0.9193
13/13 [==============================] - 3s 253ms/step - loss: 0.2097 - accuracy: 0.9183 - val_loss: 0.6310 - val_accuracy: 0.8736
Epoch 7/20

 1/13 [=>............................] - ETA: 1s - loss: 0.5350 - accuracy: 0.7812
 2/13 [===>..........................] - ETA: 0s - loss: 0.5456 - accuracy: 0.8125
 3/13 [=====>........................] - ETA: 0s - loss: 0.4582 - accuracy: 0.8542
 4/13 [========>.....................] - ETA: 0s - loss: 0.3709 - accuracy: 0.8828
 5/13 [==========>...................] - ETA: 0s - loss: 0.3140 - accuracy: 0.9000
 6/13 [============>.................] - ETA: 0s - loss: 0.2659 - accuracy: 0.9167
 7/13 [===============>..............] - ETA: 0s - loss: 0.2519 - accuracy: 0.9196
 8/13 [=================>............] - ETA: 0s - loss: 0.2804 - accuracy: 0.9180
 9/13 [===================>..........] - ETA: 0s - loss: 0.2564 - accuracy: 0.9236
10/13 [======================>.......] - ETA: 0s - loss: 0.2915 - accuracy: 0.9094
11/13 [========================>.....] - ETA: 0s - loss: 0.2964 - accuracy: 0.9091
12/13 [==========================>...] - ETA: 0s - loss: 0.3102 - accuracy: 0.9089
13/13 [==============================] - 3s 266ms/step - loss: 0.2996 - accuracy: 0.9087 - val_loss: 1.1659 - val_accuracy: 0.8947
Epoch 8/20

 1/13 [=>............................] - ETA: 1s - loss: 0.1978 - accuracy: 0.9375
 2/13 [===>..........................] - ETA: 1s - loss: 0.1416 - accuracy: 0.9688
 3/13 [=====>........................] - ETA: 0s - loss: 0.1261 - accuracy: 0.9688
 4/13 [========>.....................] - ETA: 0s - loss: 0.1124 - accuracy: 0.9766
 5/13 [==========>...................] - ETA: 0s - loss: 0.1435 - accuracy: 0.9563
 6/13 [============>.................] - ETA: 0s - loss: 0.1476 - accuracy: 0.9531
 7/13 [===============>..............] - ETA: 0s - loss: 0.1578 - accuracy: 0.9554
 8/13 [=================>............] - ETA: 0s - loss: 0.1427 - accuracy: 0.9609
 9/13 [===================>..........] - ETA: 0s - loss: 0.1415 - accuracy: 0.9618
10/13 [======================>.......] - ETA: 0s - loss: 0.1331 - accuracy: 0.9656
11/13 [========================>.....] - ETA: 0s - loss: 0.1359 - accuracy: 0.9631
12/13 [==========================>...] - ETA: 0s - loss: 0.1364 - accuracy: 0.9609
13/13 [==============================] - 3s 260ms/step - loss: 0.1449 - accuracy: 0.9591 - val_loss: 0.0467 - val_accuracy: 0.9232
Epoch 9/20

 1/13 [=>............................] - ETA: 1s - loss: 0.1965 - accuracy: 0.8750
 2/13 [===>..........................] - ETA: 1s - loss: 0.1735 - accuracy: 0.9062
 3/13 [=====>........................] - ETA: 0s - loss: 0.1602 - accuracy: 0.9271
 4/13 [========>.....................] - ETA: 0s - loss: 0.1337 - accuracy: 0.9453
 5/13 [==========>...................] - ETA: 0s - loss: 0.1283 - accuracy: 0.9438
 6/13 [============>.................] - ETA: 0s - loss: 0.1102 - accuracy: 0.9514
 7/13 [===============>..............] - ETA: 0s - loss: 0.1076 - accuracy: 0.9539
 8/13 [=================>............] - ETA: 0s - loss: 0.1130 - accuracy: 0.9558
 9/13 [===================>..........] - ETA: 0s - loss: 0.1310 - accuracy: 0.9502
10/13 [======================>.......] - ETA: 0s - loss: 0.1405 - accuracy: 0.9521
11/13 [========================>.....] - ETA: 0s - loss: 0.1355 - accuracy: 0.9536
12/13 [==========================>...] - ETA: 0s - loss: 0.1391 - accuracy: 0.9523
13/13 [==============================] - 3s 262ms/step - loss: 0.1340 - accuracy: 0.9560 - val_loss: 0.2478 - val_accuracy: 0.9157
Epoch 10/20

 1/13 [=>............................] - ETA: 1s - loss: 0.3466 - accuracy: 0.8750
 2/13 [===>..........................] - ETA: 1s - loss: 0.2101 - accuracy: 0.9219
 3/13 [=====>........................] - ETA: 1s - loss: 0.1992 - accuracy: 0.9167
 4/13 [========>.....................] - ETA: 1s - loss: 0.1616 - accuracy: 0.9375
 5/13 [==========>...................] - ETA: 1s - loss: 0.1403 - accuracy: 0.9500
 6/13 [============>.................] - ETA: 0s - loss: 0.1711 - accuracy: 0.9427
 7/13 [===============>..............] - ETA: 0s - loss: 0.1503 - accuracy: 0.9509
 8/13 [=================>............] - ETA: 0s - loss: 0.1543 - accuracy: 0.9492
 9/13 [===================>..........] - ETA: 0s - loss: 0.1478 - accuracy: 0.9514
10/13 [======================>.......] - ETA: 0s - loss: 0.1377 - accuracy: 0.9563
11/13 [========================>.....] - ETA: 0s - loss: 0.1555 - accuracy: 0.9545
12/13 [==========================>...] - ETA: 0s - loss: 0.1487 - accuracy: 0.9557
13/13 [==============================] - 4s 299ms/step - loss: 0.1530 - accuracy: 0.9543 - val_loss: 0.5158 - val_accuracy: 0.9232
Epoch 11/20

 1/13 [=>............................] - ETA: 1s - loss: 0.1040 - accuracy: 0.9688
 2/13 [===>..........................] - ETA: 0s - loss: 0.1469 - accuracy: 0.9219
 3/13 [=====>........................] - ETA: 0s - loss: 0.1756 - accuracy: 0.9167
 4/13 [========>.....................] - ETA: 0s - loss: 0.1556 - accuracy: 0.9219
 5/13 [==========>...................] - ETA: 0s - loss: 0.1366 - accuracy: 0.9375
 6/13 [============>.................] - ETA: 0s - loss: 0.1261 - accuracy: 0.9479
 7/13 [===============>..............] - ETA: 0s - loss: 0.1236 - accuracy: 0.9509
 8/13 [=================>............] - ETA: 0s - loss: 0.1239 - accuracy: 0.9492
 9/13 [===================>..........] - ETA: 0s - loss: 0.1209 - accuracy: 0.9514
10/13 [======================>.......] - ETA: 0s - loss: 0.1136 - accuracy: 0.9531
11/13 [========================>.....] - ETA: 0s - loss: 0.1184 - accuracy: 0.9489
12/13 [==========================>...] - ETA: 0s - loss: 0.1222 - accuracy: 0.9453
13/13 [==============================] - 3s 258ms/step - loss: 0.1208 - accuracy: 0.9447 - val_loss: 0.2933 - val_accuracy: 0.9058
Epoch 12/20

 1/13 [=>............................] - ETA: 1s - loss: 0.3097 - accuracy: 0.9062
 2/13 [===>..........................] - ETA: 1s - loss: 0.3852 - accuracy: 0.8906
 3/13 [=====>........................] - ETA: 0s - loss: 0.2853 - accuracy: 0.9271
 4/13 [========>.....................] - ETA: 0s - loss: 0.2445 - accuracy: 0.9256
 5/13 [==========>...................] - ETA: 0s - loss: 0.2307 - accuracy: 0.9281
 6/13 [============>.................] - ETA: 0s - loss: 0.2278 - accuracy: 0.9243
 7/13 [===============>..............] - ETA: 0s - loss: 0.2482 - accuracy: 0.9171
 8/13 [=================>............] - ETA: 0s - loss: 0.2284 - accuracy: 0.9237
 9/13 [===================>..........] - ETA: 0s - loss: 0.2098 - accuracy: 0.9288
10/13 [======================>.......] - ETA: 0s - loss: 0.2045 - accuracy: 0.9297
11/13 [========================>.....] - ETA: 0s - loss: 0.1961 - accuracy: 0.9304
12/13 [==========================>...] - ETA: 0s - loss: 0.1880 - accuracy: 0.9337
13/13 [==============================] - 4s 276ms/step - loss: 0.1837 - accuracy: 0.9340 - val_loss: 0.4460 - val_accuracy: 0.9281
Epoch 13/20

 1/13 [=>............................] - ETA: 1s - loss: 0.0813 - accuracy: 0.9375
 2/13 [===>..........................] - ETA: 1s - loss: 0.1147 - accuracy: 0.9219
 3/13 [=====>........................] - ETA: 1s - loss: 0.1105 - accuracy: 0.9271
 4/13 [========>.....................] - ETA: 0s - loss: 0.1086 - accuracy: 0.9453
 5/13 [==========>...................] - ETA: 0s - loss: 0.0962 - accuracy: 0.9563
 6/13 [============>.................] - ETA: 0s - loss: 0.0968 - accuracy: 0.9583
 7/13 [===============>..............] - ETA: 0s - loss: 0.0973 - accuracy: 0.9554
 8/13 [=================>............] - ETA: 0s - loss: 0.1009 - accuracy: 0.9531
 9/13 [===================>..........] - ETA: 0s - loss: 0.0965 - accuracy: 0.9583
10/13 [======================>.......] - ETA: 0s - loss: 0.0994 - accuracy: 0.9563
11/13 [========================>.....] - ETA: 0s - loss: 0.1016 - accuracy: 0.9545
12/13 [==========================>...] - ETA: 0s - loss: 0.1084 - accuracy: 0.9505
13/13 [==============================] - 4s 273ms/step - loss: 0.1114 - accuracy: 0.9495 - val_loss: 0.1011 - val_accuracy: 0.9294
Epoch 14/20

 1/13 [=>............................] - ETA: 1s - loss: 0.0370 - accuracy: 1.0000
 2/13 [===>..........................] - ETA: 1s - loss: 0.0597 - accuracy: 0.9844
 3/13 [=====>........................] - ETA: 0s - loss: 0.0608 - accuracy: 0.9792
 4/13 [========>.....................] - ETA: 0s - loss: 0.0697 - accuracy: 0.9766
 5/13 [==========>...................] - ETA: 0s - loss: 0.0697 - accuracy: 0.9750
 6/13 [============>.................] - ETA: 0s - loss: 0.0727 - accuracy: 0.9740
 7/13 [===============>..............] - ETA: 0s - loss: 0.0870 - accuracy: 0.9688
 8/13 [=================>............] - ETA: 0s - loss: 0.0996 - accuracy: 0.9648
 9/13 [===================>..........] - ETA: 0s - loss: 0.0910 - accuracy: 0.9688
10/13 [======================>.......] - ETA: 0s - loss: 0.0863 - accuracy: 0.9719
11/13 [========================>.....] - ETA: 0s - loss: 0.0870 - accuracy: 0.9716
12/13 [==========================>...] - ETA: 0s - loss: 0.0859 - accuracy: 0.9688
13/13 [==============================] - 4s 277ms/step - loss: 0.0845 - accuracy: 0.9712 - val_loss: 0.2110 - val_accuracy: 0.9294
Epoch 15/20

 1/13 [=>............................] - ETA: 1s - loss: 0.0430 - accuracy: 0.9688
 2/13 [===>..........................] - ETA: 1s - loss: 0.0408 - accuracy: 0.9844
 3/13 [=====>........................] - ETA: 0s - loss: 0.1356 - accuracy: 0.9792
 4/13 [========>.....................] - ETA: 0s - loss: 0.1435 - accuracy: 0.9766
 5/13 [==========>...................] - ETA: 0s - loss: 0.1335 - accuracy: 0.9688
 6/13 [============>.................] - ETA: 0s - loss: 0.1268 - accuracy: 0.9635
 7/13 [===============>..............] - ETA: 0s - loss: 0.1217 - accuracy: 0.9643
 8/13 [=================>............] - ETA: 0s - loss: 0.1107 - accuracy: 0.9688
 9/13 [===================>..........] - ETA: 0s - loss: 0.1127 - accuracy: 0.9688
10/13 [======================>.......] - ETA: 0s - loss: 0.1047 - accuracy: 0.9719
11/13 [========================>.....] - ETA: 0s - loss: 0.0979 - accuracy: 0.9744
12/13 [==========================>...] - ETA: 0s - loss: 0.0941 - accuracy: 0.9766
13/13 [==============================] - 3s 260ms/step - loss: 0.0904 - accuracy: 0.9760 - val_loss: 0.7878 - val_accuracy: 0.9269
Epoch 16/20

 1/13 [=>............................] - ETA: 1s - loss: 0.2710 - accuracy: 0.9688
 2/13 [===>..........................] - ETA: 0s - loss: 0.1999 - accuracy: 0.9688
 3/13 [=====>........................] - ETA: 0s - loss: 0.1965 - accuracy: 0.9551
 4/13 [========>.....................] - ETA: 0s - loss: 0.1622 - accuracy: 0.9669
 5/13 [==========>...................] - ETA: 0s - loss: 0.1822 - accuracy: 0.9608
 6/13 [============>.................] - ETA: 0s - loss: 0.1568 - accuracy: 0.9676
 7/13 [===============>..............] - ETA: 0s - loss: 0.1428 - accuracy: 0.9677
 8/13 [=================>............] - ETA: 0s - loss: 0.1362 - accuracy: 0.9639
 9/13 [===================>..........] - ETA: 0s - loss: 0.1319 - accuracy: 0.9609
10/13 [======================>.......] - ETA: 0s - loss: 0.1333 - accuracy: 0.9617
11/13 [========================>.....] - ETA: 0s - loss: 0.1230 - accuracy: 0.9652
12/13 [==========================>...] - ETA: 0s - loss: 0.1170 - accuracy: 0.9682