input_1 False
block1_conv1 False
block1_conv2 False
block1_pool False
block2_conv1 False
block2_conv2 False
block2_pool False
block3_conv1 False
block3_conv2 False
block3_conv3 False
block3_pool False
block4_conv1 False
block4_conv2 False
block4_conv3 False
block4_pool False
block5_conv1 False
block5_conv2 False
block5_conv3 False
block5_pool False
flatten False
fc1 False
fc2 False
predictions True
Found 1881 images belonging to 8 classes.
Found 807 images belonging to 8 classes.
Found 807 images belonging to 8 classes.
Epoch 1/20

 1/13 [=>............................] - ETA: 30s - loss: 2.6924 - accuracy: 0.2812
 2/13 [===>..........................] - ETA: 17s - loss: 2.1678 - accuracy: 0.3750
 3/13 [=====>........................] - ETA: 10s - loss: 2.0160 - accuracy: 0.3854
 4/13 [========>.....................] - ETA: 7s - loss: 1.8506 - accuracy: 0.4141 
 5/13 [==========>...................] - ETA: 5s - loss: 1.7260 - accuracy: 0.4375
 6/13 [============>.................] - ETA: 4s - loss: 1.5707 - accuracy: 0.4896
 7/13 [===============>..............] - ETA: 3s - loss: 1.4630 - accuracy: 0.5268
 8/13 [=================>............] - ETA: 2s - loss: 1.3903 - accuracy: 0.5508
 9/13 [===================>..........] - ETA: 1s - loss: 1.3107 - accuracy: 0.5799
10/13 [======================>.......] - ETA: 1s - loss: 1.2211 - accuracy: 0.6062
11/13 [========================>.....] - ETA: 0s - loss: 1.1639 - accuracy: 0.6222
12/13 [==========================>...] - ETA: 0s - loss: 1.1303 - accuracy: 0.6354
13/13 [==============================] - 7s 534ms/step - loss: 1.0989 - accuracy: 0.6394 - val_loss: 0.2577 - val_accuracy: 0.8600
Epoch 2/20

 1/13 [=>............................] - ETA: 1s - loss: 0.3604 - accuracy: 0.8125
 2/13 [===>..........................] - ETA: 1s - loss: 0.3639 - accuracy: 0.8438
 3/13 [=====>........................] - ETA: 0s - loss: 0.3276 - accuracy: 0.8750
 4/13 [========>.....................] - ETA: 0s - loss: 0.4102 - accuracy: 0.8594
 5/13 [==========>...................] - ETA: 0s - loss: 0.3704 - accuracy: 0.8687
 6/13 [============>.................] - ETA: 0s - loss: 0.3482 - accuracy: 0.8698
 7/13 [===============>..............] - ETA: 0s - loss: 0.3362 - accuracy: 0.8750
 8/13 [=================>............] - ETA: 0s - loss: 0.3205 - accuracy: 0.8789
 9/13 [===================>..........] - ETA: 0s - loss: 0.3160 - accuracy: 0.8819
10/13 [======================>.......] - ETA: 0s - loss: 0.3352 - accuracy: 0.8719
11/13 [========================>.....] - ETA: 0s - loss: 0.3350 - accuracy: 0.8722
12/13 [==========================>...] - ETA: 0s - loss: 0.3170 - accuracy: 0.8806
13/13 [==============================] - 4s 311ms/step - loss: 0.3334 - accuracy: 0.8826 - val_loss: 0.4282 - val_accuracy: 0.8748
Epoch 3/20

 1/13 [=>............................] - ETA: 1s - loss: 0.3188 - accuracy: 0.8750
 2/13 [===>..........................] - ETA: 1s - loss: 0.3324 - accuracy: 0.8594
 3/13 [=====>........................] - ETA: 0s - loss: 0.3103 - accuracy: 0.8854
 4/13 [========>.....................] - ETA: 0s - loss: 0.3489 - accuracy: 0.8672
 5/13 [==========>...................] - ETA: 0s - loss: 0.3412 - accuracy: 0.8625
 6/13 [============>.................] - ETA: 0s - loss: 0.3375 - accuracy: 0.8646
 7/13 [===============>..............] - ETA: 0s - loss: 0.3396 - accuracy: 0.8705
 8/13 [=================>............] - ETA: 0s - loss: 0.3609 - accuracy: 0.8633
 9/13 [===================>..........] - ETA: 0s - loss: 0.3489 - accuracy: 0.8681
10/13 [======================>.......] - ETA: 0s - loss: 0.3589 - accuracy: 0.8656
11/13 [========================>.....] - ETA: 0s - loss: 0.3598 - accuracy: 0.8636
12/13 [==========================>...] - ETA: 0s - loss: 0.3425 - accuracy: 0.8698
13/13 [==============================] - 3s 262ms/step - loss: 0.3371 - accuracy: 0.8702 - val_loss: 0.0957 - val_accuracy: 0.8860
Epoch 4/20

 1/13 [=>............................] - ETA: 1s - loss: 0.4171 - accuracy: 0.8750
 2/13 [===>..........................] - ETA: 0s - loss: 0.3055 - accuracy: 0.9062
 3/13 [=====>........................] - ETA: 0s - loss: 0.2839 - accuracy: 0.9062
 4/13 [========>.....................] - ETA: 0s - loss: 0.2537 - accuracy: 0.9141
 5/13 [==========>...................] - ETA: 0s - loss: 0.2615 - accuracy: 0.9062
 6/13 [============>.................] - ETA: 0s - loss: 0.2544 - accuracy: 0.9115
 7/13 [===============>..............] - ETA: 0s - loss: 0.2672 - accuracy: 0.9062
 8/13 [=================>............] - ETA: 0s - loss: 0.3091 - accuracy: 0.8906
 9/13 [===================>..........] - ETA: 0s - loss: 0.3270 - accuracy: 0.8889
10/13 [======================>.......] - ETA: 0s - loss: 0.3296 - accuracy: 0.8875
11/13 [========================>.....] - ETA: 0s - loss: 0.3227 - accuracy: 0.8835
12/13 [==========================>...] - ETA: 0s - loss: 0.3291 - accuracy: 0.8802
13/13 [==============================] - 3s 263ms/step - loss: 0.3464 - accuracy: 0.8798 - val_loss: 0.9102 - val_accuracy: 0.9108
Epoch 5/20

 1/13 [=>............................] - ETA: 1s - loss: 0.3962 - accuracy: 0.8125
 2/13 [===>..........................] - ETA: 1s - loss: 0.3325 - accuracy: 0.8438
 3/13 [=====>........................] - ETA: 0s - loss: 0.3489 - accuracy: 0.8438
 4/13 [========>.....................] - ETA: 0s - loss: 0.3280 - accuracy: 0.8438
 5/13 [==========>...................] - ETA: 0s - loss: 0.3120 - accuracy: 0.8500
 6/13 [============>.................] - ETA: 0s - loss: 0.2958 - accuracy: 0.8542
 7/13 [===============>..............] - ETA: 0s - loss: 0.2854 - accuracy: 0.8616
 8/13 [=================>............] - ETA: 0s - loss: 0.2698 - accuracy: 0.8711
 9/13 [===================>..........] - ETA: 0s - loss: 0.2526 - accuracy: 0.8785
10/13 [======================>.......] - ETA: 0s - loss: 0.2544 - accuracy: 0.8781
11/13 [========================>.....] - ETA: 0s - loss: 0.2561 - accuracy: 0.8835
12/13 [==========================>...] - ETA: 0s - loss: 0.2577 - accuracy: 0.8828
13/13 [==============================] - 4s 298ms/step - loss: 0.2452 - accuracy: 0.8894 - val_loss: 0.1898 - val_accuracy: 0.9033
Epoch 6/20

 1/13 [=>............................] - ETA: 1s - loss: 0.1319 - accuracy: 0.9688
 2/13 [===>..........................] - ETA: 0s - loss: 0.2780 - accuracy: 0.9531
 3/13 [=====>........................] - ETA: 0s - loss: 0.2906 - accuracy: 0.9167
 4/13 [========>.....................] - ETA: 0s - loss: 0.2483 - accuracy: 0.9297
 5/13 [==========>...................] - ETA: 0s - loss: 0.2261 - accuracy: 0.9375
 6/13 [============>.................] - ETA: 0s - loss: 0.2135 - accuracy: 0.9427
 7/13 [===============>..............] - ETA: 0s - loss: 0.2116 - accuracy: 0.9375
 8/13 [=================>............] - ETA: 0s - loss: 0.1939 - accuracy: 0.9414
 9/13 [===================>..........] - ETA: 0s - loss: 0.1917 - accuracy: 0.9375
10/13 [======================>.......] - ETA: 0s - loss: 0.1972 - accuracy: 0.9312
11/13 [========================>.....] - ETA: 0s - loss: 0.1940 - accuracy: 0.9318
12/13 [==========================>...] - ETA: 0s - loss: 0.1940 - accuracy: 0.9349
13/13 [==============================] - 3s 256ms/step - loss: 0.1852 - accuracy: 0.9375 - val_loss: 0.8402 - val_accuracy: 0.9294
Epoch 7/20

 1/13 [=>............................] - ETA: 1s - loss: 0.0791 - accuracy: 0.9688
 2/13 [===>..........................] - ETA: 1s - loss: 0.1911 - accuracy: 0.9375
 3/13 [=====>........................] - ETA: 0s - loss: 0.2096 - accuracy: 0.9375
 4/13 [========>.....................] - ETA: 0s - loss: 0.1890 - accuracy: 0.9453
 5/13 [==========>...................] - ETA: 0s - loss: 0.1902 - accuracy: 0.9500
 6/13 [============>.................] - ETA: 0s - loss: 0.1937 - accuracy: 0.9427
 7/13 [===============>..............] - ETA: 0s - loss: 0.1891 - accuracy: 0.9420
 8/13 [=================>............] - ETA: 0s - loss: 0.1869 - accuracy: 0.9414
 9/13 [===================>..........] - ETA: 0s - loss: 0.1735 - accuracy: 0.9479
10/13 [======================>.......] - ETA: 0s - loss: 0.1914 - accuracy: 0.9406
11/13 [========================>.....] - ETA: 0s - loss: 0.1939 - accuracy: 0.9375
12/13 [==========================>...] - ETA: 0s - loss: 0.1946 - accuracy: 0.9401
13/13 [==============================] - 3s 263ms/step - loss: 0.1873 - accuracy: 0.9423 - val_loss: 0.1692 - val_accuracy: 0.8872
Epoch 8/20

 1/13 [=>............................] - ETA: 1s - loss: 0.1528 - accuracy: 0.9062
 2/13 [===>..........................] - ETA: 1s - loss: 0.1434 - accuracy: 0.9298
 3/13 [=====>........................] - ETA: 0s - loss: 0.1471 - accuracy: 0.9213
 4/13 [========>.....................] - ETA: 0s - loss: 0.1426 - accuracy: 0.9256
 5/13 [==========>...................] - ETA: 0s - loss: 0.1307 - accuracy: 0.9412
 6/13 [============>.................] - ETA: 0s - loss: 0.1346 - accuracy: 0.9459
 7/13 [===============>..............] - ETA: 0s - loss: 0.1377 - accuracy: 0.9447
 8/13 [=================>............] - ETA: 0s - loss: 0.1471 - accuracy: 0.9438
 9/13 [===================>..........] - ETA: 0s - loss: 0.1606 - accuracy: 0.9395
10/13 [======================>.......] - ETA: 0s - loss: 0.1629 - accuracy: 0.9393
11/13 [========================>.....] - ETA: 0s - loss: 0.1520 - accuracy: 0.9449
12/13 [==========================>...] - ETA: 0s - loss: 0.1448 - accuracy: 0.9496
13/13 [==============================] - 3s 254ms/step - loss: 0.1513 - accuracy: 0.9511 - val_loss: 0.0348 - val_accuracy: 0.9083
Epoch 9/20

 1/13 [=>............................] - ETA: 1s - loss: 0.2589 - accuracy: 0.9688
 2/13 [===>..........................] - ETA: 0s - loss: 0.2541 - accuracy: 0.9219
 3/13 [=====>........................] - ETA: 0s - loss: 0.2074 - accuracy: 0.9271
 4/13 [========>.....................] - ETA: 0s - loss: 0.1668 - accuracy: 0.9453
 5/13 [==========>...................] - ETA: 0s - loss: 0.2094 - accuracy: 0.9250
 6/13 [============>.................] - ETA: 0s - loss: 0.1908 - accuracy: 0.9323
 7/13 [===============>..............] - ETA: 0s - loss: 0.1729 - accuracy: 0.9375
 8/13 [=================>............] - ETA: 0s - loss: 0.1588 - accuracy: 0.9414
 9/13 [===================>..........] - ETA: 0s - loss: 0.1529 - accuracy: 0.9410
10/13 [======================>.......] - ETA: 0s - loss: 0.1590 - accuracy: 0.9344
11/13 [========================>.....] - ETA: 0s - loss: 0.1635 - accuracy: 0.9290
12/13 [==========================>...] - ETA: 0s - loss: 0.1611 - accuracy: 0.9297
13/13 [==============================] - 3s 255ms/step - loss: 0.1585 - accuracy: 0.9327 - val_loss: 0.1032 - val_accuracy: 0.9170
Epoch 10/20

 1/13 [=>............................] - ETA: 1s - loss: 0.1068 - accuracy: 0.9688
 2/13 [===>..........................] - ETA: 1s - loss: 0.1465 - accuracy: 0.9375
 3/13 [=====>........................] - ETA: 1s - loss: 0.1609 - accuracy: 0.9375
 4/13 [========>.....................] - ETA: 1s - loss: 0.1627 - accuracy: 0.9375
 5/13 [==========>...................] - ETA: 1s - loss: 0.1422 - accuracy: 0.9500
 6/13 [============>.................] - ETA: 1s - loss: 0.1561 - accuracy: 0.9375
 7/13 [===============>..............] - ETA: 0s - loss: 0.1667 - accuracy: 0.9375
 8/13 [=================>............] - ETA: 0s - loss: 0.1537 - accuracy: 0.9453
 9/13 [===================>..........] - ETA: 0s - loss: 0.1406 - accuracy: 0.9514
10/13 [======================>.......] - ETA: 0s - loss: 0.1358 - accuracy: 0.9531
11/13 [========================>.....] - ETA: 0s - loss: 0.1369 - accuracy: 0.9545
12/13 [==========================>...] - ETA: 0s - loss: 0.1297 - accuracy: 0.9583
13/13 [==============================] - 4s 310ms/step - loss: 0.1374 - accuracy: 0.9519 - val_loss: 0.0846 - val_accuracy: 0.9195
Epoch 11/20

 1/13 [=>............................] - ETA: 1s - loss: 0.0640 - accuracy: 0.9688
 2/13 [===>..........................] - ETA: 0s - loss: 0.0576 - accuracy: 0.9844
 3/13 [=====>........................] - ETA: 0s - loss: 0.0538 - accuracy: 0.9896
 4/13 [========>.....................] - ETA: 0s - loss: 0.0552 - accuracy: 0.9844
 5/13 [==========>...................] - ETA: 0s - loss: 0.0551 - accuracy: 0.9875
 6/13 [============>.................] - ETA: 0s - loss: 0.0603 - accuracy: 0.9844
 7/13 [===============>..............] - ETA: 0s - loss: 0.0571 - accuracy: 0.9821
 8/13 [=================>............] - ETA: 0s - loss: 0.1170 - accuracy: 0.9727
 9/13 [===================>..........] - ETA: 0s - loss: 0.1257 - accuracy: 0.9688
10/13 [======================>.......] - ETA: 0s - loss: 0.1254 - accuracy: 0.9688
11/13 [========================>.....] - ETA: 0s - loss: 0.1231 - accuracy: 0.9659
12/13 [==========================>...] - ETA: 0s - loss: 0.1204 - accuracy: 0.9635
13/13 [==============================] - 3s 254ms/step - loss: 0.1198 - accuracy: 0.9639 - val_loss: 0.1715 - val_accuracy: 0.9145
Epoch 12/20

 1/13 [=>............................] - ETA: 1s - loss: 0.1899 - accuracy: 0.9375
 2/13 [===>..........................] - ETA: 0s - loss: 0.1167 - accuracy: 0.9688
 3/13 [=====>........................] - ETA: 0s - loss: 0.1275 - accuracy: 0.9688
 4/13 [========>.....................] - ETA: 0s - loss: 0.1211 - accuracy: 0.9609
 5/13 [==========>...................] - ETA: 0s - loss: 0.1487 - accuracy: 0.9438
 6/13 [============>.................] - ETA: 0s - loss: 0.1644 - accuracy: 0.9375
 7/13 [===============>..............] - ETA: 0s - loss: 0.1462 - accuracy: 0.9464
 8/13 [=================>............] - ETA: 0s - loss: 0.1366 - accuracy: 0.9492
 9/13 [===================>..........] - ETA: 0s - loss: 0.1275 - accuracy: 0.9514
10/13 [======================>.......] - ETA: 0s - loss: 0.1191 - accuracy: 0.9563
11/13 [========================>.....] - ETA: 0s - loss: 0.1175 - accuracy: 0.9574
12/13 [==========================>...] - ETA: 0s - loss: 0.1297 - accuracy: 0.9505
13/13 [==============================] - 3s 258ms/step - loss: 0.1233 - accuracy: 0.9543 - val_loss: 0.0110 - val_accuracy: 0.9182
Epoch 13/20

 1/13 [=>............................] - ETA: 1s - loss: 0.0408 - accuracy: 1.0000
 2/13 [===>..........................] - ETA: 0s - loss: 0.1483 - accuracy: 0.9688
 3/13 [=====>........................] - ETA: 0s - loss: 0.1482 - accuracy: 0.9688
 4/13 [========>.....................] - ETA: 0s - loss: 0.1481 - accuracy: 0.9531
 5/13 [==========>...................] - ETA: 0s - loss: 0.1293 - accuracy: 0.9625
 6/13 [============>.................] - ETA: 0s - loss: 0.1307 - accuracy: 0.9635
 7/13 [===============>..............] - ETA: 0s - loss: 0.1308 - accuracy: 0.9643
 8/13 [=================>............] - ETA: 0s - loss: 0.1360 - accuracy: 0.9609
 9/13 [===================>..........] - ETA: 0s - loss: 0.1258 - accuracy: 0.9618
10/13 [======================>.......] - ETA: 0s - loss: 0.1165 - accuracy: 0.9656
11/13 [========================>.....] - ETA: 0s - loss: 0.1106 - accuracy: 0.9681
12/13 [==========================>...] - ETA: 0s - loss: 0.1121 - accuracy: 0.9629
13/13 [==============================] - 3s 258ms/step - loss: 0.1084 - accuracy: 0.9658 - val_loss: 0.0411 - val_accuracy: 0.9244
Epoch 14/20

 1/13 [=>............................] - ETA: 1s - loss: 0.2127 - accuracy: 0.9375
 2/13 [===>..........................] - ETA: 0s - loss: 0.2465 - accuracy: 0.9219
 3/13 [=====>........................] - ETA: 0s - loss: 0.2006 - accuracy: 0.9375
 4/13 [========>.....................] - ETA: 0s - loss: 0.1639 - accuracy: 0.9531
 5/13 [==========>...................] - ETA: 0s - loss: 0.1510 - accuracy: 0.9500
 6/13 [============>.................] - ETA: 0s - loss: 0.1493 - accuracy: 0.9531
 7/13 [===============>..............] - ETA: 0s - loss: 0.1511 - accuracy: 0.9554
 8/13 [=================>............] - ETA: 0s - loss: 0.1369 - accuracy: 0.9570
 9/13 [===================>..........] - ETA: 0s - loss: 0.1303 - accuracy: 0.9583
10/13 [======================>.......] - ETA: 0s - loss: 0.1327 - accuracy: 0.9563
11/13 [========================>.....] - ETA: 0s - loss: 0.1288 - accuracy: 0.9602
12/13 [==========================>...] - ETA: 0s - loss: 0.1210 - accuracy: 0.9635
13/13 [==============================] - 4s 281ms/step - loss: 0.1138 - accuracy: 0.9663 - val_loss: 0.4451 - val_accuracy: 0.9145
Epoch 15/20

 1/13 [=>............................] - ETA: 1s - loss: 0.1377 - accuracy: 0.9688
 2/13 [===>..........................] - ETA: 0s - loss: 0.1453 - accuracy: 0.9531
 3/13 [=====>........................] - ETA: 0s - loss: 0.1310 - accuracy: 0.9583
 4/13 [========>.....................] - ETA: 0s - loss: 0.1185 - accuracy: 0.9688
 5/13 [==========>...................] - ETA: 0s - loss: 0.0985 - accuracy: 0.9750
 6/13 [============>.................] - ETA: 0s - loss: 0.0846 - accuracy: 0.9792
 7/13 [===============>..............] - ETA: 0s - loss: 0.0825 - accuracy: 0.9821
 8/13 [=================>............] - ETA: 0s - loss: 0.0770 - accuracy: 0.9844
 9/13 [===================>..........] - ETA: 0s - loss: 0.0715 - accuracy: 0.9858
10/13 [======================>.......] - ETA: 0s - loss: 0.0751 - accuracy: 0.9808
11/13 [========================>.....] - ETA: 0s - loss: 0.0706 - accuracy: 0.9826
12/13 [==========================>...] - ETA: 0s - loss: 0.0734 - accuracy: 0.9841
13/13 [==============================] - 3s 266ms/step - loss: 0.0795 - accuracy: 0.9829 - val_loss: 0.6378 - val_accuracy: 0.9232
Epoch 16/20

 1/13 [=>............................] - ETA: 1s - loss: 0.1354 - accuracy: 0.9375
 2/13 [===>..........................] - ETA: 1s - loss: 0.1072 - accuracy: 0.9531
 3/13 [=====>........................] - ETA: 0s - loss: 0.1183 - accuracy: 0.9479
 4/13 [========>.....................] - ETA: 0s - loss: 0.0995 - accuracy: 0.9609
 5/13 [==========>...................] - ETA: 0s - loss: 0.1082 - accuracy: 0.9563
 6/13 [============>.................] - ETA: 0s - loss: 0.1396 - accuracy: 0.9427
 7/13 [===============>..............] - ETA: 0s - loss: 0.1311 - accuracy: 0.9464
 8/13 [=================>............] - ETA: 0s - loss: 0.1222 - accuracy: 0.9492
 9/13 [===================>..........] - ETA: 0s - loss: 0.1204 - accuracy: 0.9479
10/13 [======================>.......] - ETA: 0s - loss: 0.1124 - accuracy: 0.9531
11/13 [========================>.....] - ETA: 0s - loss: 0.1078 - accuracy: 0.9545
12/13 [==========================>...] - ETA: 0s - loss: 0.1178 - accuracy: 0.9531
13/13 [==============================] - 3s 266ms/step - loss: 0.1139 - accuracy: 0.9543 - val_loss: 0.6823 - val_accuracy: 0.9257
Epoch 17/20

 1/13 [=>............................] - ETA: 1s - loss: 0.0846 - accuracy: 1.0000
 2/13 [===>..........................] - ETA: 1s - loss: 0.1163 - accuracy: 0.9531
 3/13 [=====>........................] - ETA: 0s - loss: 0.1321 - accuracy: 0.9375
 4/13 [========>.....................] - ETA: 0s - loss: 0.1072 - accuracy: 0.9531
 5/13 [==========>...................] - ETA: 0s - loss: 0.0945 - accuracy: 0.9625
 6/13 [============>.................] - ETA: 0s - loss: 0.0813 - accuracy: 0.9688
 7/13 [===============>..............] - ETA: 0s - loss: 0.0790 - accuracy: 0.9688
 8/13 [=================>............] - ETA: 0s - loss: 0.0805 - accuracy: 0.9648
 9/13 [===================>..........] - ETA: 0s - loss: 0.0854 - accuracy: 0.9618
10/13 [======================>.......] - ETA: 0s - loss: 0.0815 - accuracy: 0.9625
11/13 [========================>.....] - ETA: 0s - loss: 0.0782 - accuracy: 0.9631
12/13 [==========================>...] - ETA: 0s - loss: 0.0735 - accuracy: 0.9661
13/13 [==============================] - 3s 263ms/step - loss: 0.0730 - accuracy: 0.9663 - val_loss: 0.4983 - val_accuracy: 0.9257
Epoch 18/20

 1/13 [=>............................] - ETA: 1s - loss: 0.0906 - accuracy: 0.9688
 2/13 [===>..........................] - ETA: 1s - loss: 0.0768 - accuracy: 0.9531
 3/13 [=====>........................] - ETA: 0s - loss: 0.0879 - accuracy: 0.9479
 4/13 [========>.....................] - ETA: 0s - loss: 0.1297 - accuracy: 0.9375
 5/13 [==========>...................] - ETA: 0s - loss: 0.1063 - accuracy: 0.9500
 6/13 [============>.................] - ETA: 0s - loss: 0.1275 - accuracy: 0.9479
 7/13 [===============>..............] - ETA: 0s - loss: 0.1353 - accuracy: 0.9464
 8/13 [=================>............] - ETA: 0s - loss: 0.1236 - accuracy: 0.9531
 9/13 [===================>..........] - ETA: 0s - loss: 0.1182 - accuracy: 0.9549
10/13 [======================>.......] - ETA: 0s - loss: 0.1144 - accuracy: 0.9563
11/13 [========================>.....] - ETA: 0s - loss: 0.1401 - accuracy: 0.9574
12/13 [==========================>...] - ETA: 0s - loss: 0.1343 - accuracy: 0.9583
13/13 [==============================] - 3s 267ms/step - loss: 0.1301 - accuracy: 0.9591 - val_loss: 0.0466 - val_accuracy: 0.9145
Epoch 19/20

 1/13 [=>............................] - ETA: 1s - loss: 0.2590 - accuracy: 0.8750
 2/13 [===>..........................] - ETA: 1s - loss: 0.1668 - accuracy: 0.9219
 3/13 [=====>........................] - ETA: 1s - loss: 0.1263 - accuracy: 0.9479
 4/13 [========>.....................] - ETA: 0s - loss: 0.1785 - accuracy: 0.9504
 5/13 [==========>...................] - ETA: 0s - loss: 0.1729 - accuracy: 0.9412
 6/13 [============>.................] - ETA: 0s - loss: 0.1502 - accuracy: 0.9514
 7/13 [===============>..............] - ETA: 0s - loss: 0.1382 - accuracy: 0.9585
 8/13 [=================>............] - ETA: 0s - loss: 0.1266 - accuracy: 0.9639
 9/13 [===================>..........] - ETA: 0s - loss: 0.1147 - accuracy: 0.9680
10/13 [======================>.......] - ETA: 0s - loss: 0.1124 - accuracy: 0.9681
11/13 [========================>.....] - ETA: 0s - loss: 0.1156 - accuracy: 0.9681
12/13 [==========================>...] - ETA: 0s - loss: 0.1073 - accuracy: 0.9708
13/13 [==============================] - 4s 269ms/step - loss: 0.1058 - accuracy: 0.9707 - val_loss: 0.1376 - val_accuracy: 0.9145
Epoch 20/20

 1/13 [=>............................] - ETA: 1s - loss: 0.0320 - accuracy: 1.0000
 2/13 [===>..........................] - ETA: 0s - loss: 0.0515 - accuracy: 0.9844
 3/13 [=====>........................] - ETA: 0s - loss: 0.0510 - accuracy: 0.9896
 4/13 [========>.....................] - ETA: 0s - loss: 0.0475 - accuracy: 0.9922
 5/13 [==========>...................] - ETA: 0s - loss: 0.0461 - accuracy: 0.9937
 6/13 [============>.................] - ETA: 0s - loss: 0.0455 - accuracy: 0.9948
 7/13 [===============>..............] - ETA: 0s - loss: 0.0493 - accuracy: 0.9911
 8/13 [=================>............] - ETA: 0s - loss: 0.0465 - accuracy: 0.9922
 9/13 [===================>..........] - ETA: 0s - loss: 0.0515 - accuracy: 0.9896
10/13 [======================>.......] - ETA: 0s - loss: 0.0500 - accuracy: 0.9906
11/13 [========================>.....] - ETA: 0s - loss: 0.0492 - accuracy: 0.9886
12/13 [==========================>...] - ETA: 0s - loss: 0.0499 - accuracy: 0.9870
13/13 [==============================] - 3s 257ms/step - loss: 0.0497 - accuracy: 0.9880 - val_loss: 0.1966 - val_accuracy: 0.9257
[0.16356121003627777, 0.9256258010864258]
