2021-01-25 18:07:52.750397: I tensorflow/stream_executor/platform/default/dso_loader.cc:44] Successfully opened dynamic library libcuda.so.1
2021-01-25 18:07:52.818634: I tensorflow/core/common_runtime/gpu/gpu_device.cc:1618] Found device 0 with properties: 
name: TITAN X (Pascal) major: 6 minor: 1 memoryClockRate(GHz): 1.531
pciBusID: 0000:04:00.0
2021-01-25 18:07:52.818828: I tensorflow/stream_executor/platform/default/dso_loader.cc:44] Successfully opened dynamic library libcudart.so.10.0
2021-01-25 18:07:52.820256: I tensorflow/stream_executor/platform/default/dso_loader.cc:44] Successfully opened dynamic library libcublas.so.10.0
2021-01-25 18:07:52.821494: I tensorflow/stream_executor/platform/default/dso_loader.cc:44] Successfully opened dynamic library libcufft.so.10.0
2021-01-25 18:07:52.821769: I tensorflow/stream_executor/platform/default/dso_loader.cc:44] Successfully opened dynamic library libcurand.so.10.0
2021-01-25 18:07:52.823439: I tensorflow/stream_executor/platform/default/dso_loader.cc:44] Successfully opened dynamic library libcusolver.so.10.0
2021-01-25 18:07:52.824729: I tensorflow/stream_executor/platform/default/dso_loader.cc:44] Successfully opened dynamic library libcusparse.so.10.0
2021-01-25 18:07:52.828710: I tensorflow/stream_executor/platform/default/dso_loader.cc:44] Successfully opened dynamic library libcudnn.so.7
2021-01-25 18:07:52.835653: I tensorflow/core/common_runtime/gpu/gpu_device.cc:1746] Adding visible gpu devices: 0
2021-01-25 18:07:52.835914: I tensorflow/core/platform/cpu_feature_guard.cc:142] Your CPU supports instructions that this TensorFlow binary was not compiled to use: SSE4.1 SSE4.2 AVX AVX2 FMA
2021-01-25 18:07:52.850097: I tensorflow/core/platform/profile_utils/cpu_utils.cc:94] CPU Frequency: 2099810000 Hz
2021-01-25 18:07:52.850581: I tensorflow/compiler/xla/service/service.cc:168] XLA service 0x562ab11286e0 executing computations on platform Host. Devices:
2021-01-25 18:07:52.850632: I tensorflow/compiler/xla/service/service.cc:175]   StreamExecutor device (0): Host, Default Version
2021-01-25 18:07:52.854307: I tensorflow/core/common_runtime/gpu/gpu_device.cc:1618] Found device 0 with properties: 
name: TITAN X (Pascal) major: 6 minor: 1 memoryClockRate(GHz): 1.531
pciBusID: 0000:04:00.0
2021-01-25 18:07:52.854339: I tensorflow/stream_executor/platform/default/dso_loader.cc:44] Successfully opened dynamic library libcudart.so.10.0
2021-01-25 18:07:52.854356: I tensorflow/stream_executor/platform/default/dso_loader.cc:44] Successfully opened dynamic library libcublas.so.10.0
2021-01-25 18:07:52.854369: I tensorflow/stream_executor/platform/default/dso_loader.cc:44] Successfully opened dynamic library libcufft.so.10.0
2021-01-25 18:07:52.854383: I tensorflow/stream_executor/platform/default/dso_loader.cc:44] Successfully opened dynamic library libcurand.so.10.0
2021-01-25 18:07:52.854396: I tensorflow/stream_executor/platform/default/dso_loader.cc:44] Successfully opened dynamic library libcusolver.so.10.0
2021-01-25 18:07:52.854409: I tensorflow/stream_executor/platform/default/dso_loader.cc:44] Successfully opened dynamic library libcusparse.so.10.0
2021-01-25 18:07:52.854422: I tensorflow/stream_executor/platform/default/dso_loader.cc:44] Successfully opened dynamic library libcudnn.so.7
2021-01-25 18:07:52.861342: I tensorflow/core/common_runtime/gpu/gpu_device.cc:1746] Adding visible gpu devices: 0
2021-01-25 18:07:52.861382: I tensorflow/stream_executor/platform/default/dso_loader.cc:44] Successfully opened dynamic library libcudart.so.10.0
2021-01-25 18:07:53.069579: I tensorflow/core/common_runtime/gpu/gpu_device.cc:1159] Device interconnect StreamExecutor with strength 1 edge matrix:
2021-01-25 18:07:53.069621: I tensorflow/core/common_runtime/gpu/gpu_device.cc:1165]      0 
2021-01-25 18:07:53.069628: I tensorflow/core/common_runtime/gpu/gpu_device.cc:1178] 0:   N 
2021-01-25 18:07:53.082196: I tensorflow/core/common_runtime/gpu/gpu_device.cc:1304] Created TensorFlow device (/job:localhost/replica:0/task:0/device:GPU:0 with 11448 MB memory) -> physical GPU (device: 0, name: TITAN X (Pascal), pci bus id: 0000:04:00.0, compute capability: 6.1)
2021-01-25 18:07:53.086169: I tensorflow/compiler/xla/service/service.cc:168] XLA service 0x562ab17734d0 executing computations on platform CUDA. Devices:
2021-01-25 18:07:53.086209: I tensorflow/compiler/xla/service/service.cc:175]   StreamExecutor device (0): TITAN X (Pascal), Compute Capability 6.1
2021-01-25 18:07:59.433250: I tensorflow/stream_executor/platform/default/dso_loader.cc:44] Successfully opened dynamic library libcublas.so.10.0
2021-01-25 18:07:59.687950: I tensorflow/stream_executor/platform/default/dso_loader.cc:44] Successfully opened dynamic library libcudnn.so.7
2021-01-25 18:08:02.924099: I tensorflow/core/profiler/lib/profiler_session.cc:184] Profiler session started.
2021-01-25 18:08:02.925896: I tensorflow/stream_executor/platform/default/dso_loader.cc:44] Successfully opened dynamic library libcupti.so.10.0
2021-01-25 18:08:03.701973: I tensorflow/core/platform/default/device_tracer.cc:588] Collecting 942 kernel records, 9 memcpy records.
Using TensorFlow backend.
w4code_example.py:51: UserWarning: Update your `Model` call to the Keras 2 API: `Model(inputs=Tensor("in..., outputs=Tensor("pr...)`
  model = Model(input=base_model.input, output=x)
w4code_example.py:99: UserWarning: The semantics of the Keras 2 argument `steps_per_epoch` is not the same as the Keras 1 argument `samples_per_epoch`. `steps_per_epoch` is the number of batches to draw from the generator at each epoch. Basically steps_per_epoch = samples_per_epoch/batch_size. Similarly `nb_val_samples`->`validation_steps` and `val_samples`->`steps` arguments have changed. Update your method calls accordingly.
  validation_steps= (int(validation_samples//batch_size)+1), callbacks=[tbCallBack])
w4code_example.py:99: UserWarning: Update your `fit_generator` call to the Keras 2 API: `fit_generator(<keras.pre..., steps_per_epoch=13, validation_data=<keras.pre..., validation_steps=26, callbacks=[<keras.ca..., epochs=20)`
  validation_steps= (int(validation_samples//batch_size)+1), callbacks=[tbCallBack])
w4code_example.py:102: UserWarning: The semantics of the Keras 2 argument `steps_per_epoch` is not the same as the Keras 1 argument `samples_per_epoch`. `steps_per_epoch` is the number of batches to draw from the generator at each epoch. Basically steps_per_epoch = samples_per_epoch/batch_size. Similarly `nb_val_samples`->`validation_steps` and `val_samples`->`steps` arguments have changed. Update your method calls accordingly.
  result = model.evaluate_generator(test_generator, val_samples=validation_samples)
w4code_example.py:102: UserWarning: Update your `evaluate_generator` call to the Keras 2 API: `evaluate_generator(<keras.pre..., steps=807)`
  result = model.evaluate_generator(test_generator, val_samples=validation_samples)
