2021-01-25 14:43:24.635150: I tensorflow/stream_executor/platform/default/dso_loader.cc:44] Successfully opened dynamic library libcuda.so.1
2021-01-25 14:43:24.727451: I tensorflow/core/common_runtime/gpu/gpu_device.cc:1618] Found device 0 with properties: 
name: TITAN X (Pascal) major: 6 minor: 1 memoryClockRate(GHz): 1.531
pciBusID: 0000:04:00.0
2021-01-25 14:43:24.727746: I tensorflow/stream_executor/platform/default/dso_loader.cc:44] Successfully opened dynamic library libcudart.so.10.0
2021-01-25 14:43:24.730070: I tensorflow/stream_executor/platform/default/dso_loader.cc:44] Successfully opened dynamic library libcublas.so.10.0
2021-01-25 14:43:24.732060: I tensorflow/stream_executor/platform/default/dso_loader.cc:44] Successfully opened dynamic library libcufft.so.10.0
2021-01-25 14:43:24.732498: I tensorflow/stream_executor/platform/default/dso_loader.cc:44] Successfully opened dynamic library libcurand.so.10.0
2021-01-25 14:43:24.735147: I tensorflow/stream_executor/platform/default/dso_loader.cc:44] Successfully opened dynamic library libcusolver.so.10.0
2021-01-25 14:43:24.737194: I tensorflow/stream_executor/platform/default/dso_loader.cc:44] Successfully opened dynamic library libcusparse.so.10.0
2021-01-25 14:43:24.743303: I tensorflow/stream_executor/platform/default/dso_loader.cc:44] Successfully opened dynamic library libcudnn.so.7
2021-01-25 14:43:24.751694: I tensorflow/core/common_runtime/gpu/gpu_device.cc:1746] Adding visible gpu devices: 0
2021-01-25 14:43:24.752106: I tensorflow/core/platform/cpu_feature_guard.cc:142] Your CPU supports instructions that this TensorFlow binary was not compiled to use: SSE4.1 SSE4.2 AVX AVX2 FMA
2021-01-25 14:43:24.762151: I tensorflow/core/platform/profile_utils/cpu_utils.cc:94] CPU Frequency: 2099810000 Hz
2021-01-25 14:43:24.762679: I tensorflow/compiler/xla/service/service.cc:168] XLA service 0x55c8f1e078a0 executing computations on platform Host. Devices:
2021-01-25 14:43:24.762732: I tensorflow/compiler/xla/service/service.cc:175]   StreamExecutor device (0): Host, Default Version
2021-01-25 14:43:24.767080: I tensorflow/core/common_runtime/gpu/gpu_device.cc:1618] Found device 0 with properties: 
name: TITAN X (Pascal) major: 6 minor: 1 memoryClockRate(GHz): 1.531
pciBusID: 0000:04:00.0
2021-01-25 14:43:24.767127: I tensorflow/stream_executor/platform/default/dso_loader.cc:44] Successfully opened dynamic library libcudart.so.10.0
2021-01-25 14:43:24.767152: I tensorflow/stream_executor/platform/default/dso_loader.cc:44] Successfully opened dynamic library libcublas.so.10.0
2021-01-25 14:43:24.767172: I tensorflow/stream_executor/platform/default/dso_loader.cc:44] Successfully opened dynamic library libcufft.so.10.0
2021-01-25 14:43:24.767193: I tensorflow/stream_executor/platform/default/dso_loader.cc:44] Successfully opened dynamic library libcurand.so.10.0
2021-01-25 14:43:24.767213: I tensorflow/stream_executor/platform/default/dso_loader.cc:44] Successfully opened dynamic library libcusolver.so.10.0
2021-01-25 14:43:24.767233: I tensorflow/stream_executor/platform/default/dso_loader.cc:44] Successfully opened dynamic library libcusparse.so.10.0
2021-01-25 14:43:24.767253: I tensorflow/stream_executor/platform/default/dso_loader.cc:44] Successfully opened dynamic library libcudnn.so.7
2021-01-25 14:43:24.775411: I tensorflow/core/common_runtime/gpu/gpu_device.cc:1746] Adding visible gpu devices: 0
2021-01-25 14:43:24.775469: I tensorflow/stream_executor/platform/default/dso_loader.cc:44] Successfully opened dynamic library libcudart.so.10.0
2021-01-25 14:43:25.027585: I tensorflow/core/common_runtime/gpu/gpu_device.cc:1159] Device interconnect StreamExecutor with strength 1 edge matrix:
2021-01-25 14:43:25.027641: I tensorflow/core/common_runtime/gpu/gpu_device.cc:1165]      0 
2021-01-25 14:43:25.027652: I tensorflow/core/common_runtime/gpu/gpu_device.cc:1178] 0:   N 
2021-01-25 14:43:25.039105: I tensorflow/core/common_runtime/gpu/gpu_device.cc:1304] Created TensorFlow device (/job:localhost/replica:0/task:0/device:GPU:0 with 11448 MB memory) -> physical GPU (device: 0, name: TITAN X (Pascal), pci bus id: 0000:04:00.0, compute capability: 6.1)
2021-01-25 14:43:25.043235: I tensorflow/compiler/xla/service/service.cc:168] XLA service 0x55c8f244cd00 executing computations on platform CUDA. Devices:
2021-01-25 14:43:25.043259: I tensorflow/compiler/xla/service/service.cc:175]   StreamExecutor device (0): TITAN X (Pascal), Compute Capability 6.1
2021-01-25 14:43:29.458030: I tensorflow/stream_executor/platform/default/dso_loader.cc:44] Successfully opened dynamic library libcublas.so.10.0
2021-01-25 14:43:29.711850: I tensorflow/stream_executor/platform/default/dso_loader.cc:44] Successfully opened dynamic library libcudnn.so.7
2021-01-25 14:43:31.717521: I tensorflow/core/profiler/lib/profiler_session.cc:184] Profiler session started.
2021-01-25 14:43:31.719321: I tensorflow/stream_executor/platform/default/dso_loader.cc:44] Successfully opened dynamic library libcupti.so.10.0
2021-01-25 14:43:32.253323: I tensorflow/core/platform/default/device_tracer.cc:588] Collecting 170 kernel records, 9 memcpy records.
slurmstepd: error: *** JOB 13268 ON etse-75-51 CANCELLED AT 2021-01-25T14:44:49 ***
