input_1 False
block1_conv1 True
block1_conv2 True
block1_pool True
block2_conv1 True
block2_conv2 True
block2_pool True
block3_conv1 True
block3_conv2 True
block3_conv3 True
block3_pool True
block4_conv1 True
block4_conv2 True
block4_conv3 True
block4_pool True
block5_conv1 True
block5_conv2 True
block5_conv3 True
block5_pool True
flatten True
fc1 True
fc2 True
predictions True
Found 1881 images belonging to 8 classes.
Found 807 images belonging to 8 classes.
Found 807 images belonging to 8 classes.
Epoch 1/20

 1/13 [=>............................] - ETA: 53s - loss: 2.9190 - accuracy: 0.0625
 2/13 [===>..........................] - ETA: 26s - loss: 355.2364 - accuracy: 0.0469
 3/13 [=====>........................] - ETA: 17s - loss: 3916.4916 - accuracy: 0.0729
 4/13 [========>.....................] - ETA: 12s - loss: 2939.7161 - accuracy: 0.0703
 5/13 [==========>...................] - ETA: 9s - loss: 2432.3482 - accuracy: 0.0812 
 6/13 [============>.................] - ETA: 7s - loss: 2030.2042 - accuracy: 0.0833
 7/13 [===============>..............] - ETA: 5s - loss: 1755.4716 - accuracy: 0.0848
 8/13 [=================>............] - ETA: 4s - loss: 1536.9423 - accuracy: 0.0820
 9/13 [===================>..........] - ETA: 3s - loss: 1367.2102 - accuracy: 0.0903
10/13 [======================>.......] - ETA: 2s - loss: 1231.1468 - accuracy: 0.1063
11/13 [========================>.....] - ETA: 1s - loss: 1119.5588 - accuracy: 0.1193
12/13 [==========================>...] - ETA: 0s - loss: 1027.6530 - accuracy: 0.1146
13/13 [==============================] - 11s 850ms/step - loss: 949.4761 - accuracy: 0.1154 - val_loss: 3.0230 - val_accuracy: 0.0991
Epoch 2/20

 1/13 [=>............................] - ETA: 4s - loss: 2.8579 - accuracy: 0.2188
 2/13 [===>..........................] - ETA: 3s - loss: 3.0811 - accuracy: 0.1875
 3/13 [=====>........................] - ETA: 3s - loss: 2.8592 - accuracy: 0.1875
 4/13 [========>.....................] - ETA: 2s - loss: 2.9913 - accuracy: 0.1641
 5/13 [==========>...................] - ETA: 2s - loss: 3.0021 - accuracy: 0.1625
 6/13 [============>.................] - ETA: 2s - loss: 3.0108 - accuracy: 0.1510
 7/13 [===============>..............] - ETA: 1s - loss: 2.9710 - accuracy: 0.1339
 8/13 [=================>............] - ETA: 1s - loss: 2.8753 - accuracy: 0.1250
 9/13 [===================>..........] - ETA: 1s - loss: 2.7854 - accuracy: 0.1285
10/13 [======================>.......] - ETA: 0s - loss: 2.7480 - accuracy: 0.1250
11/13 [========================>.....] - ETA: 0s - loss: 2.6993 - accuracy: 0.1250
12/13 [==========================>...] - ETA: 0s - loss: 2.6469 - accuracy: 0.1328
13/13 [==============================] - 6s 495ms/step - loss: 2.6099 - accuracy: 0.1274 - val_loss: 1.9531 - val_accuracy: 0.1561
Epoch 3/20

 1/13 [=>............................] - ETA: 3s - loss: 2.1865 - accuracy: 0.0625
 2/13 [===>..........................] - ETA: 3s - loss: 2.1549 - accuracy: 0.1406
 3/13 [=====>........................] - ETA: 3s - loss: 2.0899 - accuracy: 0.1458
 4/13 [========>.....................] - ETA: 2s - loss: 2.0766 - accuracy: 0.1250
 5/13 [==========>...................] - ETA: 2s - loss: 2.0804 - accuracy: 0.1375
 6/13 [============>.................] - ETA: 2s - loss: 2.0829 - accuracy: 0.1406
 7/13 [===============>..............] - ETA: 1s - loss: 2.0785 - accuracy: 0.1384
 8/13 [=================>............] - ETA: 1s - loss: 2.0878 - accuracy: 0.1367
 9/13 [===================>..........] - ETA: 1s - loss: 2.0623 - accuracy: 0.1597
10/13 [======================>.......] - ETA: 0s - loss: 2.0621 - accuracy: 0.1750
11/13 [========================>.....] - ETA: 0s - loss: 2.0897 - accuracy: 0.1648
12/13 [==========================>...] - ETA: 0s - loss: 2.0610 - accuracy: 0.1823
13/13 [==============================] - 6s 491ms/step - loss: 2.0916 - accuracy: 0.1803 - val_loss: 1.9249 - val_accuracy: 0.2639
Epoch 4/20

 1/13 [=>............................] - ETA: 3s - loss: 1.8758 - accuracy: 0.3750
 2/13 [===>..........................] - ETA: 3s - loss: 1.9443 - accuracy: 0.3281
 3/13 [=====>........................] - ETA: 3s - loss: 1.9472 - accuracy: 0.3021
 4/13 [========>.....................] - ETA: 2s - loss: 1.9653 - accuracy: 0.3047
 5/13 [==========>...................] - ETA: 2s - loss: 1.9784 - accuracy: 0.2812
 6/13 [============>.................] - ETA: 2s - loss: 2.3028 - accuracy: 0.2604
 7/13 [===============>..............] - ETA: 1s - loss: 2.2514 - accuracy: 0.2500
 8/13 [=================>............] - ETA: 1s - loss: 2.2341 - accuracy: 0.2344
 9/13 [===================>..........] - ETA: 1s - loss: 2.2060 - accuracy: 0.2361
10/13 [======================>.......] - ETA: 0s - loss: 2.1689 - accuracy: 0.2375
11/13 [========================>.....] - ETA: 0s - loss: 2.1552 - accuracy: 0.2273
12/13 [==========================>...] - ETA: 0s - loss: 2.1379 - accuracy: 0.2292
13/13 [==============================] - 6s 487ms/step - loss: 2.1059 - accuracy: 0.2452 - val_loss: 1.7286 - val_accuracy: 0.1834
Epoch 5/20

 1/13 [=>............................] - ETA: 3s - loss: 1.9450 - accuracy: 0.2500
 2/13 [===>..........................] - ETA: 3s - loss: 2.0014 - accuracy: 0.2344
 3/13 [=====>........................] - ETA: 3s - loss: 1.9439 - accuracy: 0.2500
 4/13 [========>.....................] - ETA: 2s - loss: 1.9729 - accuracy: 0.2422
 5/13 [==========>...................] - ETA: 4s - loss: 1.9284 - accuracy: 0.2745
 6/13 [============>.................] - ETA: 3s - loss: 1.9009 - accuracy: 0.2757
 7/13 [===============>..............] - ETA: 3s - loss: 1.9453 - accuracy: 0.2673
 8/13 [=================>............] - ETA: 2s - loss: 1.9379 - accuracy: 0.2610
 9/13 [===================>..........] - ETA: 1s - loss: 1.8932 - accuracy: 0.2847
10/13 [======================>.......] - ETA: 1s - loss: 1.8819 - accuracy: 0.2939
11/13 [========================>.....] - ETA: 0s - loss: 1.8677 - accuracy: 0.2928
12/13 [==========================>...] - ETA: 0s - loss: 1.8662 - accuracy: 0.2785
13/13 [==============================] - 8s 602ms/step - loss: 1.8472 - accuracy: 0.2861 - val_loss: 1.6585 - val_accuracy: 0.3903
Epoch 6/20

 1/13 [=>............................] - ETA: 3s - loss: 1.6272 - accuracy: 0.4062
 2/13 [===>..........................] - ETA: 3s - loss: 1.6009 - accuracy: 0.3750
 3/13 [=====>........................] - ETA: 3s - loss: 1.6985 - accuracy: 0.3125
 4/13 [========>.....................] - ETA: 2s - loss: 1.7410 - accuracy: 0.3203
 5/13 [==========>...................] - ETA: 2s - loss: 1.7127 - accuracy: 0.3187
 6/13 [============>.................] - ETA: 2s - loss: 1.7682 - accuracy: 0.3021
 7/13 [===============>..............] - ETA: 1s - loss: 1.8009 - accuracy: 0.2902
 8/13 [=================>............] - ETA: 1s - loss: 1.8122 - accuracy: 0.2812
 9/13 [===================>..........] - ETA: 1s - loss: 1.7768 - accuracy: 0.2986
10/13 [======================>.......] - ETA: 0s - loss: 1.7384 - accuracy: 0.3187
11/13 [========================>.....] - ETA: 0s - loss: 1.7418 - accuracy: 0.3182
12/13 [==========================>...] - ETA: 0s - loss: 1.7199 - accuracy: 0.3229
13/13 [==============================] - 6s 496ms/step - loss: 1.6923 - accuracy: 0.3341 - val_loss: 1.0413 - val_accuracy: 0.3866
Epoch 7/20

 1/13 [=>............................] - ETA: 4s - loss: 1.3220 - accuracy: 0.4375
 2/13 [===>..........................] - ETA: 3s - loss: 1.4159 - accuracy: 0.4062
 3/13 [=====>........................] - ETA: 3s - loss: 1.3664 - accuracy: 0.4062
 4/13 [========>.....................] - ETA: 2s - loss: 1.4355 - accuracy: 0.4050
 5/13 [==========>...................] - ETA: 2s - loss: 1.4617 - accuracy: 0.4052
 6/13 [============>.................] - ETA: 2s - loss: 1.5745 - accuracy: 0.3892
 7/13 [===============>..............] - ETA: 1s - loss: 1.6484 - accuracy: 0.3733
 8/13 [=================>............] - ETA: 1s - loss: 1.6712 - accuracy: 0.3655
 9/13 [===================>..........] - ETA: 1s - loss: 1.6278 - accuracy: 0.3915
10/13 [======================>.......] - ETA: 0s - loss: 1.5861 - accuracy: 0.4089
11/13 [========================>.....] - ETA: 0s - loss: 1.5663 - accuracy: 0.4116
12/13 [==========================>...] - ETA: 0s - loss: 1.5822 - accuracy: 0.4111
13/13 [==============================] - 6s 487ms/step - loss: 1.5715 - accuracy: 0.4181 - val_loss: 1.8020 - val_accuracy: 0.4585
Epoch 8/20

 1/13 [=>............................] - ETA: 3s - loss: 1.4065 - accuracy: 0.4375
 2/13 [===>..........................] - ETA: 3s - loss: 1.7021 - accuracy: 0.3438
 3/13 [=====>........................] - ETA: 3s - loss: 1.8733 - accuracy: 0.3229
 4/13 [========>.....................] - ETA: 2s - loss: 1.8815 - accuracy: 0.3047
 5/13 [==========>...................] - ETA: 2s - loss: 1.8818 - accuracy: 0.2875
 6/13 [============>.................] - ETA: 2s - loss: 1.8489 - accuracy: 0.2969
 7/13 [===============>..............] - ETA: 2s - loss: 1.8184 - accuracy: 0.3080
 8/13 [=================>............] - ETA: 1s - loss: 1.7890 - accuracy: 0.3242
 9/13 [===================>..........] - ETA: 1s - loss: 1.7475 - accuracy: 0.3438
10/13 [======================>.......] - ETA: 0s - loss: 1.7282 - accuracy: 0.3562
11/13 [========================>.....] - ETA: 0s - loss: 1.6992 - accuracy: 0.3608
12/13 [==========================>...] - ETA: 0s - loss: 1.6911 - accuracy: 0.3594
13/13 [==============================] - 7s 500ms/step - loss: 1.6831 - accuracy: 0.3510 - val_loss: 1.5642 - val_accuracy: 0.3891
Epoch 9/20

 1/13 [=>............................] - ETA: 3s - loss: 1.7060 - accuracy: 0.3750
 2/13 [===>..........................] - ETA: 3s - loss: 1.6031 - accuracy: 0.4688
 3/13 [=====>........................] - ETA: 3s - loss: 1.5949 - accuracy: 0.4688
 4/13 [========>.....................] - ETA: 2s - loss: 1.6120 - accuracy: 0.4688
 5/13 [==========>...................] - ETA: 2s - loss: 1.6293 - accuracy: 0.4375
 6/13 [============>.................] - ETA: 2s - loss: 1.6175 - accuracy: 0.4271
 7/13 [===============>..............] - ETA: 1s - loss: 1.6301 - accuracy: 0.4107
 8/13 [=================>............] - ETA: 1s - loss: 1.6176 - accuracy: 0.4102
 9/13 [===================>..........] - ETA: 1s - loss: 1.5798 - accuracy: 0.4132
10/13 [======================>.......] - ETA: 0s - loss: 1.5669 - accuracy: 0.4156
11/13 [========================>.....] - ETA: 0s - loss: 1.5829 - accuracy: 0.4034
12/13 [==========================>...] - ETA: 0s - loss: 1.5628 - accuracy: 0.4115
13/13 [==============================] - 7s 501ms/step - loss: 1.5314 - accuracy: 0.4231 - val_loss: 1.3419 - val_accuracy: 0.5081
Epoch 10/20

 1/13 [=>............................] - ETA: 3s - loss: 1.3517 - accuracy: 0.4062
 2/13 [===>..........................] - ETA: 3s - loss: 1.5420 - accuracy: 0.3438
 3/13 [=====>........................] - ETA: 3s - loss: 1.5042 - accuracy: 0.3750
 4/13 [========>.....................] - ETA: 2s - loss: 1.4791 - accuracy: 0.3828
 5/13 [==========>...................] - ETA: 2s - loss: 1.4637 - accuracy: 0.4062
 6/13 [============>.................] - ETA: 2s - loss: 1.5961 - accuracy: 0.4062
 7/13 [===============>..............] - ETA: 1s - loss: 1.6629 - accuracy: 0.3661
 8/13 [=================>............] - ETA: 1s - loss: 1.7293 - accuracy: 0.3633
 9/13 [===================>..........] - ETA: 1s - loss: 1.7456 - accuracy: 0.3576
10/13 [======================>.......] - ETA: 0s - loss: 1.8436 - accuracy: 0.3500
11/13 [========================>.....] - ETA: 0s - loss: 1.8469 - accuracy: 0.3608
12/13 [==========================>...] - ETA: 0s - loss: 1.8501 - accuracy: 0.3620
13/13 [==============================] - 6s 489ms/step - loss: 1.8103 - accuracy: 0.3774 - val_loss: 1.2467 - val_accuracy: 0.4411
Epoch 11/20

 1/13 [=>............................] - ETA: 3s - loss: 1.2332 - accuracy: 0.5625
 2/13 [===>..........................] - ETA: 3s - loss: 1.3466 - accuracy: 0.5781
 3/13 [=====>........................] - ETA: 3s - loss: 1.3621 - accuracy: 0.5618
 4/13 [========>.....................] - ETA: 2s - loss: 1.4332 - accuracy: 0.5207
 5/13 [==========>...................] - ETA: 2s - loss: 1.5102 - accuracy: 0.4641
 6/13 [============>.................] - ETA: 2s - loss: 1.5205 - accuracy: 0.4486
 7/13 [===============>..............] - ETA: 1s - loss: 1.4814 - accuracy: 0.4470
 8/13 [=================>............] - ETA: 1s - loss: 1.4522 - accuracy: 0.4659
 9/13 [===================>..........] - ETA: 1s - loss: 1.4561 - accuracy: 0.4555
10/13 [======================>.......] - ETA: 0s - loss: 1.4756 - accuracy: 0.4569
11/13 [========================>.....] - ETA: 0s - loss: 1.4902 - accuracy: 0.4493
12/13 [==========================>...] - ETA: 0s - loss: 1.5173 - accuracy: 0.4350
13/13 [==============================] - 6s 499ms/step - loss: 1.5017 - accuracy: 0.4352 - val_loss: 1.6093 - val_accuracy: 0.5031
Epoch 12/20

 1/13 [=>............................] - ETA: 4s - loss: 1.5784 - accuracy: 0.4688
 2/13 [===>..........................] - ETA: 3s - loss: 1.5292 - accuracy: 0.5312
 3/13 [=====>........................] - ETA: 3s - loss: 1.6597 - accuracy: 0.4167
 4/13 [========>.....................] - ETA: 2s - loss: 1.6766 - accuracy: 0.3750
 5/13 [==========>...................] - ETA: 2s - loss: 1.6052 - accuracy: 0.4000
 6/13 [============>.................] - ETA: 2s - loss: 1.5145 - accuracy: 0.4375
 7/13 [===============>..............] - ETA: 1s - loss: 1.4635 - accuracy: 0.4554
 8/13 [=================>............] - ETA: 1s - loss: 1.4721 - accuracy: 0.4531
 9/13 [===================>..........] - ETA: 1s - loss: 1.8008 - accuracy: 0.4236
10/13 [======================>.......] - ETA: 0s - loss: 1.7618 - accuracy: 0.4313
11/13 [========================>.....] - ETA: 0s - loss: 1.7442 - accuracy: 0.4318
12/13 [==========================>...] - ETA: 0s - loss: 1.7581 - accuracy: 0.4219
13/13 [==============================] - 6s 493ms/step - loss: 1.7487 - accuracy: 0.4135 - val_loss: 2.0509 - val_accuracy: 0.4870
Epoch 13/20

 1/13 [=>............................] - ETA: 3s - loss: 1.3672 - accuracy: 0.5312
 2/13 [===>..........................] - ETA: 3s - loss: 1.3733 - accuracy: 0.5312
 3/13 [=====>........................] - ETA: 3s - loss: 1.2681 - accuracy: 0.5938
 4/13 [========>.....................] - ETA: 2s - loss: 1.3008 - accuracy: 0.5625
 5/13 [==========>...................] - ETA: 2s - loss: 1.4593 - accuracy: 0.5188
 6/13 [============>.................] - ETA: 2s - loss: 1.4256 - accuracy: 0.5156
 7/13 [===============>..............] - ETA: 1s - loss: 1.4001 - accuracy: 0.5089
 8/13 [=================>............] - ETA: 1s - loss: 1.4630 - accuracy: 0.4922
 9/13 [===================>..........] - ETA: 1s - loss: 1.4420 - accuracy: 0.5035
10/13 [======================>.......] - ETA: 0s - loss: 1.4451 - accuracy: 0.4969
11/13 [========================>.....] - ETA: 0s - loss: 1.4219 - accuracy: 0.5000
12/13 [==========================>...] - ETA: 0s - loss: 1.4142 - accuracy: 0.4974
13/13 [==============================] - 6s 497ms/step - loss: 1.3744 - accuracy: 0.5192 - val_loss: 1.5482 - val_accuracy: 0.5105
Epoch 14/20

 1/13 [=>............................] - ETA: 3s - loss: 0.8926 - accuracy: 0.6875
 2/13 [===>..........................] - ETA: 3s - loss: 1.0312 - accuracy: 0.6094
 3/13 [=====>........................] - ETA: 3s - loss: 1.1789 - accuracy: 0.5521
 4/13 [========>.....................] - ETA: 2s - loss: 1.4219 - accuracy: 0.4688
 5/13 [==========>...................] - ETA: 2s - loss: 1.4313 - accuracy: 0.4812
 6/13 [============>.................] - ETA: 2s - loss: 1.4292 - accuracy: 0.4792
 7/13 [===============>..............] - ETA: 1s - loss: 1.4079 - accuracy: 0.4866
 8/13 [=================>............] - ETA: 1s - loss: 1.3737 - accuracy: 0.5078
 9/13 [===================>..........] - ETA: 1s - loss: 1.3507 - accuracy: 0.5104
10/13 [======================>.......] - ETA: 0s - loss: 1.3333 - accuracy: 0.5094
11/13 [========================>.....] - ETA: 0s - loss: 1.3593 - accuracy: 0.5114
12/13 [==========================>...] - ETA: 0s - loss: 1.3389 - accuracy: 0.5234
13/13 [==============================] - 6s 500ms/step - loss: 1.3212 - accuracy: 0.5288 - val_loss: 0.7670 - val_accuracy: 0.5638
Epoch 15/20

 1/13 [=>............................] - ETA: 3s - loss: 0.8093 - accuracy: 0.6562
 2/13 [===>..........................] - ETA: 3s - loss: 1.0433 - accuracy: 0.6094
 3/13 [=====>........................] - ETA: 3s - loss: 1.1643 - accuracy: 0.5938
 4/13 [========>.....................] - ETA: 2s - loss: 1.4495 - accuracy: 0.5078
 5/13 [==========>...................] - ETA: 2s - loss: 1.4552 - accuracy: 0.4750
 6/13 [============>.................] - ETA: 2s - loss: 1.4744 - accuracy: 0.4740
 7/13 [===============>..............] - ETA: 1s - loss: 1.4416 - accuracy: 0.4866
 8/13 [=================>............] - ETA: 1s - loss: 1.4267 - accuracy: 0.4922
 9/13 [===================>..........] - ETA: 1s - loss: 1.3728 - accuracy: 0.5243
10/13 [======================>.......] - ETA: 0s - loss: 1.3502 - accuracy: 0.5281
11/13 [========================>.....] - ETA: 0s - loss: 1.3567 - accuracy: 0.5085
12/13 [==========================>...] - ETA: 0s - loss: 1.3309 - accuracy: 0.5156
13/13 [==============================] - 6s 498ms/step - loss: 1.3127 - accuracy: 0.5168 - val_loss: 0.8502 - val_accuracy: 0.6059
Epoch 16/20

 1/13 [=>............................] - ETA: 4s - loss: 0.8822 - accuracy: 0.6562
 2/13 [===>..........................] - ETA: 3s - loss: 1.0181 - accuracy: 0.5938
 3/13 [=====>........................] - ETA: 3s - loss: 1.1495 - accuracy: 0.5625
 4/13 [========>.....................] - ETA: 2s - loss: 1.2468 - accuracy: 0.5391
 5/13 [==========>...................] - ETA: 2s - loss: 1.3546 - accuracy: 0.5188
 6/13 [============>.................] - ETA: 2s - loss: 1.3575 - accuracy: 0.5104
 7/13 [===============>..............] - ETA: 1s - loss: 1.3259 - accuracy: 0.5402
 8/13 [=================>............] - ETA: 1s - loss: 1.2958 - accuracy: 0.5586
 9/13 [===================>..........] - ETA: 1s - loss: 1.2445 - accuracy: 0.5764
10/13 [======================>.......] - ETA: 0s - loss: 1.2317 - accuracy: 0.5813
11/13 [========================>.....] - ETA: 0s - loss: 1.2878 - accuracy: 0.5568
12/13 [==========================>...] - ETA: 0s - loss: 1.2869 - accuracy: 0.5599
13/13 [==============================] - 6s 497ms/step - loss: 1.2889 - accuracy: 0.5529 - val_loss: 1.0823 - val_accuracy: 0.3854
Epoch 17/20

 1/13 [=>............................] - ETA: 3s - loss: 1.7944 - accuracy: 0.4375
 2/13 [===>..........................] - ETA: 3s - loss: 1.9389 - accuracy: 0.3509
 3/13 [=====>........................] - ETA: 3s - loss: 2.2046 - accuracy: 0.3371
 4/13 [========>.....................] - ETA: 2s - loss: 2.2201 - accuracy: 0.3388
 5/13 [==========>...................] - ETA: 2s - loss: 2.0973 - accuracy: 0.3595
 6/13 [============>.................] - ETA: 2s - loss: 2.0751 - accuracy: 0.3351
 7/13 [===============>..............] - ETA: 1s - loss: 1.9222 - accuracy: 0.4009
 8/13 [=================>............] - ETA: 1s - loss: 1.8474 - accuracy: 0.4096
 9/13 [===================>..........] - ETA: 1s - loss: 1.7599 - accuracy: 0.4342
10/13 [======================>.......] - ETA: 0s - loss: 1.6729 - accuracy: 0.4601
11/13 [========================>.....] - ETA: 0s - loss: 1.6155 - accuracy: 0.4667
12/13 [==========================>...] - ETA: 0s - loss: 1.5658 - accuracy: 0.4775
13/13 [==============================] - 6s 492ms/step - loss: 1.5144 - accuracy: 0.4890 - val_loss: 0.9343 - val_accuracy: 0.5960
Epoch 18/20

 1/13 [=>............................] - ETA: 3s - loss: 1.1451 - accuracy: 0.5312
 2/13 [===>..........................] - ETA: 3s - loss: 1.0212 - accuracy: 0.6250
 3/13 [=====>........................] - ETA: 3s - loss: 0.9405 - accuracy: 0.6458
 4/13 [========>.....................] - ETA: 2s - loss: 1.0021 - accuracy: 0.6094
 5/13 [==========>...................] - ETA: 2s - loss: 1.0674 - accuracy: 0.5875
 6/13 [============>.................] - ETA: 2s - loss: 1.1166 - accuracy: 0.5625
 7/13 [===============>..............] - ETA: 1s - loss: 1.1009 - accuracy: 0.5625
 8/13 [=================>............] - ETA: 1s - loss: 1.1105 - accuracy: 0.5625
 9/13 [===================>..........] - ETA: 1s - loss: 1.1269 - accuracy: 0.5694
10/13 [======================>.......] - ETA: 0s - loss: 1.1563 - accuracy: 0.5562
11/13 [========================>.....] - ETA: 0s - loss: 1.2113 - accuracy: 0.5369
12/13 [==========================>...] - ETA: 0s - loss: 1.1993 - accuracy: 0.5443
13/13 [==============================] - 6s 483ms/step - loss: 1.1972 - accuracy: 0.5481 - val_loss: 1.5727 - val_accuracy: 0.5626
Epoch 19/20

 1/13 [=>............................] - ETA: 3s - loss: 1.2374 - accuracy: 0.4375
 2/13 [===>..........................] - ETA: 3s - loss: 1.0824 - accuracy: 0.5469
 3/13 [=====>........................] - ETA: 3s - loss: 1.0749 - accuracy: 0.5521
 4/13 [========>.....................] - ETA: 2s - loss: 1.2695 - accuracy: 0.5000
 5/13 [==========>...................] - ETA: 2s - loss: 1.6031 - accuracy: 0.4563
 6/13 [============>.................] - ETA: 2s - loss: 1.6300 - accuracy: 0.4427
 7/13 [===============>..............] - ETA: 1s - loss: 1.6148 - accuracy: 0.4330
 8/13 [=================>............] - ETA: 1s - loss: 1.6371 - accuracy: 0.4219
 9/13 [===================>..........] - ETA: 1s - loss: 1.6111 - accuracy: 0.4236
10/13 [======================>.......] - ETA: 0s - loss: 1.5988 - accuracy: 0.4250
11/13 [========================>.....] - ETA: 0s - loss: 1.5609 - accuracy: 0.4347
12/13 [==========================>...] - ETA: 0s - loss: 1.5224 - accuracy: 0.4557
13/13 [==============================] - 7s 501ms/step - loss: 1.5052 - accuracy: 0.4615 - val_loss: 0.9164 - val_accuracy: 0.5936
Epoch 20/20

 1/13 [=>............................] - ETA: 3s - loss: 0.9638 - accuracy: 0.6562
 2/13 [===>..........................] - ETA: 3s - loss: 0.9667 - accuracy: 0.6719
 3/13 [=====>........................] - ETA: 3s - loss: 1.0133 - accuracy: 0.6562
 4/13 [========>.....................] - ETA: 2s - loss: 0.9764 - accuracy: 0.6641
 5/13 [==========>...................] - ETA: 2s - loss: 1.0502 - accuracy: 0.6375
 6/13 [============>.................] - ETA: 2s - loss: 1.2988 - accuracy: 0.6042
 7/13 [===============>..............] - ETA: 1s - loss: 1.4659 - accuracy: 0.5491
 8/13 [=================>............] - ETA: 1s - loss: 1.4354 - accuracy: 0.5586
 9/13 [===================>..........] - ETA: 1s - loss: 1.3975 - accuracy: 0.5590
10/13 [======================>.......] - ETA: 0s - loss: 1.3576 - accuracy: 0.5625
11/13 [========================>.....] - ETA: 0s - loss: 1.3241 - accuracy: 0.5767
12/13 [==========================>...] - ETA: 0s - loss: 1.3479 - accuracy: 0.5703
13/13 [==============================] - 6s 498ms/step - loss: 1.3180 - accuracy: 0.5793 - val_loss: 0.7454 - val_accuracy: 0.6357
[0.9986287355422974, 0.635634183883667]
