input_1 False
block1_conv1 True
block1_conv2 True
block1_pool True
block2_conv1 True
block2_conv2 True
block2_pool True
block3_conv1 True
block3_conv2 True
block3_conv3 True
block3_pool True
block4_conv1 True
block4_conv2 True
block4_conv3 True
block4_pool True
block5_conv1 True
block5_conv2 True
block5_conv3 True
block5_pool True
flatten True
fc1 True
fc2 True
predictions True
Found 1881 images belonging to 8 classes.
Found 807 images belonging to 8 classes.
Found 807 images belonging to 8 classes.
Epoch 1/20

 1/13 [=>............................] - ETA: 50s - loss: 2.3012 - accuracy: 0.2812
 2/13 [===>..........................] - ETA: 27s - loss: 1681.6415 - accuracy: 0.1719
 3/13 [=====>........................] - ETA: 17s - loss: 8700.1399 - accuracy: 0.1979
 4/13 [========>.....................] - ETA: 12s - loss: 6528.3328 - accuracy: 0.1562
 5/13 [==========>...................] - ETA: 9s - loss: 5224.4221 - accuracy: 0.1437 
 6/13 [============>.................] - ETA: 7s - loss: 4356.1296 - accuracy: 0.1354
 7/13 [===============>..............] - ETA: 5s - loss: 3734.5385 - accuracy: 0.1518
 8/13 [=================>............] - ETA: 4s - loss: 3274.1737 - accuracy: 0.1484
 9/13 [===================>..........] - ETA: 3s - loss: 2910.8493 - accuracy: 0.1389
10/13 [======================>.......] - ETA: 2s - loss: 2627.9796 - accuracy: 0.1312
11/13 [========================>.....] - ETA: 1s - loss: 2389.9012 - accuracy: 0.1278
12/13 [==========================>...] - ETA: 0s - loss: 2198.5471 - accuracy: 0.1354
13/13 [==============================] - 11s 873ms/step - loss: 2029.8179 - accuracy: 0.1250 - val_loss: 4.3862 - val_accuracy: 0.1450
Epoch 2/20

 1/13 [=>............................] - ETA: 4s - loss: 6.2873 - accuracy: 0.1250
 2/13 [===>..........................] - ETA: 3s - loss: 66.3537 - accuracy: 0.0938
 3/13 [=====>........................] - ETA: 3s - loss: 46.0592 - accuracy: 0.0938
 4/13 [========>.....................] - ETA: 2s - loss: 36.6903 - accuracy: 0.1406
 5/13 [==========>...................] - ETA: 2s - loss: 30.4514 - accuracy: 0.1437
 6/13 [============>.................] - ETA: 2s - loss: 26.1588 - accuracy: 0.1458
 7/13 [===============>..............] - ETA: 1s - loss: 24.1104 - accuracy: 0.1250
 8/13 [=================>............] - ETA: 1s - loss: 21.5393 - accuracy: 0.1328
 9/13 [===================>..........] - ETA: 1s - loss: 19.4916 - accuracy: 0.1424
10/13 [======================>.......] - ETA: 0s - loss: 17.8029 - accuracy: 0.1437
11/13 [========================>.....] - ETA: 0s - loss: 16.8451 - accuracy: 0.1420
12/13 [==========================>...] - ETA: 0s - loss: 15.7462 - accuracy: 0.1406
13/13 [==============================] - 6s 498ms/step - loss: 14.8411 - accuracy: 0.1370 - val_loss: 4.6359 - val_accuracy: 0.1140
Epoch 3/20

 1/13 [=>............................] - ETA: 3s - loss: 4.5475 - accuracy: 0.1250
 2/13 [===>..........................] - ETA: 3s - loss: 4.1534 - accuracy: 0.1250
 3/13 [=====>........................] - ETA: 3s - loss: 4.2056 - accuracy: 0.1250
 4/13 [========>.....................] - ETA: 2s - loss: 3.8872 - accuracy: 0.1484
 5/13 [==========>...................] - ETA: 2s - loss: 3.5576 - accuracy: 0.1562
 6/13 [============>.................] - ETA: 2s - loss: 3.4156 - accuracy: 0.1458
 7/13 [===============>..............] - ETA: 1s - loss: 3.2957 - accuracy: 0.1429
 8/13 [=================>............] - ETA: 1s - loss: 3.3188 - accuracy: 0.1406
 9/13 [===================>..........] - ETA: 1s - loss: 3.1955 - accuracy: 0.1458
10/13 [======================>.......] - ETA: 0s - loss: 3.0925 - accuracy: 0.1562
11/13 [========================>.....] - ETA: 0s - loss: 3.0099 - accuracy: 0.1562
12/13 [==========================>...] - ETA: 0s - loss: 2.9374 - accuracy: 0.1615
13/13 [==============================] - 6s 496ms/step - loss: 2.9179 - accuracy: 0.1562 - val_loss: 2.2393 - val_accuracy: 0.1933
Epoch 4/20

 1/13 [=>............................] - ETA: 4s - loss: 1.9068 - accuracy: 0.1562
 2/13 [===>..........................] - ETA: 3s - loss: 2.1236 - accuracy: 0.1719
 3/13 [=====>........................] - ETA: 3s - loss: 2.2428 - accuracy: 0.1667
 4/13 [========>.....................] - ETA: 2s - loss: 2.2647 - accuracy: 0.1719
 5/13 [==========>...................] - ETA: 2s - loss: 2.2425 - accuracy: 0.1813
 6/13 [============>.................] - ETA: 2s - loss: 2.1804 - accuracy: 0.2135
 7/13 [===============>..............] - ETA: 1s - loss: 2.1907 - accuracy: 0.2009
 8/13 [=================>............] - ETA: 1s - loss: 2.1742 - accuracy: 0.2070
 9/13 [===================>..........] - ETA: 1s - loss: 2.1287 - accuracy: 0.2153
10/13 [======================>.......] - ETA: 0s - loss: 2.1050 - accuracy: 0.2250
11/13 [========================>.....] - ETA: 0s - loss: 2.1334 - accuracy: 0.2159
12/13 [==========================>...] - ETA: 0s - loss: 2.1226 - accuracy: 0.2188
13/13 [==============================] - 7s 504ms/step - loss: 2.1135 - accuracy: 0.2188 - val_loss: 1.5599 - val_accuracy: 0.2553
Epoch 5/20

 1/13 [=>............................] - ETA: 3s - loss: 1.8029 - accuracy: 0.3438
 2/13 [===>..........................] - ETA: 3s - loss: 1.7303 - accuracy: 0.3281
 3/13 [=====>........................] - ETA: 3s - loss: 1.8638 - accuracy: 0.2917
 4/13 [========>.....................] - ETA: 2s - loss: 1.9744 - accuracy: 0.2344
 5/13 [==========>...................] - ETA: 2s - loss: 1.9706 - accuracy: 0.2562
 6/13 [============>.................] - ETA: 3s - loss: 1.9552 - accuracy: 0.2595
 7/13 [===============>..............] - ETA: 3s - loss: 1.9580 - accuracy: 0.2673
 8/13 [=================>............] - ETA: 2s - loss: 1.9428 - accuracy: 0.2771
 9/13 [===================>..........] - ETA: 1s - loss: 1.9132 - accuracy: 0.2810
10/13 [======================>.......] - ETA: 1s - loss: 1.8601 - accuracy: 0.3170
11/13 [========================>.....] - ETA: 0s - loss: 1.8223 - accuracy: 0.3284
12/13 [==========================>...] - ETA: 0s - loss: 1.8467 - accuracy: 0.3108
13/13 [==============================] - 8s 598ms/step - loss: 1.8644 - accuracy: 0.3085 - val_loss: 1.7149 - val_accuracy: 0.3185
Epoch 6/20

 1/13 [=>............................] - ETA: 3s - loss: 2.0062 - accuracy: 0.2500
 2/13 [===>..........................] - ETA: 3s - loss: 2.2063 - accuracy: 0.2656
 3/13 [=====>........................] - ETA: 3s - loss: 1.9404 - accuracy: 0.3333
 4/13 [========>.....................] - ETA: 2s - loss: 1.8635 - accuracy: 0.3438
 5/13 [==========>...................] - ETA: 2s - loss: 1.7941 - accuracy: 0.3562
 6/13 [============>.................] - ETA: 2s - loss: 1.7474 - accuracy: 0.3594
 7/13 [===============>..............] - ETA: 1s - loss: 1.7281 - accuracy: 0.3839
 8/13 [=================>............] - ETA: 1s - loss: 1.7185 - accuracy: 0.3828
 9/13 [===================>..........] - ETA: 1s - loss: 1.7532 - accuracy: 0.3715
10/13 [======================>.......] - ETA: 0s - loss: 1.8094 - accuracy: 0.3688
11/13 [========================>.....] - ETA: 0s - loss: 1.8646 - accuracy: 0.3523
12/13 [==========================>...] - ETA: 0s - loss: 1.9395 - accuracy: 0.3359
13/13 [==============================] - 6s 478ms/step - loss: 1.9882 - accuracy: 0.3269 - val_loss: 2.2109 - val_accuracy: 0.2429
Epoch 7/20

 1/13 [=>............................] - ETA: 3s - loss: 1.9609 - accuracy: 0.3438
 2/13 [===>..........................] - ETA: 3s - loss: 2.1418 - accuracy: 0.2969
 3/13 [=====>........................] - ETA: 3s - loss: 2.1887 - accuracy: 0.3021
 4/13 [========>.....................] - ETA: 2s - loss: 2.3498 - accuracy: 0.2656
 5/13 [==========>...................] - ETA: 2s - loss: 2.3354 - accuracy: 0.2750
 6/13 [============>.................] - ETA: 2s - loss: 2.3674 - accuracy: 0.2604
 7/13 [===============>..............] - ETA: 1s - loss: 2.3283 - accuracy: 0.2500
 8/13 [=================>............] - ETA: 1s - loss: 2.3530 - accuracy: 0.2500
 9/13 [===================>..........] - ETA: 1s - loss: 2.3533 - accuracy: 0.2500
10/13 [======================>.......] - ETA: 0s - loss: 2.3165 - accuracy: 0.2531
11/13 [========================>.....] - ETA: 0s - loss: 2.2604 - accuracy: 0.2585
12/13 [==========================>...] - ETA: 0s - loss: 2.2499 - accuracy: 0.2604
13/13 [==============================] - 6s 497ms/step - loss: 2.2193 - accuracy: 0.2620 - val_loss: 2.1692 - val_accuracy: 0.3519
Epoch 8/20

 1/13 [=>............................] - ETA: 3s - loss: 1.9155 - accuracy: 0.4688
 2/13 [===>..........................] - ETA: 3s - loss: 1.8193 - accuracy: 0.4219
 3/13 [=====>........................] - ETA: 3s - loss: 1.7164 - accuracy: 0.4167
 4/13 [========>.....................] - ETA: 2s - loss: 1.7975 - accuracy: 0.3984
 5/13 [==========>...................] - ETA: 2s - loss: 1.8441 - accuracy: 0.3688
 6/13 [============>.................] - ETA: 2s - loss: 1.8051 - accuracy: 0.3750
 7/13 [===============>..............] - ETA: 1s - loss: 1.9023 - accuracy: 0.3661
 8/13 [=================>............] - ETA: 1s - loss: 1.9589 - accuracy: 0.3555
 9/13 [===================>..........] - ETA: 1s - loss: 2.0044 - accuracy: 0.3403
10/13 [======================>.......] - ETA: 0s - loss: 2.0762 - accuracy: 0.3125
11/13 [========================>.....] - ETA: 0s - loss: 2.0687 - accuracy: 0.3182
12/13 [==========================>...] - ETA: 0s - loss: 2.0457 - accuracy: 0.3203
13/13 [==============================] - 7s 500ms/step - loss: 2.0252 - accuracy: 0.3149 - val_loss: 1.5844 - val_accuracy: 0.3717
Epoch 9/20

 1/13 [=>............................] - ETA: 3s - loss: 1.6973 - accuracy: 0.2812
 2/13 [===>..........................] - ETA: 3s - loss: 1.6337 - accuracy: 0.3594
 3/13 [=====>........................] - ETA: 3s - loss: 1.6657 - accuracy: 0.3333
 4/13 [========>.....................] - ETA: 2s - loss: 1.6587 - accuracy: 0.3594
 5/13 [==========>...................] - ETA: 2s - loss: 1.7225 - accuracy: 0.3562
 6/13 [============>.................] - ETA: 2s - loss: 1.7537 - accuracy: 0.3438
 7/13 [===============>..............] - ETA: 1s - loss: 1.6890 - accuracy: 0.3661
 8/13 [=================>............] - ETA: 1s - loss: 1.6510 - accuracy: 0.3711
 9/13 [===================>..........] - ETA: 1s - loss: 1.6474 - accuracy: 0.3715
10/13 [======================>.......] - ETA: 0s - loss: 1.6109 - accuracy: 0.3875
11/13 [========================>.....] - ETA: 0s - loss: 1.6475 - accuracy: 0.3835
12/13 [==========================>...] - ETA: 0s - loss: 1.6625 - accuracy: 0.3854
13/13 [==============================] - 6s 497ms/step - loss: 1.6464 - accuracy: 0.3918 - val_loss: 0.9708 - val_accuracy: 0.4932
Epoch 10/20

 1/13 [=>............................] - ETA: 3s - loss: 1.3849 - accuracy: 0.5312
 2/13 [===>..........................] - ETA: 3s - loss: 1.2414 - accuracy: 0.5469
 3/13 [=====>........................] - ETA: 3s - loss: 1.3511 - accuracy: 0.5208
 4/13 [========>.....................] - ETA: 2s - loss: 1.4058 - accuracy: 0.5000
 5/13 [==========>...................] - ETA: 2s - loss: 1.6177 - accuracy: 0.4250
 6/13 [============>.................] - ETA: 2s - loss: 1.5813 - accuracy: 0.4479
 7/13 [===============>..............] - ETA: 1s - loss: 1.5900 - accuracy: 0.4286
 8/13 [=================>............] - ETA: 1s - loss: 1.6154 - accuracy: 0.4180
 9/13 [===================>..........] - ETA: 1s - loss: 1.6286 - accuracy: 0.4132
10/13 [======================>.......] - ETA: 0s - loss: 1.6344 - accuracy: 0.4125
11/13 [========================>.....] - ETA: 0s - loss: 1.6276 - accuracy: 0.4119
12/13 [==========================>...] - ETA: 0s - loss: 1.6057 - accuracy: 0.4219
13/13 [==============================] - 6s 492ms/step - loss: 1.5706 - accuracy: 0.4279 - val_loss: 1.4169 - val_accuracy: 0.4263
Epoch 11/20

 1/13 [=>............................] - ETA: 3s - loss: 1.3032 - accuracy: 0.5625
 2/13 [===>..........................] - ETA: 3s - loss: 1.6368 - accuracy: 0.5000
 3/13 [=====>........................] - ETA: 3s - loss: 1.8560 - accuracy: 0.3854
 4/13 [========>.....................] - ETA: 2s - loss: 1.7215 - accuracy: 0.4453
 5/13 [==========>...................] - ETA: 2s - loss: 1.6971 - accuracy: 0.4375
 6/13 [============>.................] - ETA: 2s - loss: 1.8958 - accuracy: 0.4115
 7/13 [===============>..............] - ETA: 1s - loss: 1.9182 - accuracy: 0.3661
 8/13 [=================>............] - ETA: 1s - loss: 1.8913 - accuracy: 0.3633
 9/13 [===================>..........] - ETA: 1s - loss: 1.8529 - accuracy: 0.3715
10/13 [======================>.......] - ETA: 0s - loss: 1.8221 - accuracy: 0.3781
11/13 [========================>.....] - ETA: 0s - loss: 1.7724 - accuracy: 0.3864
12/13 [==========================>...] - ETA: 0s - loss: 1.7767 - accuracy: 0.3880
13/13 [==============================] - 6s 496ms/step - loss: 1.7571 - accuracy: 0.3966 - val_loss: 0.9281 - val_accuracy: 0.4696
Epoch 12/20

 1/13 [=>............................] - ETA: 3s - loss: 1.1724 - accuracy: 0.5312
 2/13 [===>..........................] - ETA: 3s - loss: 1.3239 - accuracy: 0.4844
 3/13 [=====>........................] - ETA: 3s - loss: 1.2715 - accuracy: 0.5000
 4/13 [========>.....................] - ETA: 2s - loss: 1.2792 - accuracy: 0.5000
 5/13 [==========>...................] - ETA: 2s - loss: 1.2633 - accuracy: 0.5063
 6/13 [============>.................] - ETA: 2s - loss: 1.3554 - accuracy: 0.4635
 7/13 [===============>..............] - ETA: 1s - loss: 1.4594 - accuracy: 0.4732
 8/13 [=================>............] - ETA: 1s - loss: 1.5204 - accuracy: 0.4414
 9/13 [===================>..........] - ETA: 1s - loss: 1.5793 - accuracy: 0.4340
10/13 [======================>.......] - ETA: 0s - loss: 1.5939 - accuracy: 0.4187
11/13 [========================>.....] - ETA: 0s - loss: 1.6049 - accuracy: 0.4148
12/13 [==========================>...] - ETA: 0s - loss: 1.6105 - accuracy: 0.4115
13/13 [==============================] - 7s 501ms/step - loss: 1.6214 - accuracy: 0.4087 - val_loss: 2.2273 - val_accuracy: 0.4188
Epoch 13/20

 1/13 [=>............................] - ETA: 4s - loss: 1.6182 - accuracy: 0.4375
 2/13 [===>..........................] - ETA: 3s - loss: 1.7085 - accuracy: 0.4062
 3/13 [=====>........................] - ETA: 3s - loss: 1.6970 - accuracy: 0.4062
 4/13 [========>.....................] - ETA: 2s - loss: 1.7701 - accuracy: 0.3750
 5/13 [==========>...................] - ETA: 2s - loss: 1.7332 - accuracy: 0.3875
 6/13 [============>.................] - ETA: 2s - loss: 1.8009 - accuracy: 0.3698
 7/13 [===============>..............] - ETA: 1s - loss: 1.7630 - accuracy: 0.3705
 8/13 [=================>............] - ETA: 1s - loss: 1.7568 - accuracy: 0.3789
 9/13 [===================>..........] - ETA: 1s - loss: 1.6861 - accuracy: 0.3924
10/13 [======================>.......] - ETA: 0s - loss: 1.6793 - accuracy: 0.3969
11/13 [========================>.....] - ETA: 0s - loss: 1.6310 - accuracy: 0.4145
12/13 [==========================>...] - ETA: 0s - loss: 1.5725 - accuracy: 0.4297
13/13 [==============================] - 6s 487ms/step - loss: 1.5678 - accuracy: 0.4377 - val_loss: 0.8802 - val_accuracy: 0.4969
Epoch 14/20

 1/13 [=>............................] - ETA: 3s - loss: 1.3177 - accuracy: 0.5625
 2/13 [===>..........................] - ETA: 3s - loss: 1.2218 - accuracy: 0.6094
 3/13 [=====>........................] - ETA: 3s - loss: 1.1572 - accuracy: 0.6354
 4/13 [========>.....................] - ETA: 2s - loss: 1.1120 - accuracy: 0.6328
 5/13 [==========>...................] - ETA: 2s - loss: 1.1118 - accuracy: 0.6375
 6/13 [============>.................] - ETA: 2s - loss: 1.2382 - accuracy: 0.5938
 7/13 [===============>..............] - ETA: 1s - loss: 1.2721 - accuracy: 0.5893
 8/13 [=================>............] - ETA: 1s - loss: 1.3026 - accuracy: 0.5742
 9/13 [===================>..........] - ETA: 1s - loss: 1.2912 - accuracy: 0.5694
10/13 [======================>.......] - ETA: 0s - loss: 1.3434 - accuracy: 0.5500
11/13 [========================>.....] - ETA: 0s - loss: 1.3194 - accuracy: 0.5483
12/13 [==========================>...] - ETA: 0s - loss: 1.2807 - accuracy: 0.5573
13/13 [==============================] - 6s 481ms/step - loss: 1.2506 - accuracy: 0.5601 - val_loss: 1.5038 - val_accuracy: 0.5824
Epoch 15/20

 1/13 [=>............................] - ETA: 3s - loss: 1.2392 - accuracy: 0.6562
 2/13 [===>..........................] - ETA: 3s - loss: 1.1554 - accuracy: 0.5625
 3/13 [=====>........................] - ETA: 3s - loss: 1.1891 - accuracy: 0.5625
 4/13 [========>.....................] - ETA: 2s - loss: 1.2769 - accuracy: 0.5312
 5/13 [==========>...................] - ETA: 2s - loss: 1.3615 - accuracy: 0.4812
 6/13 [============>.................] - ETA: 2s - loss: 1.4298 - accuracy: 0.4740
 7/13 [===============>..............] - ETA: 1s - loss: 1.4021 - accuracy: 0.4732
 8/13 [=================>............] - ETA: 1s - loss: 1.4351 - accuracy: 0.4648
 9/13 [===================>..........] - ETA: 1s - loss: 1.4252 - accuracy: 0.4653
10/13 [======================>.......] - ETA: 0s - loss: 1.4637 - accuracy: 0.4625
11/13 [========================>.....] - ETA: 0s - loss: 1.4601 - accuracy: 0.4659
12/13 [==========================>...] - ETA: 0s - loss: 1.5020 - accuracy: 0.4479
13/13 [==============================] - 7s 505ms/step - loss: 1.5109 - accuracy: 0.4399 - val_loss: 1.5785 - val_accuracy: 0.4647
Epoch 16/20

 1/13 [=>............................] - ETA: 3s - loss: 1.6351 - accuracy: 0.4688
 2/13 [===>..........................] - ETA: 3s - loss: 1.6874 - accuracy: 0.5000
 3/13 [=====>........................] - ETA: 3s - loss: 1.6542 - accuracy: 0.4375
 4/13 [========>.....................] - ETA: 2s - loss: 1.5947 - accuracy: 0.4531
 5/13 [==========>...................] - ETA: 2s - loss: 1.5265 - accuracy: 0.4688
 6/13 [============>.................] - ETA: 2s - loss: 1.5407 - accuracy: 0.4635
 7/13 [===============>..............] - ETA: 1s - loss: 1.5001 - accuracy: 0.4821
 8/13 [=================>............] - ETA: 1s - loss: 1.4457 - accuracy: 0.4922
 9/13 [===================>..........] - ETA: 1s - loss: 1.4327 - accuracy: 0.4826
10/13 [======================>.......] - ETA: 0s - loss: 1.3845 - accuracy: 0.5094
11/13 [========================>.....] - ETA: 0s - loss: 1.3409 - accuracy: 0.5227
12/13 [==========================>...] - ETA: 0s - loss: 1.3347 - accuracy: 0.5286
13/13 [==============================] - 7s 508ms/step - loss: 1.3172 - accuracy: 0.5409 - val_loss: 1.3371 - val_accuracy: 0.5366
Epoch 17/20

 1/13 [=>............................] - ETA: 4s - loss: 1.1054 - accuracy: 0.5312
 2/13 [===>..........................] - ETA: 3s - loss: 1.4619 - accuracy: 0.5156
 3/13 [=====>........................] - ETA: 3s - loss: 1.5949 - accuracy: 0.4792
 4/13 [========>.....................] - ETA: 2s - loss: 1.6042 - accuracy: 0.4453
 5/13 [==========>...................] - ETA: 2s - loss: 1.5666 - accuracy: 0.4563
 6/13 [============>.................] - ETA: 2s - loss: 1.5156 - accuracy: 0.4688
 7/13 [===============>..............] - ETA: 1s - loss: 1.4550 - accuracy: 0.4955
 8/13 [=================>............] - ETA: 1s - loss: 1.4222 - accuracy: 0.4961
 9/13 [===================>..........] - ETA: 1s - loss: 1.4060 - accuracy: 0.5000
10/13 [======================>.......] - ETA: 0s - loss: 1.3608 - accuracy: 0.5080
11/13 [========================>.....] - ETA: 0s - loss: 1.3553 - accuracy: 0.5072
12/13 [==========================>...] - ETA: 0s - loss: 1.4253 - accuracy: 0.4960
13/13 [==============================] - 6s 496ms/step - loss: 1.7750 - accuracy: 0.4719 - val_loss: 3.5259 - val_accuracy: 0.2577
Epoch 18/20

 1/13 [=>............................] - ETA: 3s - loss: 3.6672 - accuracy: 0.2188
 2/13 [===>..........................] - ETA: 3s - loss: 3.2362 - accuracy: 0.1562
 3/13 [=====>........................] - ETA: 3s - loss: 10.0568 - accuracy: 0.1562
 4/13 [========>.....................] - ETA: 2s - loss: 13.2408 - accuracy: 0.1328
 5/13 [==========>...................] - ETA: 2s - loss: 11.1832 - accuracy: 0.1375
 6/13 [============>.................] - ETA: 2s - loss: 9.7366 - accuracy: 0.1354 
 7/13 [===============>..............] - ETA: 1s - loss: 8.6560 - accuracy: 0.1429
 8/13 [=================>............] - ETA: 1s - loss: 7.8724 - accuracy: 0.1523
 9/13 [===================>..........] - ETA: 1s - loss: 7.2250 - accuracy: 0.1632
10/13 [======================>.......] - ETA: 0s - loss: 6.7020 - accuracy: 0.1750
11/13 [========================>.....] - ETA: 0s - loss: 6.3347 - accuracy: 0.1676
12/13 [==========================>...] - ETA: 0s - loss: 6.0134 - accuracy: 0.1667
13/13 [==============================] - 7s 502ms/step - loss: 5.7234 - accuracy: 0.1635 - val_loss: 1.6821 - val_accuracy: 0.2652
Epoch 19/20

 1/13 [=>............................] - ETA: 3s - loss: 2.0382 - accuracy: 0.2812
 2/13 [===>..........................] - ETA: 3s - loss: 1.9315 - accuracy: 0.3125
 3/13 [=====>........................] - ETA: 3s - loss: 1.8876 - accuracy: 0.3021
 4/13 [========>.....................] - ETA: 2s - loss: 1.7994 - accuracy: 0.3281
 5/13 [==========>...................] - ETA: 2s - loss: 1.7306 - accuracy: 0.3562
 6/13 [============>.................] - ETA: 2s - loss: 1.6713 - accuracy: 0.3594
 7/13 [===============>..............] - ETA: 1s - loss: 1.6591 - accuracy: 0.3705
 8/13 [=================>............] - ETA: 1s - loss: 1.6807 - accuracy: 0.3555
 9/13 [===================>..........] - ETA: 1s - loss: 1.6486 - accuracy: 0.3611
10/13 [======================>.......] - ETA: 0s - loss: 1.6298 - accuracy: 0.3719
11/13 [========================>.....] - ETA: 0s - loss: 1.6508 - accuracy: 0.3665
12/13 [==========================>...] - ETA: 0s - loss: 1.6271 - accuracy: 0.3854
13/13 [==============================] - 6s 490ms/step - loss: 1.6145 - accuracy: 0.3894 - val_loss: 1.5331 - val_accuracy: 0.4139
Epoch 20/20

 1/13 [=>............................] - ETA: 3s - loss: 1.4796 - accuracy: 0.4688
 2/13 [===>..........................] - ETA: 3s - loss: 1.5595 - accuracy: 0.4688
 3/13 [=====>........................] - ETA: 3s - loss: 1.6154 - accuracy: 0.4062
 4/13 [========>.....................] - ETA: 2s - loss: 1.5225 - accuracy: 0.4297
 5/13 [==========>...................] - ETA: 2s - loss: 1.5000 - accuracy: 0.4375
 6/13 [============>.................] - ETA: 2s - loss: 1.5125 - accuracy: 0.4115
 7/13 [===============>..............] - ETA: 1s - loss: 1.4620 - accuracy: 0.4375
 8/13 [=================>............] - ETA: 1s - loss: 1.4355 - accuracy: 0.4414
 9/13 [===================>..........] - ETA: 1s - loss: 1.4374 - accuracy: 0.4444
10/13 [======================>.......] - ETA: 0s - loss: 1.4679 - accuracy: 0.4344
11/13 [========================>.....] - ETA: 0s - loss: 1.5639 - accuracy: 0.4062
12/13 [==========================>...] - ETA: 0s - loss: 1.6256 - accuracy: 0.3958
13/13 [==============================] - 7s 507ms/step - loss: 1.6429 - accuracy: 0.3870 - val_loss: 1.9580 - val_accuracy: 0.2949
[2.03812837600708, 0.29482215642929077]
