2021-01-25 14:45:31.841570: I tensorflow/stream_executor/platform/default/dso_loader.cc:44] Successfully opened dynamic library libcuda.so.1
2021-01-25 14:45:31.914106: I tensorflow/core/common_runtime/gpu/gpu_device.cc:1618] Found device 0 with properties: 
name: TITAN X (Pascal) major: 6 minor: 1 memoryClockRate(GHz): 1.531
pciBusID: 0000:04:00.0
2021-01-25 14:45:31.914327: I tensorflow/stream_executor/platform/default/dso_loader.cc:44] Successfully opened dynamic library libcudart.so.10.0
2021-01-25 14:45:31.916010: I tensorflow/stream_executor/platform/default/dso_loader.cc:44] Successfully opened dynamic library libcublas.so.10.0
2021-01-25 14:45:31.917477: I tensorflow/stream_executor/platform/default/dso_loader.cc:44] Successfully opened dynamic library libcufft.so.10.0
2021-01-25 14:45:31.917793: I tensorflow/stream_executor/platform/default/dso_loader.cc:44] Successfully opened dynamic library libcurand.so.10.0
2021-01-25 14:45:31.919778: I tensorflow/stream_executor/platform/default/dso_loader.cc:44] Successfully opened dynamic library libcusolver.so.10.0
2021-01-25 14:45:31.921405: I tensorflow/stream_executor/platform/default/dso_loader.cc:44] Successfully opened dynamic library libcusparse.so.10.0
2021-01-25 14:45:31.925962: I tensorflow/stream_executor/platform/default/dso_loader.cc:44] Successfully opened dynamic library libcudnn.so.7
2021-01-25 14:45:31.933448: I tensorflow/core/common_runtime/gpu/gpu_device.cc:1746] Adding visible gpu devices: 0
2021-01-25 14:45:31.933766: I tensorflow/core/platform/cpu_feature_guard.cc:142] Your CPU supports instructions that this TensorFlow binary was not compiled to use: SSE4.1 SSE4.2 AVX AVX2 FMA
2021-01-25 14:45:31.946505: I tensorflow/core/platform/profile_utils/cpu_utils.cc:94] CPU Frequency: 2099810000 Hz
2021-01-25 14:45:31.947025: I tensorflow/compiler/xla/service/service.cc:168] XLA service 0x55b98c669e40 executing computations on platform Host. Devices:
2021-01-25 14:45:31.947060: I tensorflow/compiler/xla/service/service.cc:175]   StreamExecutor device (0): Host, Default Version
2021-01-25 14:45:31.950988: I tensorflow/core/common_runtime/gpu/gpu_device.cc:1618] Found device 0 with properties: 
name: TITAN X (Pascal) major: 6 minor: 1 memoryClockRate(GHz): 1.531
pciBusID: 0000:04:00.0
2021-01-25 14:45:31.951021: I tensorflow/stream_executor/platform/default/dso_loader.cc:44] Successfully opened dynamic library libcudart.so.10.0
2021-01-25 14:45:31.951039: I tensorflow/stream_executor/platform/default/dso_loader.cc:44] Successfully opened dynamic library libcublas.so.10.0
2021-01-25 14:45:31.951054: I tensorflow/stream_executor/platform/default/dso_loader.cc:44] Successfully opened dynamic library libcufft.so.10.0
2021-01-25 14:45:31.951069: I tensorflow/stream_executor/platform/default/dso_loader.cc:44] Successfully opened dynamic library libcurand.so.10.0
2021-01-25 14:45:31.951084: I tensorflow/stream_executor/platform/default/dso_loader.cc:44] Successfully opened dynamic library libcusolver.so.10.0
2021-01-25 14:45:31.951099: I tensorflow/stream_executor/platform/default/dso_loader.cc:44] Successfully opened dynamic library libcusparse.so.10.0
2021-01-25 14:45:31.951114: I tensorflow/stream_executor/platform/default/dso_loader.cc:44] Successfully opened dynamic library libcudnn.so.7
2021-01-25 14:45:31.958509: I tensorflow/core/common_runtime/gpu/gpu_device.cc:1746] Adding visible gpu devices: 0
2021-01-25 14:45:31.958569: I tensorflow/stream_executor/platform/default/dso_loader.cc:44] Successfully opened dynamic library libcudart.so.10.0
2021-01-25 14:45:32.195575: I tensorflow/core/common_runtime/gpu/gpu_device.cc:1159] Device interconnect StreamExecutor with strength 1 edge matrix:
2021-01-25 14:45:32.195624: I tensorflow/core/common_runtime/gpu/gpu_device.cc:1165]      0 
2021-01-25 14:45:32.195632: I tensorflow/core/common_runtime/gpu/gpu_device.cc:1178] 0:   N 
2021-01-25 14:45:32.208921: I tensorflow/core/common_runtime/gpu/gpu_device.cc:1304] Created TensorFlow device (/job:localhost/replica:0/task:0/device:GPU:0 with 11448 MB memory) -> physical GPU (device: 0, name: TITAN X (Pascal), pci bus id: 0000:04:00.0, compute capability: 6.1)
2021-01-25 14:45:32.213056: I tensorflow/compiler/xla/service/service.cc:168] XLA service 0x55b98ccaf240 executing computations on platform CUDA. Devices:
2021-01-25 14:45:32.213078: I tensorflow/compiler/xla/service/service.cc:175]   StreamExecutor device (0): TITAN X (Pascal), Compute Capability 6.1
2021-01-25 14:45:37.074697: I tensorflow/stream_executor/platform/default/dso_loader.cc:44] Successfully opened dynamic library libcublas.so.10.0
2021-01-25 14:45:37.284221: I tensorflow/stream_executor/platform/default/dso_loader.cc:44] Successfully opened dynamic library libcudnn.so.7
2021-01-25 14:45:39.177052: I tensorflow/core/profiler/lib/profiler_session.cc:184] Profiler session started.
2021-01-25 14:45:39.178825: I tensorflow/stream_executor/platform/default/dso_loader.cc:44] Successfully opened dynamic library libcupti.so.10.0
2021-01-25 14:45:39.787756: I tensorflow/core/platform/default/device_tracer.cc:588] Collecting 170 kernel records, 9 memcpy records.
slurmstepd: error: *** JOB 13269 ON etse-75-51 CANCELLED AT 2021-01-25T14:47:36 ***
