input_1 False
block1_conv1 True
block1_conv2 True
block1_pool True
block2_conv1 True
block2_conv2 True
block2_pool True
block3_conv1 True
block3_conv2 True
block3_conv3 True
block3_pool True
block4_conv1 True
block4_conv2 True
block4_conv3 True
block4_pool True
block5_conv1 True
block5_conv2 True
block5_conv3 True
block5_pool True
flatten True
fc1 True
fc2 True
predictions True
Found 1881 images belonging to 8 classes.
Found 807 images belonging to 8 classes.
Found 807 images belonging to 8 classes.
Epoch 1/20

 1/13 [=>............................] - ETA: 51s - loss: 3.2680 - accuracy: 0.0938
 2/13 [===>..........................] - ETA: 25s - loss: 594.2441 - accuracy: 0.0938
 3/13 [=====>........................] - ETA: 16s - loss: 2085.5302 - accuracy: 0.0938
 4/13 [========>.....................] - ETA: 11s - loss: 1567.0594 - accuracy: 0.0859
 5/13 [==========>...................] - ETA: 8s - loss: 1254.9567 - accuracy: 0.1063 
 6/13 [============>.................] - ETA: 6s - loss: 1049.0240 - accuracy: 0.1042
 7/13 [===============>..............] - ETA: 5s - loss: 900.1967 - accuracy: 0.1161 
 8/13 [=================>............] - ETA: 4s - loss: 788.4913 - accuracy: 0.1133
 9/13 [===================>..........] - ETA: 3s - loss: 701.6715 - accuracy: 0.1111
10/13 [======================>.......] - ETA: 2s - loss: 632.3987 - accuracy: 0.1118
11/13 [========================>.....] - ETA: 1s - loss: 582.7089 - accuracy: 0.1130
12/13 [==========================>...] - ETA: 0s - loss: 534.5748 - accuracy: 0.1141
13/13 [==============================] - 12s 944ms/step - loss: 494.4333 - accuracy: 0.1125 - val_loss: 17.7799 - val_accuracy: 0.1437
Epoch 2/20

 1/13 [=>............................] - ETA: 4s - loss: 9.7291 - accuracy: 0.1875
 2/13 [===>..........................] - ETA: 3s - loss: 6.9284 - accuracy: 0.2031
 3/13 [=====>........................] - ETA: 3s - loss: 5.5304 - accuracy: 0.1771
 4/13 [========>.....................] - ETA: 2s - loss: 4.7706 - accuracy: 0.1719
 5/13 [==========>...................] - ETA: 2s - loss: 4.4677 - accuracy: 0.1437
 6/13 [============>.................] - ETA: 2s - loss: 4.1759 - accuracy: 0.1406
 7/13 [===============>..............] - ETA: 1s - loss: 4.1224 - accuracy: 0.1384
 8/13 [=================>............] - ETA: 1s - loss: 4.0315 - accuracy: 0.1406
 9/13 [===================>..........] - ETA: 1s - loss: 3.9205 - accuracy: 0.1319
10/13 [======================>.......] - ETA: 0s - loss: 4.0035 - accuracy: 0.1344
11/13 [========================>.....] - ETA: 0s - loss: 4.3125 - accuracy: 0.1392
12/13 [==========================>...] - ETA: 0s - loss: 4.1571 - accuracy: 0.1432
13/13 [==============================] - 6s 495ms/step - loss: 4.0650 - accuracy: 0.1490 - val_loss: 2.2134 - val_accuracy: 0.1524
Epoch 3/20

 1/13 [=>............................] - ETA: 3s - loss: 2.0122 - accuracy: 0.2500
 2/13 [===>..........................] - ETA: 3s - loss: 1.9590 - accuracy: 0.2031
 3/13 [=====>........................] - ETA: 3s - loss: 2.0293 - accuracy: 0.1875
 4/13 [========>.....................] - ETA: 2s - loss: 2.0825 - accuracy: 0.1797
 5/13 [==========>...................] - ETA: 2s - loss: 2.0616 - accuracy: 0.2125
 6/13 [============>.................] - ETA: 2s - loss: 2.0679 - accuracy: 0.1875
 7/13 [===============>..............] - ETA: 1s - loss: 2.0387 - accuracy: 0.1920
 8/13 [=================>............] - ETA: 1s - loss: 1.9859 - accuracy: 0.2188
 9/13 [===================>..........] - ETA: 1s - loss: 1.9800 - accuracy: 0.2222
10/13 [======================>.......] - ETA: 0s - loss: 1.9653 - accuracy: 0.2375
11/13 [========================>.....] - ETA: 0s - loss: 1.9470 - accuracy: 0.2386
12/13 [==========================>...] - ETA: 0s - loss: 1.9543 - accuracy: 0.2370
13/13 [==============================] - 6s 496ms/step - loss: 1.9788 - accuracy: 0.2332 - val_loss: 1.9019 - val_accuracy: 0.1772
Epoch 4/20

 1/13 [=>............................] - ETA: 4s - loss: 2.2564 - accuracy: 0.0625
 2/13 [===>..........................] - ETA: 3s - loss: 2.0652 - accuracy: 0.1406
 3/13 [=====>........................] - ETA: 3s - loss: 2.0340 - accuracy: 0.1667
 4/13 [========>.....................] - ETA: 2s - loss: 2.0567 - accuracy: 0.1719
 5/13 [==========>...................] - ETA: 2s - loss: 1.9818 - accuracy: 0.2125
 6/13 [============>.................] - ETA: 2s - loss: 1.9503 - accuracy: 0.2188
 7/13 [===============>..............] - ETA: 1s - loss: 1.9391 - accuracy: 0.2188
 8/13 [=================>............] - ETA: 1s - loss: 1.9417 - accuracy: 0.2070
 9/13 [===================>..........] - ETA: 1s - loss: 1.9392 - accuracy: 0.2083
10/13 [======================>.......] - ETA: 0s - loss: 1.9295 - accuracy: 0.2188
11/13 [========================>.....] - ETA: 0s - loss: 1.9071 - accuracy: 0.2273
12/13 [==========================>...] - ETA: 0s - loss: 1.8981 - accuracy: 0.2318
13/13 [==============================] - 6s 485ms/step - loss: 1.9396 - accuracy: 0.2284 - val_loss: 2.0669 - val_accuracy: 0.2032
Epoch 5/20

 1/13 [=>............................] - ETA: 3s - loss: 1.9101 - accuracy: 0.1250
 2/13 [===>..........................] - ETA: 3s - loss: 2.0447 - accuracy: 0.1250
 3/13 [=====>........................] - ETA: 3s - loss: 2.0230 - accuracy: 0.1354
 4/13 [========>.....................] - ETA: 2s - loss: 1.9701 - accuracy: 0.1719
 5/13 [==========>...................] - ETA: 2s - loss: 1.9514 - accuracy: 0.1813
 6/13 [============>.................] - ETA: 2s - loss: 1.9231 - accuracy: 0.1823
 7/13 [===============>..............] - ETA: 1s - loss: 1.9000 - accuracy: 0.1920
 8/13 [=================>............] - ETA: 1s - loss: 1.8471 - accuracy: 0.2148
 9/13 [===================>..........] - ETA: 1s - loss: 1.8002 - accuracy: 0.2361
10/13 [======================>.......] - ETA: 0s - loss: 1.7787 - accuracy: 0.2438
11/13 [========================>.....] - ETA: 0s - loss: 1.8034 - accuracy: 0.2386
12/13 [==========================>...] - ETA: 0s - loss: 1.7896 - accuracy: 0.2474
13/13 [==============================] - 6s 496ms/step - loss: 1.8559 - accuracy: 0.2428 - val_loss: 1.9571 - val_accuracy: 0.2045
Epoch 6/20

 1/13 [=>............................] - ETA: 4s - loss: 2.0768 - accuracy: 0.2812
 2/13 [===>..........................] - ETA: 3s - loss: 1.9853 - accuracy: 0.2656
 3/13 [=====>........................] - ETA: 3s - loss: 1.9283 - accuracy: 0.2812
 4/13 [========>.....................] - ETA: 2s - loss: 1.8570 - accuracy: 0.2891
 5/13 [==========>...................] - ETA: 2s - loss: 1.8620 - accuracy: 0.2750
 6/13 [============>.................] - ETA: 2s - loss: 1.8281 - accuracy: 0.2865
 7/13 [===============>..............] - ETA: 1s - loss: 1.8316 - accuracy: 0.2812
 8/13 [=================>............] - ETA: 1s - loss: 1.8638 - accuracy: 0.2773
 9/13 [===================>..........] - ETA: 1s - loss: 1.8298 - accuracy: 0.2847
10/13 [======================>.......] - ETA: 0s - loss: 1.8411 - accuracy: 0.2781
11/13 [========================>.....] - ETA: 0s - loss: 1.8563 - accuracy: 0.2756
12/13 [==========================>...] - ETA: 0s - loss: 1.8333 - accuracy: 0.2760
13/13 [==============================] - 6s 498ms/step - loss: 1.8203 - accuracy: 0.2812 - val_loss: 1.4504 - val_accuracy: 0.2887
Epoch 7/20

 1/13 [=>............................] - ETA: 3s - loss: 1.9354 - accuracy: 0.2188
 2/13 [===>..........................] - ETA: 3s - loss: 1.7714 - accuracy: 0.3281
 3/13 [=====>........................] - ETA: 3s - loss: 1.8598 - accuracy: 0.3229
 4/13 [========>.....................] - ETA: 2s - loss: 1.8769 - accuracy: 0.3281
 5/13 [==========>...................] - ETA: 2s - loss: 1.8459 - accuracy: 0.3313
 6/13 [============>.................] - ETA: 2s - loss: 1.7306 - accuracy: 0.3854
 7/13 [===============>..............] - ETA: 1s - loss: 1.7302 - accuracy: 0.3750
 8/13 [=================>............] - ETA: 1s - loss: 1.7057 - accuracy: 0.3867
 9/13 [===================>..........] - ETA: 1s - loss: 1.6950 - accuracy: 0.4028
10/13 [======================>.......] - ETA: 0s - loss: 1.6844 - accuracy: 0.4000
11/13 [========================>.....] - ETA: 0s - loss: 1.6690 - accuracy: 0.3977
12/13 [==========================>...] - ETA: 0s - loss: 1.6910 - accuracy: 0.3828
13/13 [==============================] - 7s 509ms/step - loss: 1.7120 - accuracy: 0.3774 - val_loss: 1.9954 - val_accuracy: 0.2813
Epoch 8/20

 1/13 [=>............................] - ETA: 4s - loss: 1.7421 - accuracy: 0.3125
 2/13 [===>..........................] - ETA: 3s - loss: 1.5907 - accuracy: 0.4062
 3/13 [=====>........................] - ETA: 3s - loss: 1.5778 - accuracy: 0.3854
 4/13 [========>.....................] - ETA: 3s - loss: 1.6895 - accuracy: 0.3594
 5/13 [==========>...................] - ETA: 2s - loss: 1.8370 - accuracy: 0.3063
 6/13 [============>.................] - ETA: 2s - loss: 1.8037 - accuracy: 0.3073
 7/13 [===============>..............] - ETA: 1s - loss: 1.7430 - accuracy: 0.3348
 8/13 [=================>............] - ETA: 1s - loss: 1.7420 - accuracy: 0.3242
 9/13 [===================>..........] - ETA: 1s - loss: 1.7298 - accuracy: 0.3368
10/13 [======================>.......] - ETA: 0s - loss: 1.7420 - accuracy: 0.3450
11/13 [========================>.....] - ETA: 0s - loss: 1.7584 - accuracy: 0.3333
12/13 [==========================>...] - ETA: 0s - loss: 1.7728 - accuracy: 0.3289
13/13 [==============================] - 6s 493ms/step - loss: 1.8043 - accuracy: 0.3178 - val_loss: 1.7166 - val_accuracy: 0.3036
Epoch 9/20

 1/13 [=>............................] - ETA: 3s - loss: 1.8471 - accuracy: 0.2500
 2/13 [===>..........................] - ETA: 3s - loss: 1.5813 - accuracy: 0.4062
 3/13 [=====>........................] - ETA: 3s - loss: 1.5637 - accuracy: 0.4271
 4/13 [========>.....................] - ETA: 2s - loss: 1.5267 - accuracy: 0.4297
 5/13 [==========>...................] - ETA: 2s - loss: 1.6106 - accuracy: 0.4062
 6/13 [============>.................] - ETA: 2s - loss: 1.5902 - accuracy: 0.4062
 7/13 [===============>..............] - ETA: 1s - loss: 1.5473 - accuracy: 0.4196
 8/13 [=================>............] - ETA: 1s - loss: 1.6126 - accuracy: 0.4023
 9/13 [===================>..........] - ETA: 1s - loss: 1.7233 - accuracy: 0.3819
10/13 [======================>.......] - ETA: 0s - loss: 1.6966 - accuracy: 0.3844
11/13 [========================>.....] - ETA: 0s - loss: 1.6692 - accuracy: 0.3892
12/13 [==========================>...] - ETA: 0s - loss: 1.6674 - accuracy: 0.3906
13/13 [==============================] - 7s 502ms/step - loss: 1.6473 - accuracy: 0.3990 - val_loss: 1.3970 - val_accuracy: 0.4486
Epoch 10/20

 1/13 [=>............................] - ETA: 3s - loss: 1.2269 - accuracy: 0.5938
 2/13 [===>..........................] - ETA: 3s - loss: 1.3980 - accuracy: 0.5000
 3/13 [=====>........................] - ETA: 3s - loss: 1.3611 - accuracy: 0.4792
 4/13 [========>.....................] - ETA: 2s - loss: 1.3521 - accuracy: 0.4922
 5/13 [==========>...................] - ETA: 2s - loss: 1.4110 - accuracy: 0.4750
 6/13 [============>.................] - ETA: 2s - loss: 1.5497 - accuracy: 0.4219
 7/13 [===============>..............] - ETA: 1s - loss: 1.6468 - accuracy: 0.4152
 8/13 [=================>............] - ETA: 1s - loss: 1.6484 - accuracy: 0.4180
 9/13 [===================>..........] - ETA: 1s - loss: 1.7027 - accuracy: 0.4028
10/13 [======================>.......] - ETA: 0s - loss: 1.7432 - accuracy: 0.3906
11/13 [========================>.....] - ETA: 0s - loss: 1.7106 - accuracy: 0.3949
12/13 [==========================>...] - ETA: 0s - loss: 1.7271 - accuracy: 0.4036
13/13 [==============================] - 7s 503ms/step - loss: 1.7682 - accuracy: 0.3846 - val_loss: 1.8292 - val_accuracy: 0.4213
Epoch 11/20

 1/13 [=>............................] - ETA: 3s - loss: 1.5724 - accuracy: 0.3750
 2/13 [===>..........................] - ETA: 3s - loss: 1.6638 - accuracy: 0.3281
 3/13 [=====>........................] - ETA: 3s - loss: 1.7571 - accuracy: 0.3125
 4/13 [========>.....................] - ETA: 2s - loss: 1.5941 - accuracy: 0.3750
 5/13 [==========>...................] - ETA: 2s - loss: 1.5405 - accuracy: 0.4000
 6/13 [============>.................] - ETA: 2s - loss: 1.5248 - accuracy: 0.4219
 7/13 [===============>..............] - ETA: 1s - loss: 1.4920 - accuracy: 0.4286
 8/13 [=================>............] - ETA: 1s - loss: 1.4550 - accuracy: 0.4453
 9/13 [===================>..........] - ETA: 1s - loss: 1.4287 - accuracy: 0.4444
10/13 [======================>.......] - ETA: 0s - loss: 1.4048 - accuracy: 0.4594
11/13 [========================>.....] - ETA: 0s - loss: 1.4015 - accuracy: 0.4688
12/13 [==========================>...] - ETA: 0s - loss: 1.4804 - accuracy: 0.4479
13/13 [==============================] - 7s 501ms/step - loss: 1.7106 - accuracy: 0.4375 - val_loss: 1.8786 - val_accuracy: 0.2491
