input_1 False
block1_conv1 True
block1_conv2 True
block1_pool True
block2_conv1 True
block2_conv2 True
block2_pool True
block3_conv1 True
block3_conv2 True
block3_conv3 True
block3_pool True
block4_conv1 True
block4_conv2 True
block4_conv3 True
block4_pool True
block5_conv1 True
block5_conv2 True
block5_conv3 True
block5_pool True
flatten True
fc1 True
fc2 True
predictions True
Found 1881 images belonging to 8 classes.
Found 807 images belonging to 8 classes.
Found 807 images belonging to 8 classes.
Epoch 1/20

 1/13 [=>............................] - ETA: 54s - loss: 3.0677 - accuracy: 0.1562
 2/13 [===>..........................] - ETA: 26s - loss: 415.0637 - accuracy: 0.1094
 3/13 [=====>........................] - ETA: 17s - loss: 891.2364 - accuracy: 0.1667
 4/13 [========>.....................] - ETA: 12s - loss: 671.6706 - accuracy: 0.1641
 5/13 [==========>...................] - ETA: 9s - loss: 538.6755 - accuracy: 0.1312 
 6/13 [============>.................] - ETA: 7s - loss: 462.4913 - accuracy: 0.1250
 7/13 [===============>..............] - ETA: 5s - loss: 397.2085 - accuracy: 0.1161
 8/13 [=================>............] - ETA: 4s - loss: 348.7560 - accuracy: 0.1172
 9/13 [===================>..........] - ETA: 3s - loss: 310.7884 - accuracy: 0.1250
10/13 [======================>.......] - ETA: 2s - loss: 280.2608 - accuracy: 0.1281
11/13 [========================>.....] - ETA: 1s - loss: 255.3791 - accuracy: 0.1222
12/13 [==========================>...] - ETA: 0s - loss: 234.7059 - accuracy: 0.1276
13/13 [==============================] - 11s 839ms/step - loss: 217.2076 - accuracy: 0.1274 - val_loss: 8.2420 - val_accuracy: 0.1165
Epoch 2/20

 1/13 [=>............................] - ETA: 4s - loss: 9.2446 - accuracy: 0.1250
 2/13 [===>..........................] - ETA: 3s - loss: 15.9900 - accuracy: 0.1094
 3/13 [=====>........................] - ETA: 3s - loss: 14.1058 - accuracy: 0.1354
 4/13 [========>.....................] - ETA: 2s - loss: 11.7985 - accuracy: 0.1484
 5/13 [==========>...................] - ETA: 2s - loss: 10.6400 - accuracy: 0.1562
 6/13 [============>.................] - ETA: 2s - loss: 9.6290 - accuracy: 0.1406 
 7/13 [===============>..............] - ETA: 1s - loss: 9.8830 - accuracy: 0.1250
 8/13 [=================>............] - ETA: 1s - loss: 9.3563 - accuracy: 0.1172
 9/13 [===================>..........] - ETA: 1s - loss: 9.4658 - accuracy: 0.1042
10/13 [======================>.......] - ETA: 0s - loss: 8.9333 - accuracy: 0.1125
11/13 [========================>.....] - ETA: 0s - loss: 8.3792 - accuracy: 0.1165
12/13 [==========================>...] - ETA: 0s - loss: 7.8915 - accuracy: 0.1094
13/13 [==============================] - 7s 503ms/step - loss: 7.4588 - accuracy: 0.1202 - val_loss: 2.8549 - val_accuracy: 0.1722
Epoch 3/20

 1/13 [=>............................] - ETA: 3s - loss: 2.4243 - accuracy: 0.1875
 2/13 [===>..........................] - ETA: 3s - loss: 2.5021 - accuracy: 0.1406
 3/13 [=====>........................] - ETA: 3s - loss: 2.4430 - accuracy: 0.1771
 4/13 [========>.....................] - ETA: 2s - loss: 2.3689 - accuracy: 0.1797
 5/13 [==========>...................] - ETA: 2s - loss: 2.3281 - accuracy: 0.1813
 6/13 [============>.................] - ETA: 2s - loss: 2.2980 - accuracy: 0.2031
 7/13 [===============>..............] - ETA: 1s - loss: 2.2841 - accuracy: 0.1920
 8/13 [=================>............] - ETA: 1s - loss: 2.2648 - accuracy: 0.1836
 9/13 [===================>..........] - ETA: 1s - loss: 2.2606 - accuracy: 0.1840
10/13 [======================>.......] - ETA: 0s - loss: 2.2562 - accuracy: 0.1813
11/13 [========================>.....] - ETA: 0s - loss: 2.2839 - accuracy: 0.1790
12/13 [==========================>...] - ETA: 0s - loss: 2.2677 - accuracy: 0.1745
13/13 [==============================] - 6s 492ms/step - loss: 2.2554 - accuracy: 0.1851 - val_loss: 2.1458 - val_accuracy: 0.2230
Epoch 4/20

 1/13 [=>............................] - ETA: 3s - loss: 1.8499 - accuracy: 0.1562
 2/13 [===>..........................] - ETA: 3s - loss: 1.9228 - accuracy: 0.1562
 3/13 [=====>........................] - ETA: 3s - loss: 1.9736 - accuracy: 0.1875
 4/13 [========>.....................] - ETA: 2s - loss: 1.9401 - accuracy: 0.2344
 5/13 [==========>...................] - ETA: 2s - loss: 1.9196 - accuracy: 0.2375
 6/13 [============>.................] - ETA: 2s - loss: 1.9662 - accuracy: 0.2344
 7/13 [===============>..............] - ETA: 1s - loss: 2.0222 - accuracy: 0.2232
 8/13 [=================>............] - ETA: 1s - loss: 2.0147 - accuracy: 0.2305
 9/13 [===================>..........] - ETA: 1s - loss: 2.0225 - accuracy: 0.2384
10/13 [======================>.......] - ETA: 1s - loss: 2.0325 - accuracy: 0.2428
11/13 [========================>.....] - ETA: 0s - loss: 2.0208 - accuracy: 0.2464
12/13 [==========================>...] - ETA: 0s - loss: 2.1399 - accuracy: 0.2361
13/13 [==============================] - 8s 604ms/step - loss: 2.1705 - accuracy: 0.2298 - val_loss: 3.5284 - val_accuracy: 0.1747
Epoch 5/20

 1/13 [=>............................] - ETA: 3s - loss: 3.3482 - accuracy: 0.1250
 2/13 [===>..........................] - ETA: 3s - loss: 2.8932 - accuracy: 0.1719
 3/13 [=====>........................] - ETA: 3s - loss: 2.7577 - accuracy: 0.1667
 4/13 [========>.....................] - ETA: 2s - loss: 2.5404 - accuracy: 0.2031
 5/13 [==========>...................] - ETA: 2s - loss: 2.4090 - accuracy: 0.2062
 6/13 [============>.................] - ETA: 2s - loss: 2.4643 - accuracy: 0.2083
 7/13 [===============>..............] - ETA: 1s - loss: 2.5082 - accuracy: 0.2188
 8/13 [=================>............] - ETA: 1s - loss: 2.4529 - accuracy: 0.2031
 9/13 [===================>..........] - ETA: 1s - loss: 2.3719 - accuracy: 0.2188
10/13 [======================>.......] - ETA: 0s - loss: 2.3501 - accuracy: 0.2219
11/13 [========================>.....] - ETA: 0s - loss: 2.3045 - accuracy: 0.2273
12/13 [==========================>...] - ETA: 0s - loss: 2.2707 - accuracy: 0.2474
13/13 [==============================] - 6s 490ms/step - loss: 2.2391 - accuracy: 0.2476 - val_loss: 2.4143 - val_accuracy: 0.2491
Epoch 6/20

 1/13 [=>............................] - ETA: 4s - loss: 1.8043 - accuracy: 0.3125
 2/13 [===>..........................] - ETA: 3s - loss: 1.8307 - accuracy: 0.2656
 3/13 [=====>........................] - ETA: 3s - loss: 1.7213 - accuracy: 0.2917
 4/13 [========>.....................] - ETA: 2s - loss: 1.7545 - accuracy: 0.2969
 5/13 [==========>...................] - ETA: 2s - loss: 1.7143 - accuracy: 0.3000
 6/13 [============>.................] - ETA: 2s - loss: 1.7577 - accuracy: 0.2812
 7/13 [===============>..............] - ETA: 1s - loss: 1.7209 - accuracy: 0.3080
 8/13 [=================>............] - ETA: 1s - loss: 1.7511 - accuracy: 0.3086
 9/13 [===================>..........] - ETA: 1s - loss: 1.7455 - accuracy: 0.3299
10/13 [======================>.......] - ETA: 0s - loss: 1.7401 - accuracy: 0.3250
11/13 [========================>.....] - ETA: 0s - loss: 1.7405 - accuracy: 0.3153
12/13 [==========================>...] - ETA: 0s - loss: 1.7399 - accuracy: 0.3203
13/13 [==============================] - 6s 493ms/step - loss: 1.7408 - accuracy: 0.3317 - val_loss: 1.9121 - val_accuracy: 0.3147
Epoch 7/20

 1/13 [=>............................] - ETA: 3s - loss: 1.9947 - accuracy: 0.3438
 2/13 [===>..........................] - ETA: 3s - loss: 2.2177 - accuracy: 0.3438
 3/13 [=====>........................] - ETA: 3s - loss: 2.1137 - accuracy: 0.3750
 4/13 [========>.....................] - ETA: 2s - loss: 2.0750 - accuracy: 0.3281
 5/13 [==========>...................] - ETA: 2s - loss: 2.0485 - accuracy: 0.3125
 6/13 [============>.................] - ETA: 2s - loss: 1.9658 - accuracy: 0.3333
 7/13 [===============>..............] - ETA: 1s - loss: 2.0167 - accuracy: 0.3214
 8/13 [=================>............] - ETA: 1s - loss: 1.9544 - accuracy: 0.3398
 9/13 [===================>..........] - ETA: 1s - loss: 1.9320 - accuracy: 0.3238
10/13 [======================>.......] - ETA: 0s - loss: 1.9129 - accuracy: 0.3291
11/13 [========================>.....] - ETA: 0s - loss: 2.0268 - accuracy: 0.3275
12/13 [==========================>...] - ETA: 0s - loss: 2.1047 - accuracy: 0.3130
13/13 [==============================] - 6s 483ms/step - loss: 2.1338 - accuracy: 0.3056 - val_loss: 2.1506 - val_accuracy: 0.2206
Epoch 8/20

 1/13 [=>............................] - ETA: 3s - loss: 2.0520 - accuracy: 0.2500
 2/13 [===>..........................] - ETA: 3s - loss: 2.1269 - accuracy: 0.1719
 3/13 [=====>........................] - ETA: 3s - loss: 2.0266 - accuracy: 0.2396
 4/13 [========>.....................] - ETA: 2s - loss: 2.2245 - accuracy: 0.1875
 5/13 [==========>...................] - ETA: 2s - loss: 2.2067 - accuracy: 0.1688
 6/13 [============>.................] - ETA: 2s - loss: 2.1886 - accuracy: 0.1875
 7/13 [===============>..............] - ETA: 1s - loss: 2.1593 - accuracy: 0.1964
 8/13 [=================>............] - ETA: 1s - loss: 2.0984 - accuracy: 0.2227
 9/13 [===================>..........] - ETA: 1s - loss: 2.0901 - accuracy: 0.2326
10/13 [======================>.......] - ETA: 0s - loss: 2.0529 - accuracy: 0.2438
11/13 [========================>.....] - ETA: 0s - loss: 1.9871 - accuracy: 0.2784
12/13 [==========================>...] - ETA: 0s - loss: 1.9654 - accuracy: 0.2786
13/13 [==============================] - 6s 476ms/step - loss: 1.9422 - accuracy: 0.2885 - val_loss: 0.9916 - val_accuracy: 0.4622
Epoch 9/20

 1/13 [=>............................] - ETA: 3s - loss: 1.3935 - accuracy: 0.5312
 2/13 [===>..........................] - ETA: 3s - loss: 1.4704 - accuracy: 0.4688
 3/13 [=====>........................] - ETA: 3s - loss: 1.5495 - accuracy: 0.4479
 4/13 [========>.....................] - ETA: 2s - loss: 1.7133 - accuracy: 0.3984
 5/13 [==========>...................] - ETA: 2s - loss: 1.7125 - accuracy: 0.4062
 6/13 [============>.................] - ETA: 2s - loss: 1.7104 - accuracy: 0.3802
 7/13 [===============>..............] - ETA: 1s - loss: 1.6580 - accuracy: 0.3929
 8/13 [=================>............] - ETA: 1s - loss: 1.6674 - accuracy: 0.3789
 9/13 [===================>..........] - ETA: 1s - loss: 1.6759 - accuracy: 0.3819
10/13 [======================>.......] - ETA: 0s - loss: 1.6396 - accuracy: 0.4000
11/13 [========================>.....] - ETA: 0s - loss: 1.6416 - accuracy: 0.4062
12/13 [==========================>...] - ETA: 0s - loss: 1.5990 - accuracy: 0.4193
13/13 [==============================] - 7s 503ms/step - loss: 1.5810 - accuracy: 0.4159 - val_loss: 2.1256 - val_accuracy: 0.5006
Epoch 10/20

 1/13 [=>............................] - ETA: 3s - loss: 1.1366 - accuracy: 0.5938
 2/13 [===>..........................] - ETA: 3s - loss: 1.1741 - accuracy: 0.5625
 3/13 [=====>........................] - ETA: 3s - loss: 1.6919 - accuracy: 0.4167
 4/13 [========>.....................] - ETA: 2s - loss: 1.7205 - accuracy: 0.4141
 5/13 [==========>...................] - ETA: 2s - loss: 1.7908 - accuracy: 0.3938
 6/13 [============>.................] - ETA: 2s - loss: 1.8001 - accuracy: 0.3854
 7/13 [===============>..............] - ETA: 1s - loss: 1.8982 - accuracy: 0.3839
 8/13 [=================>............] - ETA: 1s - loss: 1.8758 - accuracy: 0.3867
 9/13 [===================>..........] - ETA: 1s - loss: 1.8183 - accuracy: 0.4062
10/13 [======================>.......] - ETA: 0s - loss: 1.7917 - accuracy: 0.4125
11/13 [========================>.....] - ETA: 0s - loss: 1.8206 - accuracy: 0.4006
12/13 [==========================>...] - ETA: 0s - loss: 1.7619 - accuracy: 0.4141
13/13 [==============================] - 6s 489ms/step - loss: 1.7453 - accuracy: 0.4207 - val_loss: 1.9342 - val_accuracy: 0.4126
Epoch 11/20

 1/13 [=>............................] - ETA: 3s - loss: 1.6050 - accuracy: 0.2812
 2/13 [===>..........................] - ETA: 3s - loss: 1.6797 - accuracy: 0.3438
 3/13 [=====>........................] - ETA: 3s - loss: 1.5948 - accuracy: 0.3542
 4/13 [========>.....................] - ETA: 2s - loss: 1.5229 - accuracy: 0.3906
 5/13 [==========>...................] - ETA: 2s - loss: 1.4554 - accuracy: 0.4000
 6/13 [============>.................] - ETA: 2s - loss: 1.4246 - accuracy: 0.4219
 7/13 [===============>..............] - ETA: 1s - loss: 1.4805 - accuracy: 0.4107
 8/13 [=================>............] - ETA: 1s - loss: 1.4679 - accuracy: 0.4219
 9/13 [===================>..........] - ETA: 1s - loss: 1.4515 - accuracy: 0.4375
10/13 [======================>.......] - ETA: 0s - loss: 1.4815 - accuracy: 0.4469
11/13 [========================>.....] - ETA: 0s - loss: 1.4552 - accuracy: 0.4517
12/13 [==========================>...] - ETA: 0s - loss: 1.4734 - accuracy: 0.4531
13/13 [==============================] - 7s 503ms/step - loss: 1.5235 - accuracy: 0.4399 - val_loss: 1.1450 - val_accuracy: 0.3371
Epoch 12/20

 1/13 [=>............................] - ETA: 4s - loss: 1.6884 - accuracy: 0.3438
 2/13 [===>..........................] - ETA: 3s - loss: 1.7422 - accuracy: 0.3281
 3/13 [=====>........................] - ETA: 3s - loss: 1.6370 - accuracy: 0.3750
 4/13 [========>.....................] - ETA: 2s - loss: 1.5798 - accuracy: 0.3828
 5/13 [==========>...................] - ETA: 2s - loss: 1.5552 - accuracy: 0.4000
 6/13 [============>.................] - ETA: 2s - loss: 1.5169 - accuracy: 0.4167
 7/13 [===============>..............] - ETA: 1s - loss: 1.5112 - accuracy: 0.4196
 8/13 [=================>............] - ETA: 1s - loss: 1.5626 - accuracy: 0.4141
 9/13 [===================>..........] - ETA: 1s - loss: 1.6096 - accuracy: 0.4028
10/13 [======================>.......] - ETA: 0s - loss: 1.5983 - accuracy: 0.4094
11/13 [========================>.....] - ETA: 0s - loss: 1.5714 - accuracy: 0.4233
12/13 [==========================>...] - ETA: 0s - loss: 1.5581 - accuracy: 0.4349
13/13 [==============================] - 6s 493ms/step - loss: 1.5609 - accuracy: 0.4351 - val_loss: 1.9296 - val_accuracy: 0.5465
Epoch 13/20

 1/13 [=>............................] - ETA: 4s - loss: 1.5137 - accuracy: 0.5000
 2/13 [===>..........................] - ETA: 3s - loss: 1.8764 - accuracy: 0.3750
 3/13 [=====>........................] - ETA: 3s - loss: 1.7062 - accuracy: 0.4375
 4/13 [========>.....................] - ETA: 2s - loss: 1.6447 - accuracy: 0.4062
 5/13 [==========>...................] - ETA: 2s - loss: 1.5871 - accuracy: 0.4314
 6/13 [============>.................] - ETA: 2s - loss: 1.6331 - accuracy: 0.4216
 7/13 [===============>..............] - ETA: 1s - loss: 1.6916 - accuracy: 0.4240
 8/13 [=================>............] - ETA: 1s - loss: 1.6740 - accuracy: 0.4137
 9/13 [===================>..........] - ETA: 1s - loss: 1.6432 - accuracy: 0.4306
10/13 [======================>.......] - ETA: 0s - loss: 1.6537 - accuracy: 0.4185
11/13 [========================>.....] - ETA: 0s - loss: 1.6634 - accuracy: 0.4145
12/13 [==========================>...] - ETA: 0s - loss: 1.6629 - accuracy: 0.4111
13/13 [==============================] - 6s 495ms/step - loss: 1.6410 - accuracy: 0.4230 - val_loss: 2.0243 - val_accuracy: 0.4820
Epoch 14/20

 1/13 [=>............................] - ETA: 3s - loss: 1.7103 - accuracy: 0.3750
 2/13 [===>..........................] - ETA: 3s - loss: 1.4474 - accuracy: 0.4531
 3/13 [=====>........................] - ETA: 3s - loss: 1.4791 - accuracy: 0.4583
 4/13 [========>.....................] - ETA: 2s - loss: 2.0397 - accuracy: 0.4062
 5/13 [==========>...................] - ETA: 2s - loss: 4.7471 - accuracy: 0.3438
 6/13 [============>.................] - ETA: 2s - loss: 4.3688 - accuracy: 0.3281
 7/13 [===============>..............] - ETA: 1s - loss: 3.9788 - accuracy: 0.3482
 8/13 [=================>............] - ETA: 1s - loss: 3.7762 - accuracy: 0.3359
 9/13 [===================>..........] - ETA: 1s - loss: 3.6075 - accuracy: 0.3264
10/13 [======================>.......] - ETA: 0s - loss: 3.4593 - accuracy: 0.3187
11/13 [========================>.....] - ETA: 0s - loss: 3.2510 - accuracy: 0.3438
12/13 [==========================>...] - ETA: 0s - loss: 3.1292 - accuracy: 0.3516
13/13 [==============================] - 7s 503ms/step - loss: 2.9974 - accuracy: 0.3750 - val_loss: 1.9711 - val_accuracy: 0.4535
Epoch 15/20

 1/13 [=>............................] - ETA: 3s - loss: 0.9057 - accuracy: 0.7812
 2/13 [===>..........................] - ETA: 3s - loss: 1.1782 - accuracy: 0.6094
 3/13 [=====>........................] - ETA: 3s - loss: 1.1896 - accuracy: 0.5729
 4/13 [========>.....................] - ETA: 2s - loss: 1.1467 - accuracy: 0.5938
 5/13 [==========>...................] - ETA: 2s - loss: 1.2665 - accuracy: 0.5562
 6/13 [============>.................] - ETA: 2s - loss: 1.3003 - accuracy: 0.5312
 7/13 [===============>..............] - ETA: 1s - loss: 1.5112 - accuracy: 0.4911
 8/13 [=================>............] - ETA: 1s - loss: 1.5190 - accuracy: 0.4844
 9/13 [===================>..........] - ETA: 1s - loss: 1.5667 - accuracy: 0.4653
10/13 [======================>.......] - ETA: 0s - loss: 1.5696 - accuracy: 0.4531
11/13 [========================>.....] - ETA: 0s - loss: 1.5525 - accuracy: 0.4460
12/13 [==========================>...] - ETA: 0s - loss: 1.5406 - accuracy: 0.4505
13/13 [==============================] - 6s 499ms/step - loss: 1.5285 - accuracy: 0.4567 - val_loss: 1.3497 - val_accuracy: 0.5105
Epoch 16/20

 1/13 [=>............................] - ETA: 3s - loss: 0.8492 - accuracy: 0.7188
 2/13 [===>..........................] - ETA: 3s - loss: 1.0599 - accuracy: 0.6250
 3/13 [=====>........................] - ETA: 3s - loss: 1.1689 - accuracy: 0.5938
 4/13 [========>.....................] - ETA: 2s - loss: 1.2819 - accuracy: 0.5625
 5/13 [==========>...................] - ETA: 2s - loss: 1.3206 - accuracy: 0.5312
 6/13 [============>.................] - ETA: 2s - loss: 1.3181 - accuracy: 0.5208
 7/13 [===============>..............] - ETA: 1s - loss: 1.3682 - accuracy: 0.5134
 8/13 [=================>............] - ETA: 1s - loss: 1.3537 - accuracy: 0.4961
 9/13 [===================>..........] - ETA: 1s - loss: 1.3367 - accuracy: 0.4965
10/13 [======================>.......] - ETA: 0s - loss: 1.3265 - accuracy: 0.5000
11/13 [========================>.....] - ETA: 0s - loss: 1.3337 - accuracy: 0.4915
12/13 [==========================>...] - ETA: 0s - loss: 1.3818 - accuracy: 0.4844
13/13 [==============================] - 7s 505ms/step - loss: 1.4203 - accuracy: 0.4736 - val_loss: 1.4539 - val_accuracy: 0.4634
Epoch 17/20

 1/13 [=>............................] - ETA: 4s - loss: 1.6113 - accuracy: 0.4688
 2/13 [===>..........................] - ETA: 3s - loss: 1.7121 - accuracy: 0.4062
 3/13 [=====>........................] - ETA: 3s - loss: 1.5536 - accuracy: 0.4375
 4/13 [========>.....................] - ETA: 2s - loss: 1.4459 - accuracy: 0.4766
 5/13 [==========>...................] - ETA: 2s - loss: 1.4366 - accuracy: 0.4938
 6/13 [============>.................] - ETA: 2s - loss: 1.4758 - accuracy: 0.4896
 7/13 [===============>..............] - ETA: 1s - loss: 1.4298 - accuracy: 0.5045
 8/13 [=================>............] - ETA: 1s - loss: 1.4016 - accuracy: 0.5078
 9/13 [===================>..........] - ETA: 1s - loss: 1.4171 - accuracy: 0.4896
10/13 [======================>.......] - ETA: 0s - loss: 1.4338 - accuracy: 0.4938
11/13 [========================>.....] - ETA: 0s - loss: 1.4396 - accuracy: 0.4886
12/13 [==========================>...] - ETA: 0s - loss: 1.4251 - accuracy: 0.4974
13/13 [==============================] - 7s 506ms/step - loss: 1.4175 - accuracy: 0.4976 - val_loss: 1.2769 - val_accuracy: 0.5242
Epoch 18/20

 1/13 [=>............................] - ETA: 4s - loss: 1.1868 - accuracy: 0.5312
 2/13 [===>..........................] - ETA: 3s - loss: 1.3990 - accuracy: 0.5000
 3/13 [=====>........................] - ETA: 3s - loss: 1.3754 - accuracy: 0.5000
 4/13 [========>.....................] - ETA: 3s - loss: 1.3322 - accuracy: 0.5312
 5/13 [==========>...................] - ETA: 2s - loss: 1.4084 - accuracy: 0.5098
 6/13 [============>.................] - ETA: 2s - loss: 1.3484 - accuracy: 0.5351
 7/13 [===============>..............] - ETA: 1s - loss: 1.3013 - accuracy: 0.5438
 8/13 [=================>............] - ETA: 1s - loss: 1.3080 - accuracy: 0.5382
 9/13 [===================>..........] - ETA: 1s - loss: 1.3500 - accuracy: 0.5267
10/13 [======================>.......] - ETA: 0s - loss: 1.3436 - accuracy: 0.5367
11/13 [========================>.....] - ETA: 0s - loss: 1.4042 - accuracy: 0.5014
12/13 [==========================>...] - ETA: 0s - loss: 1.3916 - accuracy: 0.5040
13/13 [==============================] - 7s 501ms/step - loss: 1.3915 - accuracy: 0.5061 - val_loss: 2.2038 - val_accuracy: 0.5242
Epoch 19/20

 1/13 [=>............................] - ETA: 4s - loss: 1.2054 - accuracy: 0.6562
 2/13 [===>..........................] - ETA: 3s - loss: 1.1265 - accuracy: 0.6562
 3/13 [=====>........................] - ETA: 3s - loss: 1.1439 - accuracy: 0.6250
 4/13 [========>.....................] - ETA: 2s - loss: 1.2584 - accuracy: 0.5781
 5/13 [==========>...................] - ETA: 2s - loss: 1.4266 - accuracy: 0.5312
 6/13 [============>.................] - ETA: 2s - loss: 1.5105 - accuracy: 0.5052
 7/13 [===============>..............] - ETA: 1s - loss: 1.5120 - accuracy: 0.5045
 8/13 [=================>............] - ETA: 1s - loss: 1.4889 - accuracy: 0.5039
 9/13 [===================>..........] - ETA: 1s - loss: 1.5290 - accuracy: 0.4861
10/13 [======================>.......] - ETA: 0s - loss: 1.5667 - accuracy: 0.4875
11/13 [========================>.....] - ETA: 0s - loss: 1.5439 - accuracy: 0.4943
12/13 [==========================>...] - ETA: 0s - loss: 1.4866 - accuracy: 0.5182
13/13 [==============================] - 6s 500ms/step - loss: 1.4824 - accuracy: 0.5144 - val_loss: 1.4836 - val_accuracy: 0.4820
Epoch 20/20

 1/13 [=>............................] - ETA: 4s - loss: 1.7218 - accuracy: 0.3125
 2/13 [===>..........................] - ETA: 3s - loss: 1.4921 - accuracy: 0.4219
 3/13 [=====>........................] - ETA: 3s - loss: 1.3003 - accuracy: 0.5104
 4/13 [========>.....................] - ETA: 2s - loss: 1.2996 - accuracy: 0.5391
 5/13 [==========>...................] - ETA: 2s - loss: 1.2830 - accuracy: 0.5188
 6/13 [============>.................] - ETA: 2s - loss: 1.3146 - accuracy: 0.5052
 7/13 [===============>..............] - ETA: 1s - loss: 1.3109 - accuracy: 0.4911
 8/13 [=================>............] - ETA: 1s - loss: 1.3609 - accuracy: 0.4844
 9/13 [===================>..........] - ETA: 1s - loss: 1.3778 - accuracy: 0.4861
10/13 [======================>.......] - ETA: 0s - loss: 1.5006 - accuracy: 0.4696
11/13 [========================>.....] - ETA: 0s - loss: 1.5596 - accuracy: 0.4580
12/13 [==========================>...] - ETA: 0s - loss: 1.5512 - accuracy: 0.4615
13/13 [==============================] - 7s 503ms/step - loss: 1.5228 - accuracy: 0.4694 - val_loss: 1.2812 - val_accuracy: 0.5874
[1.400599479675293, 0.5872489809989929]
